
  .   ____          _            __ _ _
 /\\ / ___'_ __ _ _(_)_ __  __ _ \ \ \ \
( ( )\___ | '_ | '_| | '_ \/ _` | \ \ \ \
 \\/  ___)| |_)| | | | | || (_| |  ) ) ) )
  '  |____| .__|_| |_|_| |_\__, | / / / /
 =========|_|==============|___/=/_/_/_/
 :: Spring Boot ::                (v3.2.0)

2026-01-22T09:01:42.989+05:30  INFO 19428 --- [Library] [           main] com.tcs.Library.LibraryApplication       : Starting LibraryApplication v0.0.1-SNAPSHOT using Java 21.0.10 with PID 19428 (C:\Users\kanhiya\OneDrive\Desktop\final-pro\backend\Library-Management-System\target\Library-0.0.1-SNAPSHOT.jar started by kanhiya in C:\Users\kanhiya\OneDrive\Desktop\final-pro\backend\Library-Management-System)
2026-01-22T09:01:42.993+05:30  INFO 19428 --- [Library] [           main] com.tcs.Library.LibraryApplication       : No active profile set, falling back to 1 default profile: "default"
2026-01-22T09:01:44.131+05:30  INFO 19428 --- [Library] [           main] .s.d.r.c.RepositoryConfigurationDelegate : Bootstrapping Spring Data JPA repositories in DEFAULT mode.
2026-01-22T09:01:44.231+05:30  INFO 19428 --- [Library] [           main] .s.d.r.c.RepositoryConfigurationDelegate : Finished Spring Data repository scanning in 91 ms. Found 8 JPA repository interfaces.
2026-01-22T09:01:44.952+05:30  INFO 19428 --- [Library] [           main] o.s.b.w.embedded.tomcat.TomcatWebServer  : Tomcat initialized with port 8080 (http)
2026-01-22T09:01:44.967+05:30  INFO 19428 --- [Library] [           main] o.apache.catalina.core.StandardService   : Starting service [Tomcat]
2026-01-22T09:01:44.967+05:30  INFO 19428 --- [Library] [           main] o.apache.catalina.core.StandardEngine    : Starting Servlet engine: [Apache Tomcat/10.1.16]
2026-01-22T09:01:45.014+05:30  INFO 19428 --- [Library] [           main] o.a.c.c.C.[.[localhost].[/api/v1]        : Initializing Spring embedded WebApplicationContext
2026-01-22T09:01:45.017+05:30  INFO 19428 --- [Library] [           main] w.s.c.ServletWebServerApplicationContext : Root WebApplicationContext: initialization completed in 1926 ms
2026-01-22T09:01:45.050+05:30  INFO 19428 --- [Library] [           main] com.zaxxer.hikari.HikariDataSource       : HikariPool-1 - Starting...
2026-01-22T09:01:45.431+05:30  INFO 19428 --- [Library] [           main] com.zaxxer.hikari.pool.HikariPool        : HikariPool-1 - Added connection conn1: url=jdbc:h2:file:./data/librarydb user=SA
2026-01-22T09:01:45.436+05:30  INFO 19428 --- [Library] [           main] com.zaxxer.hikari.HikariDataSource       : HikariPool-1 - Start completed.
2026-01-22T09:01:45.447+05:30  INFO 19428 --- [Library] [           main] o.s.b.a.h2.H2ConsoleAutoConfiguration    : H2 console available at '/h2-console'. Database available at 'jdbc:h2:file:./data/librarydb'
2026-01-22T09:01:45.575+05:30  INFO 19428 --- [Library] [           main] o.hibernate.jpa.internal.util.LogHelper  : HHH000204: Processing PersistenceUnitInfo [name: default]
2026-01-22T09:01:45.638+05:30  INFO 19428 --- [Library] [           main] org.hibernate.Version                    : HHH000412: Hibernate ORM core version 6.3.1.Final
2026-01-22T09:01:45.686+05:30  INFO 19428 --- [Library] [           main] o.h.c.internal.RegionFactoryInitiator    : HHH000026: Second-level cache disabled
2026-01-22T09:01:45.992+05:30  INFO 19428 --- [Library] [           main] o.s.o.j.p.SpringPersistenceUnitInfo      : No LoadTimeWeaver setup: ignoring JPA class transformer
2026-01-22T09:01:46.049+05:30  WARN 19428 --- [Library] [           main] org.hibernate.orm.deprecation            : HHH90000025: H2Dialect does not need to be specified explicitly using 'hibernate.dialect' (remove the property setting and it will be selected by default)
2026-01-22T09:01:46.917+05:30  INFO 19428 --- [Library] [           main] o.h.e.t.j.p.i.JtaPlatformInitiator       : HHH000489: No JTA platform available (set 'hibernate.transaction.jta.platform' to enable JTA platform integration)
2026-01-22T09:01:46.975+05:30  INFO 19428 --- [Library] [           main] j.LocalContainerEntityManagerFactoryBean : Initialized JPA EntityManagerFactory for persistence unit 'default'
2026-01-22T09:01:47.304+05:30  INFO 19428 --- [Library] [           main] o.s.d.j.r.query.QueryEnhancerFactory     : Hibernate is in classpath; If applicable, HQL parser will be used.
Hibernate: select u1_0.id from users u1_0 where u1_0.email=? fetch first ? rows only
Hibernate: select u1_0.id from users u1_0 where u1_0.email=? fetch first ? rows only
Hibernate: select u1_0.id from users u1_0 where u1_0.email=? fetch first ? rows only
2026-01-22T09:01:48.749+05:30  INFO 19428 --- [Library] [           main] com.tcs.Library.utils.FirstStartData     : System users initialized: 1 Admin, 2 Staff
2026-01-22T09:01:48.767+05:30  WARN 19428 --- [Library] [           main] JpaBaseConfiguration$JpaWebConfiguration : spring.jpa.open-in-view is enabled by default. Therefore, database queries may be performed during view rendering. Explicitly configure spring.jpa.open-in-view to disable this warning
2026-01-22T09:01:49.087+05:30  INFO 19428 --- [Library] [           main] o.s.s.web.DefaultSecurityFilterChain     : Will secure any request with [org.springframework.security.web.session.DisableEncodeUrlFilter@36d476c2, org.springframework.security.web.context.request.async.WebAsyncManagerIntegrationFilter@1c541176, org.springframework.security.web.context.SecurityContextHolderFilter@18681121, org.springframework.security.web.header.HeaderWriterFilter@4f9d220b, org.springframework.web.filter.CorsFilter@768cfd06, org.springframework.security.web.authentication.logout.LogoutFilter@5875480e, com.tcs.Library.filter.JwtAuthenticationFilter@14738629, org.springframework.security.web.savedrequest.RequestCacheAwareFilter@78ffe38, org.springframework.security.web.servletapi.SecurityContextHolderAwareRequestFilter@5cf24f99, org.springframework.security.web.authentication.AnonymousAuthenticationFilter@37b6dedf, org.springframework.security.web.session.SessionManagementFilter@5b4f77e1, org.springframework.security.web.access.ExceptionTranslationFilter@6586b4e3, org.springframework.security.web.access.intercept.AuthorizationFilter@113773b5]
2026-01-22T09:01:49.320+05:30  WARN 19428 --- [Library] [           main] ConfigServletWebServerApplicationContext : Exception encountered during context initialization - cancelling refresh attempt: org.springframework.beans.factory.BeanCreationException: Error creating bean with name 'dataSourceScriptDatabaseInitializer' defined in class path resource [org/springframework/boot/autoconfigure/sql/init/DataSourceInitializationConfiguration.class]: Failed to execute SQL script statement #80 of URL [jar:nested:/C:/Users/kanhiya/OneDrive/Desktop/final-pro/backend/Library-Management-System/target/Library-0.0.1-SNAPSHOT.jar/!BOOT-INF/classes/!/data.sql]: INSERT INTO complaints (version, complaint_id, user_id, subject, description, category, status, assigned_staff_id, staff_response, assigned_admin_id, created_at, assigned_at, updated_at, first_staff_rejected, second_staff_rejected) SELECT 0, 'CMP-004', u.id, 'Rude behavior by librarian', 'The librarian was very rude when I asked for a book.', 'STAFF_BEHAVIOR', 'ESCALATED_TO_ADMIN', s.id, 'User was shouting, I just asked him to be quiet.', a.id, DATEADD('DAY', -10, CURRENT_TIMESTAMP), DATEADD('DAY', -9, CURRENT_TIMESTAMP), CURRENT_TIMESTAMP, true, false FROM users u, users s, users a WHERE u.email = 'bob.wilson@email.com' AND s.email = 'staff@library.com' AND a.email = 'admin@library.com' AND NOT EXISTS (SELECT 1 FROM complaints WHERE complaint_id = 'CMP-004')
2026-01-22T09:01:49.322+05:30  INFO 19428 --- [Library] [           main] j.LocalContainerEntityManagerFactoryBean : Closing JPA EntityManagerFactory for persistence unit 'default'
2026-01-22T09:01:49.324+05:30  INFO 19428 --- [Library] [           main] com.zaxxer.hikari.HikariDataSource       : HikariPool-1 - Shutdown initiated...
2026-01-22T09:01:49.527+05:30  INFO 19428 --- [Library] [           main] com.zaxxer.hikari.HikariDataSource       : HikariPool-1 - Shutdown completed.
2026-01-22T09:01:49.527+05:30  INFO 19428 --- [Library] [           main] o.apache.catalina.core.StandardService   : Stopping service [Tomcat]
2026-01-22T09:01:49.541+05:30  INFO 19428 --- [Library] [           main] .s.b.a.l.ConditionEvaluationReportLogger : 

Error starting ApplicationContext. To display the condition evaluation report re-run your application with 'debug' enabled.
2026-01-22T09:01:49.558+05:30 ERROR 19428 --- [Library] [           main] o.s.boot.SpringApplication               : Application run failed

org.springframework.beans.factory.BeanCreationException: Error creating bean with name 'dataSourceScriptDatabaseInitializer' defined in class path resource [org/springframework/boot/autoconfigure/sql/init/DataSourceInitializationConfiguration.class]: Failed to execute SQL script statement #80 of URL [jar:nested:/C:/Users/kanhiya/OneDrive/Desktop/final-pro/backend/Library-Management-System/target/Library-0.0.1-SNAPSHOT.jar/!BOOT-INF/classes/!/data.sql]: INSERT INTO complaints (version, complaint_id, user_id, subject, description, category, status, assigned_staff_id, staff_response, assigned_admin_id, created_at, assigned_at, updated_at, first_staff_rejected, second_staff_rejected) SELECT 0, 'CMP-004', u.id, 'Rude behavior by librarian', 'The librarian was very rude when I asked for a book.', 'STAFF_BEHAVIOR', 'ESCALATED_TO_ADMIN', s.id, 'User was shouting, I just asked him to be quiet.', a.id, DATEADD('DAY', -10, CURRENT_TIMESTAMP), DATEADD('DAY', -9, CURRENT_TIMESTAMP), CURRENT_TIMESTAMP, true, false FROM users u, users s, users a WHERE u.email = 'bob.wilson@email.com' AND s.email = 'staff@library.com' AND a.email = 'admin@library.com' AND NOT EXISTS (SELECT 1 FROM complaints WHERE complaint_id = 'CMP-004')
	at org.springframework.beans.factory.support.AbstractAutowireCapableBeanFactory.initializeBean(AbstractAutowireCapableBeanFactory.java:1775) ~[spring-beans-6.1.1.jar!/:6.1.1]
	at org.springframework.beans.factory.support.AbstractAutowireCapableBeanFactory.doCreateBean(AbstractAutowireCapableBeanFactory.java:601) ~[spring-beans-6.1.1.jar!/:6.1.1]
	at org.springframework.beans.factory.support.AbstractAutowireCapableBeanFactory.createBean(AbstractAutowireCapableBeanFactory.java:523) ~[spring-beans-6.1.1.jar!/:6.1.1]
	at org.springframework.beans.factory.support.AbstractBeanFactory.lambda$doGetBean$0(AbstractBeanFactory.java:325) ~[spring-beans-6.1.1.jar!/:6.1.1]
	at org.springframework.beans.factory.support.DefaultSingletonBeanRegistry.getSingleton(DefaultSingletonBeanRegistry.java:234) ~[spring-beans-6.1.1.jar!/:6.1.1]
	at org.springframework.beans.factory.support.AbstractBeanFactory.doGetBean(AbstractBeanFactory.java:323) ~[spring-beans-6.1.1.jar!/:6.1.1]
	at org.springframework.beans.factory.support.AbstractBeanFactory.getBean(AbstractBeanFactory.java:199) ~[spring-beans-6.1.1.jar!/:6.1.1]
	at org.springframework.beans.factory.support.AbstractBeanFactory.doGetBean(AbstractBeanFactory.java:312) ~[spring-beans-6.1.1.jar!/:6.1.1]
	at org.springframework.beans.factory.support.AbstractBeanFactory.getBean(AbstractBeanFactory.java:199) ~[spring-beans-6.1.1.jar!/:6.1.1]
	at org.springframework.beans.factory.support.DefaultListableBeanFactory.preInstantiateSingletons(DefaultListableBeanFactory.java:973) ~[spring-beans-6.1.1.jar!/:6.1.1]
	at org.springframework.context.support.AbstractApplicationContext.finishBeanFactoryInitialization(AbstractApplicationContext.java:946) ~[spring-context-6.1.1.jar!/:6.1.1]
	at org.springframework.context.support.AbstractApplicationContext.refresh(AbstractApplicationContext.java:616) ~[spring-context-6.1.1.jar!/:6.1.1]
	at org.springframework.boot.web.servlet.context.ServletWebServerApplicationContext.refresh(ServletWebServerApplicationContext.java:146) ~[spring-boot-3.2.0.jar!/:3.2.0]
	at org.springframework.boot.SpringApplication.refresh(SpringApplication.java:753) ~[spring-boot-3.2.0.jar!/:3.2.0]
	at org.springframework.boot.SpringApplication.refreshContext(SpringApplication.java:455) ~[spring-boot-3.2.0.jar!/:3.2.0]
	at org.springframework.boot.SpringApplication.run(SpringApplication.java:323) ~[spring-boot-3.2.0.jar!/:3.2.0]
	at org.springframework.boot.SpringApplication.run(SpringApplication.java:1342) ~[spring-boot-3.2.0.jar!/:3.2.0]
	at org.springframework.boot.SpringApplication.run(SpringApplication.java:1331) ~[spring-boot-3.2.0.jar!/:3.2.0]
	at com.tcs.Library.LibraryApplication.main(LibraryApplication.java:12) ~[!/:0.0.1-SNAPSHOT]
	at java.base/jdk.internal.reflect.DirectMethodHandleAccessor.invoke(DirectMethodHandleAccessor.java:103) ~[na:na]
	at java.base/java.lang.reflect.Method.invoke(Method.java:580) ~[na:na]
	at org.springframework.boot.loader.launch.Launcher.launch(Launcher.java:91) ~[Library-0.0.1-SNAPSHOT.jar:0.0.1-SNAPSHOT]
	at org.springframework.boot.loader.launch.Launcher.launch(Launcher.java:53) ~[Library-0.0.1-SNAPSHOT.jar:0.0.1-SNAPSHOT]
	at org.springframework.boot.loader.launch.JarLauncher.main(JarLauncher.java:58) ~[Library-0.0.1-SNAPSHOT.jar:0.0.1-SNAPSHOT]
Caused by: org.springframework.jdbc.datasource.init.ScriptStatementFailedException: Failed to execute SQL script statement #80 of URL [jar:nested:/C:/Users/kanhiya/OneDrive/Desktop/final-pro/backend/Library-Management-System/target/Library-0.0.1-SNAPSHOT.jar/!BOOT-INF/classes/!/data.sql]: INSERT INTO complaints (version, complaint_id, user_id, subject, description, category, status, assigned_staff_id, staff_response, assigned_admin_id, created_at, assigned_at, updated_at, first_staff_rejected, second_staff_rejected) SELECT 0, 'CMP-004', u.id, 'Rude behavior by librarian', 'The librarian was very rude when I asked for a book.', 'STAFF_BEHAVIOR', 'ESCALATED_TO_ADMIN', s.id, 'User was shouting, I just asked him to be quiet.', a.id, DATEADD('DAY', -10, CURRENT_TIMESTAMP), DATEADD('DAY', -9, CURRENT_TIMESTAMP), CURRENT_TIMESTAMP, true, false FROM users u, users s, users a WHERE u.email = 'bob.wilson@email.com' AND s.email = 'staff@library.com' AND a.email = 'admin@library.com' AND NOT EXISTS (SELECT 1 FROM complaints WHERE complaint_id = 'CMP-004')
	at org.springframework.jdbc.datasource.init.ScriptUtils.executeSqlScript(ScriptUtils.java:282) ~[spring-jdbc-6.1.1.jar!/:6.1.1]
	at org.springframework.jdbc.datasource.init.ResourceDatabasePopulator.populate(ResourceDatabasePopulator.java:254) ~[spring-jdbc-6.1.1.jar!/:6.1.1]
	at org.springframework.jdbc.datasource.init.DatabasePopulatorUtils.execute(DatabasePopulatorUtils.java:54) ~[spring-jdbc-6.1.1.jar!/:6.1.1]
	at org.springframework.boot.jdbc.init.DataSourceScriptDatabaseInitializer.runScripts(DataSourceScriptDatabaseInitializer.java:87) ~[spring-boot-3.2.0.jar!/:3.2.0]
	at org.springframework.boot.sql.init.AbstractScriptDatabaseInitializer.runScripts(AbstractScriptDatabaseInitializer.java:146) ~[spring-boot-3.2.0.jar!/:3.2.0]
	at org.springframework.boot.sql.init.AbstractScriptDatabaseInitializer.applyScripts(AbstractScriptDatabaseInitializer.java:108) ~[spring-boot-3.2.0.jar!/:3.2.0]
	at org.springframework.boot.sql.init.AbstractScriptDatabaseInitializer.applyDataScripts(AbstractScriptDatabaseInitializer.java:102) ~[spring-boot-3.2.0.jar!/:3.2.0]
	at org.springframework.boot.sql.init.AbstractScriptDatabaseInitializer.initializeDatabase(AbstractScriptDatabaseInitializer.java:77) ~[spring-boot-3.2.0.jar!/:3.2.0]
	at org.springframework.boot.sql.init.AbstractScriptDatabaseInitializer.afterPropertiesSet(AbstractScriptDatabaseInitializer.java:66) ~[spring-boot-3.2.0.jar!/:3.2.0]
	at org.springframework.beans.factory.support.AbstractAutowireCapableBeanFactory.invokeInitMethods(AbstractAutowireCapableBeanFactory.java:1822) ~[spring-beans-6.1.1.jar!/:6.1.1]
	at org.springframework.beans.factory.support.AbstractAutowireCapableBeanFactory.initializeBean(AbstractAutowireCapableBeanFactory.java:1771) ~[spring-beans-6.1.1.jar!/:6.1.1]
	... 23 common frames omitted
Caused by: org.h2.jdbc.JdbcSQLSyntaxErrorException: Column "ASSIGNED_ADMIN_ID" not found; SQL statement:
INSERT INTO complaints (version, complaint_id, user_id, subject, description, category, status, assigned_staff_id, staff_response, assigned_admin_id, created_at, assigned_at, updated_at, first_staff_rejected, second_staff_rejected) SELECT 0, 'CMP-004', u.id, 'Rude behavior by librarian', 'The librarian was very rude when I asked for a book.', 'STAFF_BEHAVIOR', 'ESCALATED_TO_ADMIN', s.id, 'User was shouting, I just asked him to be quiet.', a.id, DATEADD('DAY', -10, CURRENT_TIMESTAMP), DATEADD('DAY', -9, CURRENT_TIMESTAMP), CURRENT_TIMESTAMP, true, false FROM users u, users s, users a WHERE u.email = 'bob.wilson@email.com' AND s.email = 'staff@library.com' AND a.email = 'admin@library.com' AND NOT EXISTS (SELECT 1 FROM complaints WHERE complaint_id = 'CMP-004') [42122-224]
	at org.h2.message.DbException.getJdbcSQLException(DbException.java:514) ~[h2-2.2.224.jar!/:na]
	at org.h2.message.DbException.getJdbcSQLException(DbException.java:489) ~[h2-2.2.224.jar!/:na]
	at org.h2.message.DbException.get(DbException.java:223) ~[h2-2.2.224.jar!/:na]
	at org.h2.message.DbException.get(DbException.java:199) ~[h2-2.2.224.jar!/:na]
	at org.h2.table.Table.getColumn(Table.java:759) ~[h2-2.2.224.jar!/:na]
	at org.h2.command.Parser.parseColumn(Parser.java:1190) ~[h2-2.2.224.jar!/:na]
	at org.h2.command.Parser.parseColumnList(Parser.java:1175) ~[h2-2.2.224.jar!/:na]
	at org.h2.command.Parser.parseInsert(Parser.java:1549) ~[h2-2.2.224.jar!/:na]
	at org.h2.command.Parser.parsePrepared(Parser.java:719) ~[h2-2.2.224.jar!/:na]
	at org.h2.command.Parser.parse(Parser.java:592) ~[h2-2.2.224.jar!/:na]
	at org.h2.command.Parser.parse(Parser.java:564) ~[h2-2.2.224.jar!/:na]
	at org.h2.command.Parser.prepareCommand(Parser.java:483) ~[h2-2.2.224.jar!/:na]
	at org.h2.engine.SessionLocal.prepareLocal(SessionLocal.java:639) ~[h2-2.2.224.jar!/:na]
	at org.h2.engine.SessionLocal.prepareCommand(SessionLocal.java:559) ~[h2-2.2.224.jar!/:na]
	at org.h2.jdbc.JdbcConnection.prepareCommand(JdbcConnection.java:1166) ~[h2-2.2.224.jar!/:na]
	at org.h2.jdbc.JdbcStatement.executeInternal(JdbcStatement.java:245) ~[h2-2.2.224.jar!/:na]
	at org.h2.jdbc.JdbcStatement.execute(JdbcStatement.java:231) ~[h2-2.2.224.jar!/:na]
	at com.zaxxer.hikari.pool.ProxyStatement.execute(ProxyStatement.java:94) ~[HikariCP-5.0.1.jar!/:na]
	at com.zaxxer.hikari.pool.HikariProxyStatement.execute(HikariProxyStatement.java) ~[HikariCP-5.0.1.jar!/:na]
	at org.springframework.jdbc.datasource.init.ScriptUtils.executeSqlScript(ScriptUtils.java:261) ~[spring-jdbc-6.1.1.jar!/:6.1.1]
	... 33 common frames omitted

