#
# There is insufficient memory for the Java Runtime Environment to continue.
# Native memory allocation (malloc) failed to allocate 1729616 bytes for Chunk::new
# Possible reasons:
#   The system is out of physical RAM or swap space
#   The process is running with CompressedOops enabled, and the Java Heap may be blocking the growth of the native heap
# Possible solutions:
#   Reduce memory load on the system
#   Increase physical memory or swap space
#   Check if swap backing store is full
#   Decrease Java heap size (-Xmx/-Xms)
#   Decrease number of Java threads
#   Decrease Java thread stack sizes (-Xss)
#   Set larger code cache with -XX:ReservedCodeCacheSize=
#   JVM is running with Unscaled Compressed Oops mode in which the Java heap is
#     placed in the first 4GB address space. The Java Heap base address is the
#     maximum limit for the native heap growth. Please use -XX:HeapBaseMinAddress
#     to set the Java Heap base and to place the Java Heap above 4GB virtual address.
# This output file may be truncated or incomplete.
#
#  Out of Memory Error (arena.cpp:168), pid=19392, tid=13100
#
# JRE version: Java(TM) SE Runtime Environment (21.0.10+8) (build 21.0.10+8-LTS-217)
# Java VM: Java HotSpot(TM) 64-Bit Server VM (21.0.10+8-LTS-217, mixed mode, sharing, tiered, compressed oops, compressed class ptrs, g1 gc, windows-amd64)
# No core dump will be written. Minidumps are not enabled by default on client versions of Windows
#

---------------  S U M M A R Y ------------

Command Line: --enable-native-access=ALL-UNNAMED -Dclassworlds.conf=C:\Users\kanhiya\.m2\wrapper\dists\apache-maven-3.9.12\59fe215c0ad6947fea90184bf7add084544567b927287592651fda3782e0e798\bin\m2.conf -Dmaven.home=C:\Users\kanhiya\.m2\wrapper\dists\apache-maven-3.9.12\59fe215c0ad6947fea90184bf7add084544567b927287592651fda3782e0e798 -Dlibrary.jansi.path=C:\Users\kanhiya\.m2\wrapper\dists\apache-maven-3.9.12\59fe215c0ad6947fea90184bf7add084544567b927287592651fda3782e0e798\lib\jansi-native -Dmaven.multiModuleProjectDirectory=C:\Users\kanhiya\OneDrive\Desktop\final-pro\backend\Library-Management-System org.codehaus.plexus.classworlds.launcher.Launcher clean package -DskipTests

Host: 11th Gen Intel(R) Core(TM) i5-1135G7 @ 2.40GHz, 8 cores, 7G,  Windows 11 , 64 bit Build 22621 (10.0.22621.5415)
Time: Thu Jan 22 08:59:28 2026 India Standard Time elapsed time: 7.489128 seconds (0d 0h 0m 7s)

---------------  T H R E A D  ---------------

Current thread (0x0000029e17855060):  JavaThread "C2 CompilerThread1" daemon [_thread_in_native, id=13100, stack(0x000000dae4c00000,0x000000dae4d00000) (1024K)]


Current CompileTask:
C2:   7489 10282       4       com.sun.tools.javac.comp.Resolve::findMethod (549 bytes)

Stack: [0x000000dae4c00000,0x000000dae4d00000]
Native frames: (J=compiled Java code, j=interpreted, Vv=VM code, C=native code)
V  [jvm.dll+0x6d0b59]
V  [jvm.dll+0x85fd56]
V  [jvm.dll+0x86224e]
V  [jvm.dll+0x862923]
V  [jvm.dll+0x282a16]
V  [jvm.dll+0xc662d]
V  [jvm.dll+0xc6b71]
V  [jvm.dll+0x3bbb21]
V  [jvm.dll+0x387fd2]
V  [jvm.dll+0x38741a]
V  [jvm.dll+0x24b370]
V  [jvm.dll+0x24a94f]
V  [jvm.dll+0x1cacfe]
V  [jvm.dll+0x25a629]
V  [jvm.dll+0x258bb5]
V  [jvm.dll+0x3f4da1]
V  [jvm.dll+0x80a83d]
V  [jvm.dll+0x6cf3fd]
C  [ucrtbase.dll+0x29333]
C  [KERNEL32.DLL+0x1259d]
C  [ntdll.dll+0x5af78]


---------------  P R O C E S S  ---------------

Threads class SMR info:
_java_thread_list=0x0000029e187eb560, length=13, elements={
0x0000029db2443e30, 0x0000029dd0eff850, 0x0000029dd0f013b0, 0x0000029dd0f02c50,
0x0000029dd0f038d0, 0x0000029dd0f06a20, 0x0000029dd0f057b0, 0x0000029dd0f13f60,
0x0000029dd0f16e20, 0x0000029e16242ee0, 0x0000029e16250530, 0x0000029e16f31890,
0x0000029e17855060
}

Java Threads: ( => current thread )
  0x0000029db2443e30 JavaThread "main"                              [_thread_in_native, id=24136, stack(0x000000dae3a00000,0x000000dae3b00000) (1024K)]
  0x0000029dd0eff850 JavaThread "Reference Handler"          daemon [_thread_blocked, id=11140, stack(0x000000dae4200000,0x000000dae4300000) (1024K)]
  0x0000029dd0f013b0 JavaThread "Finalizer"                  daemon [_thread_blocked, id=6356, stack(0x000000dae4300000,0x000000dae4400000) (1024K)]
  0x0000029dd0f02c50 JavaThread "Signal Dispatcher"          daemon [_thread_blocked, id=12056, stack(0x000000dae4400000,0x000000dae4500000) (1024K)]
  0x0000029dd0f038d0 JavaThread "Attach Listener"            daemon [_thread_blocked, id=23252, stack(0x000000dae4500000,0x000000dae4600000) (1024K)]
  0x0000029dd0f06a20 JavaThread "Service Thread"             daemon [_thread_blocked, id=19676, stack(0x000000dae4600000,0x000000dae4700000) (1024K)]
  0x0000029dd0f057b0 JavaThread "Monitor Deflation Thread"   daemon [_thread_blocked, id=20620, stack(0x000000dae4700000,0x000000dae4800000) (1024K)]
  0x0000029dd0f13f60 JavaThread "C2 CompilerThread0"         daemon [_thread_in_native, id=3468, stack(0x000000dae4800000,0x000000dae4900000) (1024K)]
  0x0000029dd0f16e20 JavaThread "C1 CompilerThread0"         daemon [_thread_in_vm, id=18148, stack(0x000000dae4900000,0x000000dae4a00000) (1024K)]
  0x0000029e16242ee0 JavaThread "Notification Thread"        daemon [_thread_blocked, id=9796, stack(0x000000dae4a00000,0x000000dae4b00000) (1024K)]
  0x0000029e16250530 JavaThread "Common-Cleaner"             daemon [_thread_blocked, id=1420, stack(0x000000dae4b00000,0x000000dae4c00000) (1024K)]
  0x0000029e16f31890 JavaThread "Thread-1"                   daemon [_thread_blocked, id=23680, stack(0x000000dae5500000,0x000000dae5600000) (1024K)]
=>0x0000029e17855060 JavaThread "C2 CompilerThread1"         daemon [_thread_in_native, id=13100, stack(0x000000dae4c00000,0x000000dae4d00000) (1024K)]
Total: 13

Other Threads:
  0x0000029dd0ee32b0 VMThread "VM Thread"                           [id=23520, stack(0x000000dae4100000,0x000000dae4200000) (1024K)]
  0x0000029dd0ecf220 WatcherThread "VM Periodic Task Thread"        [id=14208, stack(0x000000dae4000000,0x000000dae4100000) (1024K)]
  0x0000029db46ce130 WorkerThread "GC Thread#0"                     [id=10684, stack(0x000000dae3b00000,0x000000dae3c00000) (1024K)]
  0x0000029e16b82ab0 WorkerThread "GC Thread#1"                     [id=4868, stack(0x000000dae4e00000,0x000000dae4f00000) (1024K)]
  0x0000029e16fa5850 WorkerThread "GC Thread#2"                     [id=20924, stack(0x000000dae4f00000,0x000000dae5000000) (1024K)]
  0x0000029e17139820 WorkerThread "GC Thread#3"                     [id=11496, stack(0x000000dae5000000,0x000000dae5100000) (1024K)]
  0x0000029e17138d10 WorkerThread "GC Thread#4"                     [id=23092, stack(0x000000dae5100000,0x000000dae5200000) (1024K)]
  0x0000029e17139bd0 WorkerThread "GC Thread#5"                     [id=2060, stack(0x000000dae5200000,0x000000dae5300000) (1024K)]
  0x0000029e17139470 WorkerThread "GC Thread#6"                     [id=14116, stack(0x000000dae5300000,0x000000dae5400000) (1024K)]
  0x0000029e171390c0 WorkerThread "GC Thread#7"                     [id=19840, stack(0x000000dae5400000,0x000000dae5500000) (1024K)]
  0x0000029db46de7a0 ConcurrentGCThread "G1 Main Marker"            [id=8028, stack(0x000000dae3c00000,0x000000dae3d00000) (1024K)]
  0x0000029db46df2b0 WorkerThread "G1 Conc#0"                       [id=23792, stack(0x000000dae3d00000,0x000000dae3e00000) (1024K)]
  0x0000029e1764ec70 WorkerThread "G1 Conc#1"                       [id=23956, stack(0x000000dae4d00000,0x000000dae4e00000) (1024K)]
  0x0000029db473e8a0 ConcurrentGCThread "G1 Refine#0"               [id=18100, stack(0x000000dae3e00000,0x000000dae3f00000) (1024K)]
  0x0000029dd0da26c0 ConcurrentGCThread "G1 Service"                [id=23720, stack(0x000000dae3f00000,0x000000dae4000000) (1024K)]
Total: 15

Threads with active compile tasks:
C2 CompilerThread0     7504 10429       4       com.sun.tools.javac.code.Symtab::lookupPackage (259 bytes)
C1 CompilerThread0     7504 10457   !   3       com.sun.tools.javac.jvm.PoolReader::peekName (39 bytes)
C2 CompilerThread1     7504 10282       4       com.sun.tools.javac.comp.Resolve::findMethod (549 bytes)
Total: 3

VM state: not at safepoint (normal execution)

VM Mutex/Monitor currently owned by a thread: None

Heap address: 0x0000000084c00000, size: 1972 MB, Compressed Oops mode: 32-bit

CDS archive(s) mapped at: [0x0000029dd1000000-0x0000029dd1c90000-0x0000029dd1c90000), size 13172736, SharedBaseAddress: 0x0000029dd1000000, ArchiveRelocationMode: 1.
Compressed class space mapped at: 0x0000029dd2000000-0x0000029e12000000, reserved size: 1073741824
Narrow klass base: 0x0000029dd1000000, Narrow klass shift: 0, Narrow klass range: 0x100000000

GC Precious Log:
 CardTable entry size: 512
 Card Set container configuration: InlinePtr #cards 5 size 8 Array Of Cards #cards 12 size 40 Howl #buckets 4 coarsen threshold 1843 Howl Bitmap #cards 512 size 80 coarsen threshold 460 Card regions per heap region 1 cards per card region 2048
 CPUs: 8 total, 8 available
 Memory: 7886M
 Large Page Support: Disabled
 NUMA Support: Disabled
 Compressed Oops: Enabled (32-bit)
 Heap Region Size: 1M
 Heap Min Capacity: 8M
 Heap Initial Capacity: 124M
 Heap Max Capacity: 1972M
 Pre-touch: Disabled
 Parallel Workers: 8
 Concurrent Workers: 2
 Concurrent Refinement Workers: 8
 Periodic GC: Disabled

Heap:
 garbage-first heap   total 148480K, used 117582K [0x0000000084c00000, 0x0000000100000000)
  region size 1024K, 71 young (72704K), 7 survivors (7168K)
 Metaspace       used 33267K, committed 33856K, reserved 1114112K
  class space    used 3622K, committed 3904K, reserved 1048576K

Heap Regions: E=young(eden), S=young(survivor), O=old, HS=humongous(starts), HC=humongous(continues), CS=collection set, F=free, TAMS=top-at-mark-start, PB=parsable bottom
|   0|0x0000000084c00000, 0x0000000084d00000, 0x0000000084d00000|100%| O|  |TAMS 0x0000000084c00000| PB 0x0000000084c00000| Untracked 
|   1|0x0000000084d00000, 0x0000000084e00000, 0x0000000084e00000|100%| O|  |TAMS 0x0000000084d00000| PB 0x0000000084d00000| Untracked 
|   2|0x0000000084e00000, 0x0000000084f00000, 0x0000000084f00000|100%| O|  |TAMS 0x0000000084e00000| PB 0x0000000084e00000| Untracked 
|   3|0x0000000084f00000, 0x0000000085000000, 0x0000000085000000|100%| O|  |TAMS 0x0000000084f00000| PB 0x0000000084f00000| Untracked 
|   4|0x0000000085000000, 0x0000000085100000, 0x0000000085100000|100%|HS|  |TAMS 0x0000000085000000| PB 0x0000000085000000| Complete 
|   5|0x0000000085100000, 0x0000000085200000, 0x0000000085200000|100%| O|  |TAMS 0x0000000085100000| PB 0x0000000085100000| Untracked 
|   6|0x0000000085200000, 0x0000000085300000, 0x0000000085300000|100%| O|  |TAMS 0x0000000085200000| PB 0x0000000085200000| Untracked 
|   7|0x0000000085300000, 0x0000000085400000, 0x0000000085400000|100%| O|  |TAMS 0x0000000085300000| PB 0x0000000085300000| Untracked 
|   8|0x0000000085400000, 0x0000000085500000, 0x0000000085500000|100%| O|  |TAMS 0x0000000085400000| PB 0x0000000085400000| Untracked 
|   9|0x0000000085500000, 0x0000000085600000, 0x0000000085600000|100%| O|  |TAMS 0x0000000085500000| PB 0x0000000085500000| Untracked 
|  10|0x0000000085600000, 0x0000000085700000, 0x0000000085700000|100%| O|  |TAMS 0x0000000085600000| PB 0x0000000085600000| Untracked 
|  11|0x0000000085700000, 0x0000000085800000, 0x0000000085800000|100%| O|  |TAMS 0x0000000085700000| PB 0x0000000085700000| Untracked 
|  12|0x0000000085800000, 0x0000000085900000, 0x0000000085900000|100%| O|  |TAMS 0x0000000085800000| PB 0x0000000085800000| Untracked 
|  13|0x0000000085900000, 0x0000000085a00000, 0x0000000085a00000|100%| O|  |TAMS 0x0000000085900000| PB 0x0000000085900000| Untracked 
|  14|0x0000000085a00000, 0x0000000085b00000, 0x0000000085b00000|100%| O|  |TAMS 0x0000000085a00000| PB 0x0000000085a00000| Untracked 
|  15|0x0000000085b00000, 0x0000000085c00000, 0x0000000085c00000|100%| O|  |TAMS 0x0000000085b00000| PB 0x0000000085b00000| Untracked 
|  16|0x0000000085c00000, 0x0000000085d00000, 0x0000000085d00000|100%| O|  |TAMS 0x0000000085c00000| PB 0x0000000085c00000| Untracked 
|  17|0x0000000085d00000, 0x0000000085e00000, 0x0000000085e00000|100%|HS|  |TAMS 0x0000000085d00000| PB 0x0000000085d00000| Complete 
|  18|0x0000000085e00000, 0x0000000085f00000, 0x0000000085f00000|100%|HC|  |TAMS 0x0000000085e00000| PB 0x0000000085e00000| Complete 
|  19|0x0000000085f00000, 0x0000000086000000, 0x0000000086000000|100%|HC|  |TAMS 0x0000000085f00000| PB 0x0000000085f00000| Complete 
|  20|0x0000000086000000, 0x0000000086100000, 0x0000000086100000|100%| O|  |TAMS 0x0000000086000000| PB 0x0000000086000000| Untracked 
|  21|0x0000000086100000, 0x0000000086200000, 0x0000000086200000|100%| O|  |TAMS 0x0000000086100000| PB 0x0000000086100000| Untracked 
|  22|0x0000000086200000, 0x0000000086300000, 0x0000000086300000|100%| O|  |TAMS 0x0000000086200000| PB 0x0000000086200000| Untracked 
|  23|0x0000000086300000, 0x0000000086400000, 0x0000000086400000|100%| O|  |TAMS 0x0000000086300000| PB 0x0000000086300000| Untracked 
|  24|0x0000000086400000, 0x0000000086500000, 0x0000000086500000|100%| O|  |TAMS 0x0000000086400000| PB 0x0000000086400000| Untracked 
|  25|0x0000000086500000, 0x0000000086600000, 0x0000000086600000|100%| O|  |TAMS 0x0000000086500000| PB 0x0000000086500000| Untracked 
|  26|0x0000000086600000, 0x0000000086700000, 0x0000000086700000|100%| O|  |TAMS 0x0000000086600000| PB 0x0000000086600000| Untracked 
|  27|0x0000000086700000, 0x0000000086800000, 0x0000000086800000|100%| O|  |TAMS 0x0000000086700000| PB 0x0000000086700000| Untracked 
|  28|0x0000000086800000, 0x0000000086900000, 0x0000000086900000|100%| O|  |TAMS 0x0000000086800000| PB 0x0000000086800000| Untracked 
|  29|0x0000000086900000, 0x0000000086a00000, 0x0000000086a00000|100%| O|  |TAMS 0x0000000086900000| PB 0x0000000086900000| Untracked 
|  30|0x0000000086a00000, 0x0000000086a115b0, 0x0000000086b00000|  6%| O|  |TAMS 0x0000000086a00000| PB 0x0000000086a00000| Untracked 
|  31|0x0000000086b00000, 0x0000000086c00000, 0x0000000086c00000|100%|HS|  |TAMS 0x0000000086b00000| PB 0x0000000086b00000| Complete 
|  32|0x0000000086c00000, 0x0000000086d00000, 0x0000000086d00000|100%|HS|  |TAMS 0x0000000086c00000| PB 0x0000000086c00000| Complete 
|  33|0x0000000086d00000, 0x0000000086e00000, 0x0000000086e00000|100%|HC|  |TAMS 0x0000000086d00000| PB 0x0000000086d00000| Complete 
|  34|0x0000000086e00000, 0x0000000086f00000, 0x0000000086f00000|100%|HC|  |TAMS 0x0000000086e00000| PB 0x0000000086e00000| Complete 
|  35|0x0000000086f00000, 0x0000000086f00000, 0x0000000087000000|  0%| F|  |TAMS 0x0000000086f00000| PB 0x0000000086f00000| Untracked 
|  36|0x0000000087000000, 0x0000000087000000, 0x0000000087100000|  0%| F|  |TAMS 0x0000000087000000| PB 0x0000000087000000| Untracked 
|  37|0x0000000087100000, 0x0000000087100000, 0x0000000087200000|  0%| F|  |TAMS 0x0000000087100000| PB 0x0000000087100000| Untracked 
|  38|0x0000000087200000, 0x0000000087200000, 0x0000000087300000|  0%| F|  |TAMS 0x0000000087200000| PB 0x0000000087200000| Untracked 
|  39|0x0000000087300000, 0x0000000087300000, 0x0000000087400000|  0%| F|  |TAMS 0x0000000087300000| PB 0x0000000087300000| Untracked 
|  40|0x0000000087400000, 0x00000000874c2350, 0x0000000087500000| 75%| S|CS|TAMS 0x0000000087400000| PB 0x0000000087400000| Complete 
|  41|0x0000000087500000, 0x0000000087600000, 0x0000000087600000|100%| S|CS|TAMS 0x0000000087500000| PB 0x0000000087500000| Complete 
|  42|0x0000000087600000, 0x0000000087700000, 0x0000000087700000|100%| S|CS|TAMS 0x0000000087600000| PB 0x0000000087600000| Complete 
|  43|0x0000000087700000, 0x0000000087800000, 0x0000000087800000|100%| S|CS|TAMS 0x0000000087700000| PB 0x0000000087700000| Complete 
|  44|0x0000000087800000, 0x0000000087900000, 0x0000000087900000|100%| S|CS|TAMS 0x0000000087800000| PB 0x0000000087800000| Complete 
|  45|0x0000000087900000, 0x0000000087a00000, 0x0000000087a00000|100%| S|CS|TAMS 0x0000000087900000| PB 0x0000000087900000| Complete 
|  46|0x0000000087a00000, 0x0000000087b00000, 0x0000000087b00000|100%| S|CS|TAMS 0x0000000087a00000| PB 0x0000000087a00000| Complete 
|  47|0x0000000087b00000, 0x0000000087b00000, 0x0000000087c00000|  0%| F|  |TAMS 0x0000000087b00000| PB 0x0000000087b00000| Untracked 
|  48|0x0000000087c00000, 0x0000000087c00000, 0x0000000087d00000|  0%| F|  |TAMS 0x0000000087c00000| PB 0x0000000087c00000| Untracked 
|  49|0x0000000087d00000, 0x0000000087d00000, 0x0000000087e00000|  0%| F|  |TAMS 0x0000000087d00000| PB 0x0000000087d00000| Untracked 
|  50|0x0000000087e00000, 0x0000000087e00000, 0x0000000087f00000|  0%| F|  |TAMS 0x0000000087e00000| PB 0x0000000087e00000| Untracked 
|  51|0x0000000087f00000, 0x0000000087f00000, 0x0000000088000000|  0%| F|  |TAMS 0x0000000087f00000| PB 0x0000000087f00000| Untracked 
|  52|0x0000000088000000, 0x0000000088000000, 0x0000000088100000|  0%| F|  |TAMS 0x0000000088000000| PB 0x0000000088000000| Untracked 
|  53|0x0000000088100000, 0x0000000088100000, 0x0000000088200000|  0%| F|  |TAMS 0x0000000088100000| PB 0x0000000088100000| Untracked 
|  54|0x0000000088200000, 0x0000000088200000, 0x0000000088300000|  0%| F|  |TAMS 0x0000000088200000| PB 0x0000000088200000| Untracked 
|  55|0x0000000088300000, 0x0000000088300000, 0x0000000088400000|  0%| F|  |TAMS 0x0000000088300000| PB 0x0000000088300000| Untracked 
|  56|0x0000000088400000, 0x0000000088400000, 0x0000000088500000|  0%| F|  |TAMS 0x0000000088400000| PB 0x0000000088400000| Untracked 
|  57|0x0000000088500000, 0x0000000088500000, 0x0000000088600000|  0%| F|  |TAMS 0x0000000088500000| PB 0x0000000088500000| Untracked 
|  58|0x0000000088600000, 0x0000000088600000, 0x0000000088700000|  0%| F|  |TAMS 0x0000000088600000| PB 0x0000000088600000| Untracked 
|  59|0x0000000088700000, 0x0000000088700000, 0x0000000088800000|  0%| F|  |TAMS 0x0000000088700000| PB 0x0000000088700000| Untracked 
|  60|0x0000000088800000, 0x0000000088800000, 0x0000000088900000|  0%| F|  |TAMS 0x0000000088800000| PB 0x0000000088800000| Untracked 
|  61|0x0000000088900000, 0x0000000088900000, 0x0000000088a00000|  0%| F|  |TAMS 0x0000000088900000| PB 0x0000000088900000| Untracked 
|  62|0x0000000088a00000, 0x0000000088a00000, 0x0000000088b00000|  0%| F|  |TAMS 0x0000000088a00000| PB 0x0000000088a00000| Untracked 
|  63|0x0000000088b00000, 0x0000000088b00000, 0x0000000088c00000|  0%| F|  |TAMS 0x0000000088b00000| PB 0x0000000088b00000| Untracked 
|  64|0x0000000088c00000, 0x0000000088c00000, 0x0000000088d00000|  0%| F|  |TAMS 0x0000000088c00000| PB 0x0000000088c00000| Untracked 
|  65|0x0000000088d00000, 0x0000000088d00000, 0x0000000088e00000|  0%| F|  |TAMS 0x0000000088d00000| PB 0x0000000088d00000| Untracked 
|  66|0x0000000088e00000, 0x0000000088e00000, 0x0000000088f00000|  0%| F|  |TAMS 0x0000000088e00000| PB 0x0000000088e00000| Untracked 
|  67|0x0000000088f00000, 0x0000000088f00000, 0x0000000089000000|  0%| F|  |TAMS 0x0000000088f00000| PB 0x0000000088f00000| Untracked 
|  68|0x0000000089000000, 0x0000000089000000, 0x0000000089100000|  0%| F|  |TAMS 0x0000000089000000| PB 0x0000000089000000| Untracked 
|  69|0x0000000089100000, 0x0000000089100000, 0x0000000089200000|  0%| F|  |TAMS 0x0000000089100000| PB 0x0000000089100000| Untracked 
|  70|0x0000000089200000, 0x0000000089300000, 0x0000000089300000|100%| E|  |TAMS 0x0000000089200000| PB 0x0000000089200000| Complete 
|  71|0x0000000089300000, 0x0000000089400000, 0x0000000089400000|100%| E|CS|TAMS 0x0000000089300000| PB 0x0000000089300000| Complete 
|  72|0x0000000089400000, 0x0000000089500000, 0x0000000089500000|100%| E|CS|TAMS 0x0000000089400000| PB 0x0000000089400000| Complete 
|  73|0x0000000089500000, 0x0000000089600000, 0x0000000089600000|100%| E|CS|TAMS 0x0000000089500000| PB 0x0000000089500000| Complete 
|  74|0x0000000089600000, 0x0000000089700000, 0x0000000089700000|100%| E|CS|TAMS 0x0000000089600000| PB 0x0000000089600000| Complete 
|  75|0x0000000089700000, 0x0000000089800000, 0x0000000089800000|100%| E|CS|TAMS 0x0000000089700000| PB 0x0000000089700000| Complete 
|  76|0x0000000089800000, 0x0000000089900000, 0x0000000089900000|100%| E|CS|TAMS 0x0000000089800000| PB 0x0000000089800000| Complete 
|  77|0x0000000089900000, 0x0000000089a00000, 0x0000000089a00000|100%| E|CS|TAMS 0x0000000089900000| PB 0x0000000089900000| Complete 
|  78|0x0000000089a00000, 0x0000000089b00000, 0x0000000089b00000|100%| E|CS|TAMS 0x0000000089a00000| PB 0x0000000089a00000| Complete 
|  79|0x0000000089b00000, 0x0000000089c00000, 0x0000000089c00000|100%| E|CS|TAMS 0x0000000089b00000| PB 0x0000000089b00000| Complete 
|  80|0x0000000089c00000, 0x0000000089d00000, 0x0000000089d00000|100%| E|CS|TAMS 0x0000000089c00000| PB 0x0000000089c00000| Complete 
|  81|0x0000000089d00000, 0x0000000089e00000, 0x0000000089e00000|100%| E|CS|TAMS 0x0000000089d00000| PB 0x0000000089d00000| Complete 
|  82|0x0000000089e00000, 0x0000000089f00000, 0x0000000089f00000|100%| E|CS|TAMS 0x0000000089e00000| PB 0x0000000089e00000| Complete 
|  83|0x0000000089f00000, 0x000000008a000000, 0x000000008a000000|100%| E|CS|TAMS 0x0000000089f00000| PB 0x0000000089f00000| Complete 
|  84|0x000000008a000000, 0x000000008a100000, 0x000000008a100000|100%| E|CS|TAMS 0x000000008a000000| PB 0x000000008a000000| Complete 
|  85|0x000000008a100000, 0x000000008a200000, 0x000000008a200000|100%| E|CS|TAMS 0x000000008a100000| PB 0x000000008a100000| Complete 
|  86|0x000000008a200000, 0x000000008a300000, 0x000000008a300000|100%| E|CS|TAMS 0x000000008a200000| PB 0x000000008a200000| Complete 
|  87|0x000000008a300000, 0x000000008a400000, 0x000000008a400000|100%| E|CS|TAMS 0x000000008a300000| PB 0x000000008a300000| Complete 
|  88|0x000000008a400000, 0x000000008a500000, 0x000000008a500000|100%| E|CS|TAMS 0x000000008a400000| PB 0x000000008a400000| Complete 
|  89|0x000000008a500000, 0x000000008a600000, 0x000000008a600000|100%| E|CS|TAMS 0x000000008a500000| PB 0x000000008a500000| Complete 
|  90|0x000000008a600000, 0x000000008a700000, 0x000000008a700000|100%| E|CS|TAMS 0x000000008a600000| PB 0x000000008a600000| Complete 
|  91|0x000000008a700000, 0x000000008a800000, 0x000000008a800000|100%| E|CS|TAMS 0x000000008a700000| PB 0x000000008a700000| Complete 
|  92|0x000000008a800000, 0x000000008a900000, 0x000000008a900000|100%| E|CS|TAMS 0x000000008a800000| PB 0x000000008a800000| Complete 
|  93|0x000000008a900000, 0x000000008aa00000, 0x000000008aa00000|100%| E|CS|TAMS 0x000000008a900000| PB 0x000000008a900000| Complete 
|  94|0x000000008aa00000, 0x000000008ab00000, 0x000000008ab00000|100%| E|CS|TAMS 0x000000008aa00000| PB 0x000000008aa00000| Complete 
|  95|0x000000008ab00000, 0x000000008ac00000, 0x000000008ac00000|100%| E|CS|TAMS 0x000000008ab00000| PB 0x000000008ab00000| Complete 
|  96|0x000000008ac00000, 0x000000008ad00000, 0x000000008ad00000|100%| E|CS|TAMS 0x000000008ac00000| PB 0x000000008ac00000| Complete 
|  97|0x000000008ad00000, 0x000000008ae00000, 0x000000008ae00000|100%| E|CS|TAMS 0x000000008ad00000| PB 0x000000008ad00000| Complete 
|  98|0x000000008ae00000, 0x000000008af00000, 0x000000008af00000|100%| E|CS|TAMS 0x000000008ae00000| PB 0x000000008ae00000| Complete 
|  99|0x000000008af00000, 0x000000008b000000, 0x000000008b000000|100%| E|CS|TAMS 0x000000008af00000| PB 0x000000008af00000| Complete 
| 100|0x000000008b000000, 0x000000008b100000, 0x000000008b100000|100%| E|CS|TAMS 0x000000008b000000| PB 0x000000008b000000| Complete 
| 101|0x000000008b100000, 0x000000008b200000, 0x000000008b200000|100%| E|CS|TAMS 0x000000008b100000| PB 0x000000008b100000| Complete 
| 102|0x000000008b200000, 0x000000008b300000, 0x000000008b300000|100%| E|CS|TAMS 0x000000008b200000| PB 0x000000008b200000| Complete 
| 103|0x000000008b300000, 0x000000008b400000, 0x000000008b400000|100%| E|CS|TAMS 0x000000008b300000| PB 0x000000008b300000| Complete 
| 104|0x000000008b400000, 0x000000008b500000, 0x000000008b500000|100%| E|CS|TAMS 0x000000008b400000| PB 0x000000008b400000| Complete 
| 105|0x000000008b500000, 0x000000008b600000, 0x000000008b600000|100%| E|CS|TAMS 0x000000008b500000| PB 0x000000008b500000| Complete 
| 106|0x000000008b600000, 0x000000008b700000, 0x000000008b700000|100%| E|CS|TAMS 0x000000008b600000| PB 0x000000008b600000| Complete 
| 107|0x000000008b700000, 0x000000008b800000, 0x000000008b800000|100%| E|CS|TAMS 0x000000008b700000| PB 0x000000008b700000| Complete 
| 108|0x000000008b800000, 0x000000008b900000, 0x000000008b900000|100%| E|CS|TAMS 0x000000008b800000| PB 0x000000008b800000| Complete 
| 109|0x000000008b900000, 0x000000008ba00000, 0x000000008ba00000|100%| E|CS|TAMS 0x000000008b900000| PB 0x000000008b900000| Complete 
| 110|0x000000008ba00000, 0x000000008bb00000, 0x000000008bb00000|100%| E|CS|TAMS 0x000000008ba00000| PB 0x000000008ba00000| Complete 
| 111|0x000000008bb00000, 0x000000008bc00000, 0x000000008bc00000|100%| E|CS|TAMS 0x000000008bb00000| PB 0x000000008bb00000| Complete 
| 112|0x000000008bc00000, 0x000000008bd00000, 0x000000008bd00000|100%| E|CS|TAMS 0x000000008bc00000| PB 0x000000008bc00000| Complete 
| 113|0x000000008bd00000, 0x000000008be00000, 0x000000008be00000|100%| E|CS|TAMS 0x000000008bd00000| PB 0x000000008bd00000| Complete 
| 114|0x000000008be00000, 0x000000008bf00000, 0x000000008bf00000|100%| E|CS|TAMS 0x000000008be00000| PB 0x000000008be00000| Complete 
| 115|0x000000008bf00000, 0x000000008c000000, 0x000000008c000000|100%| E|CS|TAMS 0x000000008bf00000| PB 0x000000008bf00000| Complete 
| 116|0x000000008c000000, 0x000000008c100000, 0x000000008c100000|100%| E|CS|TAMS 0x000000008c000000| PB 0x000000008c000000| Complete 
| 117|0x000000008c100000, 0x000000008c200000, 0x000000008c200000|100%| E|CS|TAMS 0x000000008c100000| PB 0x000000008c100000| Complete 
| 118|0x000000008c200000, 0x000000008c300000, 0x000000008c300000|100%| E|CS|TAMS 0x000000008c200000| PB 0x000000008c200000| Complete 
| 119|0x000000008c300000, 0x000000008c400000, 0x000000008c400000|100%| E|CS|TAMS 0x000000008c300000| PB 0x000000008c300000| Complete 
| 120|0x000000008c400000, 0x000000008c500000, 0x000000008c500000|100%| E|CS|TAMS 0x000000008c400000| PB 0x000000008c400000| Complete 
| 121|0x000000008c500000, 0x000000008c600000, 0x000000008c600000|100%| E|CS|TAMS 0x000000008c500000| PB 0x000000008c500000| Complete 
| 122|0x000000008c600000, 0x000000008c700000, 0x000000008c700000|100%| E|CS|TAMS 0x000000008c600000| PB 0x000000008c600000| Complete 
| 123|0x000000008c700000, 0x000000008c800000, 0x000000008c800000|100%| E|CS|TAMS 0x000000008c700000| PB 0x000000008c700000| Complete 
| 124|0x000000008c800000, 0x000000008c900000, 0x000000008c900000|100%| E|CS|TAMS 0x000000008c800000| PB 0x000000008c800000| Complete 
| 125|0x000000008c900000, 0x000000008ca00000, 0x000000008ca00000|100%| E|CS|TAMS 0x000000008c900000| PB 0x000000008c900000| Complete 
| 126|0x000000008ca00000, 0x000000008cb00000, 0x000000008cb00000|100%| E|CS|TAMS 0x000000008ca00000| PB 0x000000008ca00000| Complete 
| 127|0x000000008cb00000, 0x000000008cc00000, 0x000000008cc00000|100%| E|CS|TAMS 0x000000008cb00000| PB 0x000000008cb00000| Complete 
| 128|0x000000008cc00000, 0x000000008cd00000, 0x000000008cd00000|100%| E|CS|TAMS 0x000000008cc00000| PB 0x000000008cc00000| Complete 
| 129|0x000000008cd00000, 0x000000008ce00000, 0x000000008ce00000|100%| E|CS|TAMS 0x000000008cd00000| PB 0x000000008cd00000| Complete 
| 130|0x000000008ce00000, 0x000000008cf00000, 0x000000008cf00000|100%| E|CS|TAMS 0x000000008ce00000| PB 0x000000008ce00000| Complete 
| 131|0x000000008cf00000, 0x000000008d000000, 0x000000008d000000|100%| E|CS|TAMS 0x000000008cf00000| PB 0x000000008cf00000| Complete 
| 132|0x000000008d000000, 0x000000008d100000, 0x000000008d100000|100%| E|CS|TAMS 0x000000008d000000| PB 0x000000008d000000| Complete 
| 148|0x000000008e000000, 0x000000008e100000, 0x000000008e100000|100%| E|CS|TAMS 0x000000008e000000| PB 0x000000008e000000| Complete 
|1961|0x00000000ff500000, 0x00000000ff600000, 0x00000000ff600000|100%| O|  |TAMS 0x00000000ff500000| PB 0x00000000ff500000| Untracked 
|1962|0x00000000ff600000, 0x00000000ff700000, 0x00000000ff700000|100%| O|  |TAMS 0x00000000ff600000| PB 0x00000000ff600000| Untracked 
|1963|0x00000000ff700000, 0x00000000ff800000, 0x00000000ff800000|100%| O|  |TAMS 0x00000000ff700000| PB 0x00000000ff700000| Untracked 
|1964|0x00000000ff800000, 0x00000000ff900000, 0x00000000ff900000|100%| O|  |TAMS 0x00000000ff800000| PB 0x00000000ff800000| Untracked 
|1965|0x00000000ff900000, 0x00000000ffa00000, 0x00000000ffa00000|100%| O|  |TAMS 0x00000000ff900000| PB 0x00000000ff900000| Untracked 
|1966|0x00000000ffa00000, 0x00000000ffb00000, 0x00000000ffb00000|100%| O|  |TAMS 0x00000000ffa00000| PB 0x00000000ffa00000| Untracked 
|1967|0x00000000ffb00000, 0x00000000ffc00000, 0x00000000ffc00000|100%| O|  |TAMS 0x00000000ffb00000| PB 0x00000000ffb00000| Untracked 
|1968|0x00000000ffc00000, 0x00000000ffd00000, 0x00000000ffd00000|100%| O|  |TAMS 0x00000000ffc00000| PB 0x00000000ffc00000| Untracked 
|1969|0x00000000ffd00000, 0x00000000ffe00000, 0x00000000ffe00000|100%| O|  |TAMS 0x00000000ffd00000| PB 0x00000000ffd00000| Untracked 
|1970|0x00000000ffe00000, 0x00000000fff00000, 0x00000000fff00000|100%| O|  |TAMS 0x00000000ffe00000| PB 0x00000000ffe00000| Untracked 
|1971|0x00000000fff00000, 0x0000000100000000, 0x0000000100000000|100%| O|  |TAMS 0x00000000fff00000| PB 0x00000000fff00000| Untracked 

Card table byte_map: [0x0000029dcc230000,0x0000029dcc610000] _byte_map_base: 0x0000029dcbe0a000

Marking Bits: (CMBitMap*) 0x0000029db46ce840
 Bits: [0x0000029dcc610000, 0x0000029dce4e0000)

Polling page: 0x0000029db3e40000

Metaspace:

Usage:
  Non-class:     28.95 MB used.
      Class:      3.54 MB used.
       Both:     32.49 MB used.

Virtual space:
  Non-class space:       64.00 MB reserved,      29.25 MB ( 46%) committed,  1 nodes.
      Class space:        1.00 GB reserved,       3.81 MB ( <1%) committed,  1 nodes.
             Both:        1.06 GB reserved,      33.06 MB (  3%) committed. 

Chunk freelists:
   Non-Class:  2.00 MB
       Class:  12.15 MB
        Both:  14.15 MB

MaxMetaspaceSize: unlimited
CompressedClassSpaceSize: 1.00 GB
Initial GC threshold: 21.00 MB
Current GC threshold: 35.56 MB
CDS: on
 - commit_granule_bytes: 65536.
 - commit_granule_words: 8192.
 - virtual_space_node_default_size: 8388608.
 - enlarge_chunks_in_place: 1.
 - use_allocation_guard: 0.


Internal statistics:

num_allocs_failed_limit: 3.
num_arena_births: 618.
num_arena_deaths: 0.
num_vsnodes_births: 2.
num_vsnodes_deaths: 0.
num_space_committed: 529.
num_space_uncommitted: 0.
num_chunks_returned_to_freelist: 3.
num_chunks_taken_from_freelist: 1937.
num_chunk_merges: 3.
num_chunk_splits: 1326.
num_chunks_enlarged: 947.
num_inconsistent_stats: 0.

CodeHeap 'non-profiled nmethods': size=120000Kb used=5829Kb max_used=5829Kb free=114170Kb
 bounds [0x0000029dc45f0000, 0x0000029dc4bb0000, 0x0000029dcbb20000]
CodeHeap 'profiled nmethods': size=120000Kb used=24158Kb max_used=24158Kb free=95842Kb
 bounds [0x0000029dbcb20000, 0x0000029dbe2c0000, 0x0000029dc4050000]
CodeHeap 'non-nmethods': size=5760Kb used=1626Kb max_used=1697Kb free=4133Kb
 bounds [0x0000029dc4050000, 0x0000029dc42c0000, 0x0000029dc45f0000]
 total_blobs=10985 nmethods=10438 adapters=451
 compilation: enabled
              stopped_count=0, restarted_count=0
 full_count=0

Compilation events (20 events):
Event: 7.371 Thread 0x0000029dd0f16e20 nmethod 10408 0x0000029dbe29d490 code [0x0000029dbe29d640, 0x0000029dbe29d818]
Event: 7.371 Thread 0x0000029dd0f16e20 10409   !   3       java.util.zip.ZipFile$Source::release (50 bytes)
Event: 7.371 Thread 0x0000029dd0f16e20 nmethod 10409 0x0000029dbe29d910 code [0x0000029dbe29dae0, 0x0000029dbe29de68]
Event: 7.373 Thread 0x0000029dd0f13f60 10410       4       java.lang.StringBuilder::append (8 bytes)
Event: 7.377 Thread 0x0000029dd0f13f60 nmethod 10410 0x0000029dc4b99a90 code [0x0000029dc4b99c80, 0x0000029dc4b9a210]
Event: 7.385 Thread 0x0000029dd0f13f60 10411 %     4       java.util.jar.Manifest$FastInputStream::readLine @ 86 (296 bytes)
Event: 7.393 Thread 0x0000029dd0f13f60 nmethod 10411% 0x0000029dc4b9a510 code [0x0000029dc4b9a700, 0x0000029dc4b9b020]
Event: 7.393 Thread 0x0000029dd0f13f60 10412       4       java.lang.StringBuilder::toString (9 bytes)
Event: 7.400 Thread 0x0000029dd0f13f60 nmethod 10412 0x0000029dc4b9b510 code [0x0000029dc4b9b700, 0x0000029dc4b9bfe0]
Event: 7.400 Thread 0x0000029dd0f13f60 10413       4       java.util.jar.Manifest$FastInputStream::readLine (296 bytes)
Event: 7.408 Thread 0x0000029dd0f13f60 nmethod 10413 0x0000029dc4b9c310 code [0x0000029dc4b9c4e0, 0x0000029dc4b9cce8]
Event: 7.433 Thread 0x0000029dd0f13f60 10414       4       java.lang.String::<init> (22 bytes)
Event: 7.434 Thread 0x0000029dd0f13f60 nmethod 10414 0x0000029dc4b9d190 code [0x0000029dc4b9d340, 0x0000029dc4b9d4c8]
Event: 7.437 Thread 0x0000029dd0f13f60 10415 %     4       java.util.zip.ZipFile$Source::initCEN @ 261 (612 bytes)
Event: 7.444 Thread 0x0000029dd0f16e20 10420       3       com.sun.tools.javac.main.Option::hasArg (16 bytes)
Event: 7.444 Thread 0x0000029dd0f16e20 nmethod 10420 0x0000029dbe29e010 code [0x0000029dbe29e1c0, 0x0000029dbe29e330]
Event: 7.461 Thread 0x0000029dd0f16e20 10423       3       com.sun.tools.javac.file.Locations$BasicLocationHandler::checkDirectory (83 bytes)
Event: 7.462 Thread 0x0000029dd0f16e20 nmethod 10423 0x0000029dbe29e410 code [0x0000029dbe29e7a0, 0x0000029dbe29fc20]
Event: 7.462 Thread 0x0000029dd0f16e20 10424   !   3       com.sun.tools.javac.file.Locations::normalize (24 bytes)
Event: 7.462 Thread 0x0000029dd0f16e20 nmethod 10424 0x0000029dbe2a0310 code [0x0000029dbe2a0500, 0x0000029dbe2a0948]

GC Heap History (20 events):
Event: 0.876 GC heap before
{Heap before GC invocations=1 (full 0):
 garbage-first heap   total 126976K, used 35520K [0x0000000084c00000, 0x0000000100000000)
  region size 1024K, 34 young (34816K), 3 survivors (3072K)
 Metaspace       used 9650K, committed 9792K, reserved 1114112K
  class space    used 1136K, committed 1216K, reserved 1048576K
}
Event: 0.882 GC heap after
{Heap after GC invocations=2 (full 0):
 garbage-first heap   total 126976K, used 5539K [0x0000000084c00000, 0x0000000100000000)
  region size 1024K, 2 young (2048K), 2 survivors (2048K)
 Metaspace       used 9650K, committed 9792K, reserved 1114112K
  class space    used 1136K, committed 1216K, reserved 1048576K
}
Event: 1.927 GC heap before
{Heap before GC invocations=2 (full 0):
 garbage-first heap   total 126976K, used 79267K [0x0000000084c00000, 0x0000000100000000)
  region size 1024K, 74 young (75776K), 2 survivors (2048K)
 Metaspace       used 15725K, committed 16000K, reserved 1114112K
  class space    used 1825K, committed 1920K, reserved 1048576K
}
Event: 1.939 GC heap after
{Heap after GC invocations=3 (full 0):
 garbage-first heap   total 126976K, used 14245K [0x0000000084c00000, 0x0000000100000000)
  region size 1024K, 10 young (10240K), 10 survivors (10240K)
 Metaspace       used 15725K, committed 16000K, reserved 1114112K
  class space    used 1825K, committed 1920K, reserved 1048576K
}
Event: 3.011 GC heap before
{Heap before GC invocations=3 (full 0):
 garbage-first heap   total 126976K, used 80805K [0x0000000084c00000, 0x0000000100000000)
  region size 1024K, 74 young (75776K), 10 survivors (10240K)
 Metaspace       used 19988K, committed 20288K, reserved 1114112K
  class space    used 2253K, committed 2432K, reserved 1048576K
}
Event: 3.026 GC heap after
{Heap after GC invocations=4 (full 0):
 garbage-first heap   total 126976K, used 17298K [0x0000000084c00000, 0x0000000100000000)
  region size 1024K, 4 young (4096K), 4 survivors (4096K)
 Metaspace       used 19988K, committed 20288K, reserved 1114112K
  class space    used 2253K, committed 2432K, reserved 1048576K
}
Event: 3.129 GC heap before
{Heap before GC invocations=4 (full 0):
 garbage-first heap   total 126976K, used 34706K [0x0000000084c00000, 0x0000000100000000)
  region size 1024K, 16 young (16384K), 4 survivors (4096K)
 Metaspace       used 21231K, committed 21504K, reserved 1114112K
  class space    used 2439K, committed 2560K, reserved 1048576K
}
Event: 3.135 GC heap after
{Heap after GC invocations=5 (full 0):
 garbage-first heap   total 152576K, used 27538K [0x0000000084c00000, 0x0000000100000000)
  region size 1024K, 8 young (8192K), 8 survivors (8192K)
 Metaspace       used 21231K, committed 21504K, reserved 1114112K
  class space    used 2439K, committed 2560K, reserved 1048576K
}
Event: 4.210 GC heap before
{Heap before GC invocations=6 (full 0):
 garbage-first heap   total 96256K, used 96146K [0x0000000084c00000, 0x0000000100000000)
  region size 1024K, 74 young (75776K), 8 survivors (8192K)
 Metaspace       used 27195K, committed 27520K, reserved 1114112K
  class space    used 3020K, committed 3200K, reserved 1048576K
}
Event: 4.251 GC heap after
{Heap after GC invocations=7 (full 0):
 garbage-first heap   total 119808K, used 40795K [0x0000000084c00000, 0x0000000100000000)
  region size 1024K, 12 young (12288K), 12 survivors (12288K)
 Metaspace       used 27195K, committed 27520K, reserved 1114112K
  class space    used 3020K, committed 3200K, reserved 1048576K
}
Event: 4.990 GC heap before
{Heap before GC invocations=7 (full 0):
 garbage-first heap   total 119808K, used 95067K [0x0000000084c00000, 0x0000000100000000)
  region size 1024K, 66 young (67584K), 12 survivors (12288K)
 Metaspace       used 29850K, committed 30400K, reserved 1114112K
  class space    used 3314K, committed 3584K, reserved 1048576K
}
Event: 5.011 GC heap after
{Heap after GC invocations=8 (full 0):
 garbage-first heap   total 119808K, used 42496K [0x0000000084c00000, 0x0000000100000000)
  region size 1024K, 2 young (2048K), 2 survivors (2048K)
 Metaspace       used 29850K, committed 30400K, reserved 1114112K
  class space    used 3314K, committed 3584K, reserved 1048576K
}
Event: 5.310 GC heap before
{Heap before GC invocations=8 (full 0):
 garbage-first heap   total 119808K, used 98816K [0x0000000084c00000, 0x0000000100000000)
  region size 1024K, 57 young (58368K), 2 survivors (2048K)
 Metaspace       used 30294K, committed 30784K, reserved 1114112K
  class space    used 3349K, committed 3584K, reserved 1048576K
}
Event: 5.317 GC heap after
{Heap after GC invocations=9 (full 0):
 garbage-first heap   total 119808K, used 44296K [0x0000000084c00000, 0x0000000100000000)
  region size 1024K, 4 young (4096K), 4 survivors (4096K)
 Metaspace       used 30294K, committed 30784K, reserved 1114112K
  class space    used 3349K, committed 3584K, reserved 1048576K
}
Event: 5.502 GC heap before
{Heap before GC invocations=9 (full 0):
 garbage-first heap   total 119808K, used 101640K [0x0000000084c00000, 0x0000000100000000)
  region size 1024K, 60 young (61440K), 4 survivors (4096K)
 Metaspace       used 30379K, committed 30912K, reserved 1114112K
  class space    used 3354K, committed 3648K, reserved 1048576K
}
Event: 5.511 GC heap after
{Heap after GC invocations=10 (full 0):
 garbage-first heap   total 148480K, used 45947K [0x0000000084c00000, 0x0000000100000000)
  region size 1024K, 6 young (6144K), 6 survivors (6144K)
 Metaspace       used 30379K, committed 30912K, reserved 1114112K
  class space    used 3354K, committed 3648K, reserved 1048576K
}
Event: 5.799 GC heap before
{Heap before GC invocations=10 (full 0):
 garbage-first heap   total 148480K, used 124795K [0x0000000084c00000, 0x0000000100000000)
  region size 1024K, 83 young (84992K), 6 survivors (6144K)
 Metaspace       used 30522K, committed 31104K, reserved 1114112K
  class space    used 3357K, committed 3648K, reserved 1048576K
}
Event: 5.806 GC heap after
{Heap after GC invocations=11 (full 0):
 garbage-first heap   total 148480K, used 47432K [0x0000000084c00000, 0x0000000100000000)
  region size 1024K, 7 young (7168K), 7 survivors (7168K)
 Metaspace       used 30522K, committed 31104K, reserved 1114112K
  class space    used 3357K, committed 3648K, reserved 1048576K
}
Event: 6.498 GC heap before
{Heap before GC invocations=11 (full 0):
 garbage-first heap   total 148480K, used 129352K [0x0000000084c00000, 0x0000000100000000)
  region size 1024K, 87 young (89088K), 7 survivors (7168K)
 Metaspace       used 32597K, committed 33152K, reserved 1114112K
  class space    used 3596K, committed 3840K, reserved 1048576K
}
Event: 6.509 GC heap after
{Heap after GC invocations=12 (full 0):
 garbage-first heap   total 148480K, used 48974K [0x0000000084c00000, 0x0000000100000000)
  region size 1024K, 7 young (7168K), 7 survivors (7168K)
 Metaspace       used 32597K, committed 33152K, reserved 1114112K
  class space    used 3596K, committed 3840K, reserved 1048576K
}

Dll operation events (8 events):
Event: 0.006 Loaded shared library C:\Program Files\Java\jdk-21.0.10\bin\java.dll
Event: 0.031 Loaded shared library C:\Program Files\Java\jdk-21.0.10\bin\jsvml.dll
Event: 0.043 Loaded shared library C:\Program Files\Java\jdk-21.0.10\bin\net.dll
Event: 0.044 Loaded shared library C:\Program Files\Java\jdk-21.0.10\bin\nio.dll
Event: 0.047 Loaded shared library C:\Program Files\Java\jdk-21.0.10\bin\zip.dll
Event: 0.150 Loaded shared library C:\Program Files\Java\jdk-21.0.10\bin\jimage.dll
Event: 0.151 Loaded shared library C:\Users\kanhiya\.m2\wrapper\dists\apache-maven-3.9.12\59fe215c0ad6947fea90184bf7add084544567b927287592651fda3782e0e798\lib\jansi-native\Windows\x86_64\jansi.dll
Event: 0.163 Loaded shared library C:\Program Files\Java\jdk-21.0.10\bin\verify.dll

Deoptimization events (20 events):
Event: 7.463 Thread 0x0000029db2443e30 Uncommon trap: trap_request=0xffffffde fr.pc=0x0000029dc493d720 relative=0x0000000000001280
Event: 7.463 Thread 0x0000029db2443e30 Uncommon trap: reason=class_check action=maybe_recompile pc=0x0000029dc493d720 method=com.sun.tools.javac.code.Symtab.lookupPackage(Lcom/sun/tools/javac/code/Symbol$ModuleSymbol;Lcom/sun/tools/javac/util/Name;Z)Lcom/sun/tools/javac/code/Symbol$PackageSymb
Event: 7.463 Thread 0x0000029db2443e30 DEOPT PACKING pc=0x0000029dc493d720 sp=0x000000dae3afd830
Event: 7.463 Thread 0x0000029db2443e30 DEOPT UNPACKING pc=0x0000029dc40a7da2 sp=0x000000dae3afd7f0 mode 2
Event: 7.463 Thread 0x0000029db2443e30 Uncommon trap: trap_request=0xffffffde fr.pc=0x0000029dc493d720 relative=0x0000000000001280
Event: 7.463 Thread 0x0000029db2443e30 Uncommon trap: reason=class_check action=maybe_recompile pc=0x0000029dc493d720 method=com.sun.tools.javac.code.Symtab.lookupPackage(Lcom/sun/tools/javac/code/Symbol$ModuleSymbol;Lcom/sun/tools/javac/util/Name;Z)Lcom/sun/tools/javac/code/Symbol$PackageSymb
Event: 7.463 Thread 0x0000029db2443e30 DEOPT PACKING pc=0x0000029dc493d720 sp=0x000000dae3afd830
Event: 7.463 Thread 0x0000029db2443e30 DEOPT UNPACKING pc=0x0000029dc40a7da2 sp=0x000000dae3afd7f0 mode 2
Event: 7.463 Thread 0x0000029db2443e30 Uncommon trap: trap_request=0xffffffde fr.pc=0x0000029dc493d720 relative=0x0000000000001280
Event: 7.463 Thread 0x0000029db2443e30 Uncommon trap: reason=class_check action=maybe_recompile pc=0x0000029dc493d720 method=com.sun.tools.javac.code.Symtab.lookupPackage(Lcom/sun/tools/javac/code/Symbol$ModuleSymbol;Lcom/sun/tools/javac/util/Name;Z)Lcom/sun/tools/javac/code/Symbol$PackageSymb
Event: 7.463 Thread 0x0000029db2443e30 DEOPT PACKING pc=0x0000029dc493d720 sp=0x000000dae3afd830
Event: 7.463 Thread 0x0000029db2443e30 DEOPT UNPACKING pc=0x0000029dc40a7da2 sp=0x000000dae3afd7f0 mode 2
Event: 7.463 Thread 0x0000029db2443e30 Uncommon trap: trap_request=0xffffffde fr.pc=0x0000029dc493d720 relative=0x0000000000001280
Event: 7.463 Thread 0x0000029db2443e30 Uncommon trap: reason=class_check action=maybe_recompile pc=0x0000029dc493d720 method=com.sun.tools.javac.code.Symtab.lookupPackage(Lcom/sun/tools/javac/code/Symbol$ModuleSymbol;Lcom/sun/tools/javac/util/Name;Z)Lcom/sun/tools/javac/code/Symbol$PackageSymb
Event: 7.463 Thread 0x0000029db2443e30 DEOPT PACKING pc=0x0000029dc493d720 sp=0x000000dae3afd830
Event: 7.463 Thread 0x0000029db2443e30 DEOPT UNPACKING pc=0x0000029dc40a7da2 sp=0x000000dae3afd7f0 mode 2
Event: 7.466 Thread 0x0000029db2443e30 Uncommon trap: trap_request=0xffffff45 fr.pc=0x0000029dc4b5da50 relative=0x0000000000000650
Event: 7.466 Thread 0x0000029db2443e30 Uncommon trap: reason=unstable_if action=reinterpret pc=0x0000029dc4b5da50 method=com.sun.tools.javac.util.AbstractLog.useSource(Ljavax/tools/JavaFileObject;)Ljavax/tools/JavaFileObject; @ 4 c2
Event: 7.466 Thread 0x0000029db2443e30 DEOPT PACKING pc=0x0000029dc4b5da50 sp=0x000000dae3afde40
Event: 7.466 Thread 0x0000029db2443e30 DEOPT UNPACKING pc=0x0000029dc40a7da2 sp=0x000000dae3afde28 mode 2

Classes loaded (20 events):
Event: 6.297 Loading class java/io/DataOutputStream
Event: 6.298 Loading class java/io/DataOutputStream done
Event: 6.321 Loading class java/util/stream/ReferencePipeline$4
Event: 6.322 Loading class java/util/stream/ReferencePipeline$4 done
Event: 6.322 Loading class java/util/stream/Nodes$IntFixedNodeBuilder
Event: 6.322 Loading class java/util/stream/Node$Builder$OfInt
Event: 6.322 Loading class java/util/stream/Node$Builder$OfInt done
Event: 6.322 Loading class java/util/stream/Nodes$IntArrayNode
Event: 6.323 Loading class java/util/stream/Nodes$IntArrayNode done
Event: 6.323 Loading class java/util/stream/Nodes$IntFixedNodeBuilder done
Event: 6.323 Loading class java/util/stream/ReferencePipeline$4$1
Event: 6.323 Loading class java/util/stream/ReferencePipeline$4$1 done
Event: 6.367 Loading class java/lang/invoke/MethodHandleImpl$CountingWrapper
Event: 6.368 Loading class java/lang/invoke/MethodHandleImpl$CountingWrapper done
Event: 7.155 Loading class java/util/EnumMap$Values
Event: 7.156 Loading class java/util/EnumMap$Values done
Event: 7.156 Loading class java/util/EnumMap$ValueIterator
Event: 7.156 Loading class java/util/EnumMap$ValueIterator done
Event: 7.157 Loading class java/util/WeakHashMap$KeyIterator
Event: 7.157 Loading class java/util/WeakHashMap$KeyIterator done

Classes unloaded (0 events):
No events

Classes redefined (0 events):
No events

Internal exceptions (20 events):
Event: 7.130 Thread 0x0000029db2443e30 Exception <a 'sun/nio/fs/WindowsException'{0x000000008a306728}> (0x000000008a306728) 
thrown [s\open\src\hotspot\share\prims\jni.cpp, line 520]
Event: 7.130 Thread 0x0000029db2443e30 Exception <a 'sun/nio/fs/WindowsException'{0x000000008a306e48}> (0x000000008a306e48) 
thrown [s\open\src\hotspot\share\prims\jni.cpp, line 520]
Event: 7.130 Thread 0x0000029db2443e30 Exception <a 'sun/nio/fs/WindowsException'{0x000000008a307888}> (0x000000008a307888) 
thrown [s\open\src\hotspot\share\prims\jni.cpp, line 520]
Event: 7.137 Thread 0x0000029db2443e30 Exception <a 'sun/nio/fs/WindowsException'{0x000000008a3a4bf0}> (0x000000008a3a4bf0) 
thrown [s\open\src\hotspot\share\prims\jni.cpp, line 520]
Event: 7.137 Thread 0x0000029db2443e30 Exception <a 'sun/nio/fs/WindowsException'{0x000000008a3a5300}> (0x000000008a3a5300) 
thrown [s\open\src\hotspot\share\prims\jni.cpp, line 520]
Event: 7.137 Thread 0x0000029db2443e30 Exception <a 'sun/nio/fs/WindowsException'{0x000000008a3a5ce8}> (0x000000008a3a5ce8) 
thrown [s\open\src\hotspot\share\prims\jni.cpp, line 520]
Event: 7.137 Thread 0x0000029db2443e30 Exception <a 'sun/nio/fs/WindowsException'{0x000000008a3a6498}> (0x000000008a3a6498) 
thrown [s\open\src\hotspot\share\prims\jni.cpp, line 520]
Event: 7.144 Thread 0x0000029db2443e30 Exception <a 'sun/nio/fs/WindowsException'{0x000000008a3e8c50}> (0x000000008a3e8c50) 
thrown [s\open\src\hotspot\share\prims\jni.cpp, line 520]
Event: 7.144 Thread 0x0000029db2443e30 Exception <a 'sun/nio/fs/WindowsException'{0x000000008a3e9350}> (0x000000008a3e9350) 
thrown [s\open\src\hotspot\share\prims\jni.cpp, line 520]
Event: 7.144 Thread 0x0000029db2443e30 Exception <a 'sun/nio/fs/WindowsException'{0x000000008a3e9ce0}> (0x000000008a3e9ce0) 
thrown [s\open\src\hotspot\share\prims\jni.cpp, line 520]
Event: 7.152 Thread 0x0000029db2443e30 Exception <a 'sun/nio/fs/WindowsException'{0x000000008a290368}> (0x000000008a290368) 
thrown [s\open\src\hotspot\share\prims\jni.cpp, line 520]
Event: 7.153 Thread 0x0000029db2443e30 Exception <a 'sun/nio/fs/WindowsException'{0x000000008a290a68}> (0x000000008a290a68) 
thrown [s\open\src\hotspot\share\prims\jni.cpp, line 520]
Event: 7.153 Thread 0x0000029db2443e30 Exception <a 'sun/nio/fs/WindowsException'{0x000000008a2913f8}> (0x000000008a2913f8) 
thrown [s\open\src\hotspot\share\prims\jni.cpp, line 520]
Event: 7.205 Thread 0x0000029db2443e30 Exception <a 'sun/nio/fs/WindowsException'{0x000000008a076730}> (0x000000008a076730) 
thrown [s\open\src\hotspot\share\prims\jni.cpp, line 520]
Event: 7.205 Thread 0x0000029db2443e30 Exception <a 'sun/nio/fs/WindowsException'{0x000000008a076df0}> (0x000000008a076df0) 
thrown [s\open\src\hotspot\share\prims\jni.cpp, line 520]
Event: 7.210 Thread 0x0000029db2443e30 Exception <a 'sun/nio/fs/WindowsException'{0x000000008a08b6d0}> (0x000000008a08b6d0) 
thrown [s\open\src\hotspot\share\prims\jni.cpp, line 520]
Event: 7.462 Thread 0x0000029db2443e30 Exception <a 'sun/nio/fs/WindowsException'{0x0000000089307690}> (0x0000000089307690) 
thrown [s\open\src\hotspot\share\prims\jni.cpp, line 520]
Event: 7.462 Thread 0x0000029db2443e30 Implicit null exception at 0x0000029dc4a24d81 to 0x0000029dc4a24f28
Event: 7.464 Thread 0x0000029db2443e30 Exception <a 'sun/nio/fs/WindowsException'{0x000000008939c528}> (0x000000008939c528) 
thrown [s\open\src\hotspot\share\prims\jni.cpp, line 520]
Event: 7.466 Thread 0x0000029db2443e30 Implicit null exception at 0x0000029dc4b5d448 to 0x0000029dc4b5da3c

ZGC Phase Switch (0 events):
No events

VM Operations (20 events):
Event: 6.291 Executing VM operation: ICBufferFull
Event: 6.291 Executing VM operation: ICBufferFull done
Event: 6.360 Executing VM operation: ICBufferFull
Event: 6.360 Executing VM operation: ICBufferFull done
Event: 6.443 Executing VM operation: ICBufferFull
Event: 6.443 Executing VM operation: ICBufferFull done
Event: 6.498 Executing VM operation: G1CollectForAllocation (G1 Evacuation Pause)
Event: 6.509 Executing VM operation: G1CollectForAllocation (G1 Evacuation Pause) done
Event: 6.569 Executing VM operation: ICBufferFull
Event: 6.569 Executing VM operation: ICBufferFull done
Event: 6.660 Executing VM operation: ICBufferFull
Event: 6.660 Executing VM operation: ICBufferFull done
Event: 6.758 Executing VM operation: ICBufferFull
Event: 6.758 Executing VM operation: ICBufferFull done
Event: 6.850 Executing VM operation: ICBufferFull
Event: 6.850 Executing VM operation: ICBufferFull done
Event: 7.005 Executing VM operation: ICBufferFull
Event: 7.005 Executing VM operation: ICBufferFull done
Event: 7.191 Executing VM operation: ICBufferFull
Event: 7.192 Executing VM operation: ICBufferFull done

Events (19 events):
Event: 0.018 Thread 0x0000029db2443e30 Thread added: 0x0000029db2443e30
Event: 0.028 Thread 0x0000029dd0eff850 Thread added: 0x0000029dd0eff850
Event: 0.028 Thread 0x0000029dd0f013b0 Thread added: 0x0000029dd0f013b0
Event: 0.028 Thread 0x0000029dd0f02c50 Thread added: 0x0000029dd0f02c50
Event: 0.028 Thread 0x0000029dd0f038d0 Thread added: 0x0000029dd0f038d0
Event: 0.028 Thread 0x0000029dd0f06a20 Thread added: 0x0000029dd0f06a20
Event: 0.028 Thread 0x0000029dd0f057b0 Thread added: 0x0000029dd0f057b0
Event: 0.028 Thread 0x0000029dd0f13f60 Thread added: 0x0000029dd0f13f60
Event: 0.028 Thread 0x0000029dd0f16e20 Thread added: 0x0000029dd0f16e20
Event: 0.039 Thread 0x0000029e16242ee0 Thread added: 0x0000029e16242ee0
Event: 0.040 Thread 0x0000029e16250530 Thread added: 0x0000029e16250530
Event: 0.122 Thread 0x0000029e164d6ec0 Thread added: 0x0000029e164d6ec0
Event: 0.149 Thread 0x0000029e16626400 Thread added: 0x0000029e16626400
Event: 0.154 Thread 0x0000029e16626400 Thread exited: 0x0000029e16626400
Event: 0.467 Thread 0x0000029e16f6b900 Thread added: 0x0000029e16f6b900
Event: 1.220 Thread 0x0000029e16f31890 Thread added: 0x0000029e16f31890
Event: 2.473 Thread 0x0000029e16f6b900 Thread exited: 0x0000029e16f6b900
Event: 2.473 Thread 0x0000029e164d6ec0 Thread exited: 0x0000029e164d6ec0
Event: 2.771 Thread 0x0000029e17855060 Thread added: 0x0000029e17855060


Dynamic libraries:
0x00007ff6cc890000 - 0x00007ff6cc8a0000 	C:\Program Files\Java\jdk-21.0.10\bin\java.exe
0x00007ffc834f0000 - 0x00007ffc83707000 	C:\WINDOWS\SYSTEM32\ntdll.dll
0x00007ffc82910000 - 0x00007ffc829d4000 	C:\WINDOWS\System32\KERNEL32.DLL
0x00007ffc80da0000 - 0x00007ffc81172000 	C:\WINDOWS\System32\KERNELBASE.dll
0x00007ffc80c80000 - 0x00007ffc80d91000 	C:\WINDOWS\System32\ucrtbase.dll
0x00007ffc6b620000 - 0x00007ffc6b639000 	C:\Program Files\Java\jdk-21.0.10\bin\jli.dll
0x00007ffc6afa0000 - 0x00007ffc6afbe000 	C:\Program Files\Java\jdk-21.0.10\bin\VCRUNTIME140.dll
0x00007ffc82ee0000 - 0x00007ffc82f91000 	C:\WINDOWS\System32\ADVAPI32.dll
0x00007ffc82a60000 - 0x00007ffc82b07000 	C:\WINDOWS\System32\msvcrt.dll
0x00007ffc832e0000 - 0x00007ffc83388000 	C:\WINDOWS\System32\sechost.dll
0x00007ffc80660000 - 0x00007ffc80688000 	C:\WINDOWS\System32\bcrypt.dll
0x00007ffc822e0000 - 0x00007ffc823f4000 	C:\WINDOWS\System32\RPCRT4.dll
0x00007ffc826d0000 - 0x00007ffc82881000 	C:\WINDOWS\System32\USER32.dll
0x00007ffc6b070000 - 0x00007ffc6b30b000 	C:\WINDOWS\WinSxS\amd64_microsoft.windows.common-controls_6595b64144ccf1df_6.0.22621.5547_none_27104afb73855772\COMCTL32.dll
0x00007ffc80800000 - 0x00007ffc80826000 	C:\WINDOWS\System32\win32u.dll
0x00007ffc82eb0000 - 0x00007ffc82ed9000 	C:\WINDOWS\System32\GDI32.dll
0x00007ffc80b50000 - 0x00007ffc80c73000 	C:\WINDOWS\System32\gdi32full.dll
0x00007ffc80970000 - 0x00007ffc80a0a000 	C:\WINDOWS\System32\msvcp_win.dll
0x00007ffc790c0000 - 0x00007ffc790ca000 	C:\WINDOWS\SYSTEM32\VERSION.dll
0x00007ffc83080000 - 0x00007ffc830b1000 	C:\WINDOWS\System32\IMM32.DLL
0x00007ffc74a50000 - 0x00007ffc74a5c000 	C:\Program Files\Java\jdk-21.0.10\bin\vcruntime140_1.dll
0x00007ffc4e640000 - 0x00007ffc4e6cd000 	C:\Program Files\Java\jdk-21.0.10\bin\msvcp140.dll
0x00007ffc1d430000 - 0x00007ffc1e157000 	C:\Program Files\Java\jdk-21.0.10\bin\server\jvm.dll
0x00007ffc829e0000 - 0x00007ffc82a51000 	C:\WINDOWS\System32\WS2_32.dll
0x00007ffc7ff00000 - 0x00007ffc7ff4d000 	C:\WINDOWS\SYSTEM32\POWRPROF.dll
0x00007ffc7a990000 - 0x00007ffc7a9c4000 	C:\WINDOWS\SYSTEM32\WINMM.dll
0x00007ffc7fe80000 - 0x00007ffc7fe93000 	C:\WINDOWS\SYSTEM32\UMPDC.dll
0x00007ffc7f5e0000 - 0x00007ffc7f5f8000 	C:\WINDOWS\SYSTEM32\kernel.appcore.dll
0x00007ffc73f40000 - 0x00007ffc73f4a000 	C:\Program Files\Java\jdk-21.0.10\bin\jimage.dll
0x00007ffc7de80000 - 0x00007ffc7e0b3000 	C:\WINDOWS\SYSTEM32\DBGHELP.DLL
0x00007ffc82b10000 - 0x00007ffc82ea3000 	C:\WINDOWS\System32\combase.dll
0x00007ffc82fa0000 - 0x00007ffc83077000 	C:\WINDOWS\System32\OLEAUT32.dll
0x00007ffc61870000 - 0x00007ffc618a2000 	C:\WINDOWS\SYSTEM32\dbgcore.DLL
0x00007ffc805e0000 - 0x00007ffc8065b000 	C:\WINDOWS\System32\bcryptPrimitives.dll
0x00007ffc6a200000 - 0x00007ffc6a221000 	C:\Program Files\Java\jdk-21.0.10\bin\java.dll
0x00007ffc812c0000 - 0x00007ffc81b62000 	C:\WINDOWS\System32\SHELL32.dll
0x00007ffc80830000 - 0x00007ffc8096f000 	C:\WINDOWS\System32\wintypes.dll
0x00007ffc7e4c0000 - 0x00007ffc7eddd000 	C:\WINDOWS\SYSTEM32\windows.storage.dll
0x00007ffc83390000 - 0x00007ffc8349c000 	C:\WINDOWS\System32\SHCORE.dll
0x00007ffc82660000 - 0x00007ffc826c9000 	C:\WINDOWS\System32\shlwapi.dll
0x00007ffc80510000 - 0x00007ffc8053b000 	C:\WINDOWS\SYSTEM32\profapi.dll
0x00007ffc41cf0000 - 0x00007ffc41dc7000 	C:\Program Files\Java\jdk-21.0.10\bin\jsvml.dll
0x00007ffc6ae30000 - 0x00007ffc6ae41000 	C:\Program Files\Java\jdk-21.0.10\bin\net.dll
0x00007ffc7bcc0000 - 0x00007ffc7bdec000 	C:\WINDOWS\SYSTEM32\WINHTTP.dll
0x00007ffc7fa70000 - 0x00007ffc7fad9000 	C:\WINDOWS\system32\mswsock.dll
0x00007ffc6a460000 - 0x00007ffc6a476000 	C:\Program Files\Java\jdk-21.0.10\bin\nio.dll
0x00007ffc6a1e0000 - 0x00007ffc6a1f8000 	C:\Program Files\Java\jdk-21.0.10\bin\zip.dll
0x00007ffc66030000 - 0x00007ffc66054000 	C:\Users\kanhiya\.m2\wrapper\dists\apache-maven-3.9.12\59fe215c0ad6947fea90184bf7add084544567b927287592651fda3782e0e798\lib\jansi-native\Windows\x86_64\jansi.dll
0x00007ffc73b70000 - 0x00007ffc73b80000 	C:\Program Files\Java\jdk-21.0.10\bin\verify.dll
0x00007ffc7f6f0000 - 0x00007ffc7f724000 	C:\WINDOWS\SYSTEM32\ntmarta.dll

dbghelp: loaded successfully - version: 4.0.5 - missing functions: none
symbol engine: initialized successfully - sym options: 0x614 - pdb path: .;C:\Program Files\Java\jdk-21.0.10\bin;C:\WINDOWS\SYSTEM32;C:\WINDOWS\WinSxS\amd64_microsoft.windows.common-controls_6595b64144ccf1df_6.0.22621.5547_none_27104afb73855772;C:\Program Files\Java\jdk-21.0.10\bin\server;C:\Users\kanhiya\.m2\wrapper\dists\apache-maven-3.9.12\59fe215c0ad6947fea90184bf7add084544567b927287592651fda3782e0e798\lib\jansi-native\Windows\x86_64

VM Arguments:
jvm_args: --enable-native-access=ALL-UNNAMED -Dclassworlds.conf=C:\Users\kanhiya\.m2\wrapper\dists\apache-maven-3.9.12\59fe215c0ad6947fea90184bf7add084544567b927287592651fda3782e0e798\bin\m2.conf -Dmaven.home=C:\Users\kanhiya\.m2\wrapper\dists\apache-maven-3.9.12\59fe215c0ad6947fea90184bf7add084544567b927287592651fda3782e0e798 -Dlibrary.jansi.path=C:\Users\kanhiya\.m2\wrapper\dists\apache-maven-3.9.12\59fe215c0ad6947fea90184bf7add084544567b927287592651fda3782e0e798\lib\jansi-native -Dmaven.multiModuleProjectDirectory=C:\Users\kanhiya\OneDrive\Desktop\final-pro\backend\Library-Management-System 
java_command: org.codehaus.plexus.classworlds.launcher.Launcher clean package -DskipTests
java_class_path (initial): C:\Users\kanhiya\.m2\wrapper\dists\apache-maven-3.9.12\59fe215c0ad6947fea90184bf7add084544567b927287592651fda3782e0e798\boot\plexus-classworlds-2.9.0.jar
Launcher Type: SUN_STANDARD

[Global flags]
     intx CICompilerCount                          = 4                                         {product} {ergonomic}
     uint ConcGCThreads                            = 2                                         {product} {ergonomic}
     uint G1ConcRefinementThreads                  = 8                                         {product} {ergonomic}
   size_t G1HeapRegionSize                         = 1048576                                   {product} {ergonomic}
    uintx GCDrainStackTargetSize                   = 64                                        {product} {ergonomic}
   size_t InitialHeapSize                          = 130023424                                 {product} {ergonomic}
   size_t MarkStackSize                            = 4194304                                   {product} {ergonomic}
   size_t MaxHeapSize                              = 2067791872                                {product} {ergonomic}
   size_t MaxNewSize                               = 1240465408                                {product} {ergonomic}
   size_t MinHeapDeltaBytes                        = 1048576                                   {product} {ergonomic}
   size_t MinHeapSize                              = 8388608                                   {product} {ergonomic}
    uintx NonNMethodCodeHeapSize                   = 5839372                                {pd product} {ergonomic}
    uintx NonProfiledCodeHeapSize                  = 122909434                              {pd product} {ergonomic}
    uintx ProfiledCodeHeapSize                     = 122909434                              {pd product} {ergonomic}
    uintx ReservedCodeCacheSize                    = 251658240                              {pd product} {ergonomic}
     bool SegmentedCodeCache                       = true                                      {product} {ergonomic}
   size_t SoftMaxHeapSize                          = 2067791872                             {manageable} {ergonomic}
     bool UseCompressedOops                        = true                           {product lp64_product} {ergonomic}
     bool UseG1GC                                  = true                                      {product} {ergonomic}
     bool UseLargePagesIndividualAllocation        = false                                  {pd product} {ergonomic}

Logging:
Log output configuration:
 #0: stdout all=warning uptime,level,tags foldmultilines=false
 #1: stderr all=off uptime,level,tags foldmultilines=false

Environment Variables:
PATH=C:\Program Files\Common Files\Oracle\Java\javapath;C:\Python312\Scripts\;C:\Python312\;C:\WINDOWS\system32;C:\WINDOWS;C:\WINDOWS\System32\Wbem;C:\WINDOWS\System32\WindowsPowerShell\v1.0\;C:\WINDOWS\System32\OpenSSH\;C:\ProgramData\chocolatey\bin;C:\Program Files\MongoDB\Server\6.0\bin;C:\Program Files\mongosh-1.5.4-win32-x64\bin;C:\Program Files\Git\cmd;C:\Program Files\MongoDB\Tools\100\bin;C:\Users\kanhiya\AppData\Roaming\nvm;C:\Program Files\nodejs;C:\Program Files\Python312;'C:\Users\kanhiya\AppData\Roaming\Python\Python312\Scripts;C:\Program Files\WireGuard\;C:\Users\kanhiya\AppData\Local\Microsoft\WindowsApps;C:\Users\kanhiya\AppData\Local\Programs\Microsoft VS Code\bin;C:\Users\kanhiya\AppData\Roaming\nvm;C:\Program Files\nodejs;C:\Users\kanhiya\AppData\Roaming\nvm;C:\Program Files\Python312\Scripts\;C:\Program Files\Go;C:\Users\kanhiya\AppData\Local\Programs\Antigravity\bin;C:\Users\kanhiya\AppData\Local\Programs\cursor\resources\app\bin;c:\Users\kanhiya\.antigravity\extensions\vscjava.vscode-java-debug-0.58.5-universal\bundled\scripts\noConfigScripts
USERNAME=kanhiya
LANG=en_US.UTF-8
OS=Windows_NT
PROCESSOR_IDENTIFIER=Intel64 Family 6 Model 140 Stepping 1, GenuineIntel
TMP=C:\Users\kanhiya\AppData\Local\Temp
TEMP=C:\Users\kanhiya\AppData\Local\Temp




Periodic native trim disabled

---------------  S Y S T E M  ---------------

OS:
 Windows 11 , 64 bit Build 22621 (10.0.22621.5415)
OS uptime: 6 days 9:27 hours
Hyper-V role detected

CPU: total 8 (initial active 8) (4 cores per cpu, 2 threads per core) family 6 model 140 stepping 1 microcode 0xa4, cx8, cmov, fxsr, ht, mmx, 3dnowpref, sse, sse2, sse3, ssse3, sse4.1, sse4.2, popcnt, lzcnt, tsc, tscinvbit, avx, avx2, aes, erms, clmul, bmi1, bmi2, adx, avx512f, avx512dq, avx512cd, avx512bw, avx512vl, sha, fma, vzeroupper, avx512_vpopcntdq, avx512_vpclmulqdq, avx512_vaes, avx512_vnni, clflush, clflushopt, clwb, avx512_vbmi2, avx512_vbmi, hv, rdtscp, rdpid, fsrm, gfni, avx512_bitalg, f16c, cet_ibt, cet_ss, avx512_ifma
Processor Information for all 8 processors :
  Max Mhz: 2419, Current Mhz: 2419, Mhz Limit: 2419

Memory: 4k page, system-wide physical 7886M (464M free)
TotalPageFile size 20776M (AvailPageFile size 4M)
current process WorkingSet (physical memory assigned to process): 323M, peak: 330M
current process commit charge ("private bytes"): 356M, peak: 363M

vm_info: Java HotSpot(TM) 64-Bit Server VM (21.0.10+8-LTS-217) for windows-amd64 JRE (21.0.10+8-LTS-217), built on 2025-12-18T14:59:28Z by "mach5run" with MS VC++ 17.13 (VS2022)

END.
