#
# There is insufficient memory for the Java Runtime Environment to continue.
# Native memory allocation (malloc) failed to allocate 883136 bytes for Chunk::new
# Possible reasons:
#   The system is out of physical RAM or swap space
#   The process is running with CompressedOops enabled, and the Java Heap may be blocking the growth of the native heap
# Possible solutions:
#   Reduce memory load on the system
#   Increase physical memory or swap space
#   Check if swap backing store is full
#   Decrease Java heap size (-Xmx/-Xms)
#   Decrease number of Java threads
#   Decrease Java thread stack sizes (-Xss)
#   Set larger code cache with -XX:ReservedCodeCacheSize=
#   JVM is running with Unscaled Compressed Oops mode in which the Java heap is
#     placed in the first 4GB address space. The Java Heap base address is the
#     maximum limit for the native heap growth. Please use -XX:HeapBaseMinAddress
#     to set the Java Heap base and to place the Java Heap above 4GB virtual address.
# This output file may be truncated or incomplete.
#
#  Out of Memory Error (arena.cpp:168), pid=10032, tid=18572
#
# JRE version: Java(TM) SE Runtime Environment (21.0.10+8) (build 21.0.10+8-LTS-217)
# Java VM: Java HotSpot(TM) 64-Bit Server VM (21.0.10+8-LTS-217, mixed mode, sharing, tiered, compressed oops, compressed class ptrs, g1 gc, windows-amd64)
# No core dump will be written. Minidumps are not enabled by default on client versions of Windows
#

---------------  S U M M A R Y ------------

Command Line: --enable-native-access=ALL-UNNAMED -Dclassworlds.conf=C:\Users\kanhiya\.m2\wrapper\dists\apache-maven-3.9.12\59fe215c0ad6947fea90184bf7add084544567b927287592651fda3782e0e798\bin\m2.conf -Dmaven.home=C:\Users\kanhiya\.m2\wrapper\dists\apache-maven-3.9.12\59fe215c0ad6947fea90184bf7add084544567b927287592651fda3782e0e798 -Dlibrary.jansi.path=C:\Users\kanhiya\.m2\wrapper\dists\apache-maven-3.9.12\59fe215c0ad6947fea90184bf7add084544567b927287592651fda3782e0e798\lib\jansi-native -Dmaven.multiModuleProjectDirectory=C:\Users\kanhiya\OneDrive\Desktop\final-pro\backend\Library-Management-System org.codehaus.plexus.classworlds.launcher.Launcher spring-boot:run

Host: 11th Gen Intel(R) Core(TM) i5-1135G7 @ 2.40GHz, 8 cores, 7G,  Windows 11 , 64 bit Build 22621 (10.0.22621.5415)
Time: Thu Jan 22 08:57:58 2026 India Standard Time elapsed time: 4.605868 seconds (0d 0h 0m 4s)

---------------  T H R E A D  ---------------

Current thread (0x000001b50f1f3730):  JavaThread "C2 CompilerThread1" daemon [_thread_in_native, id=18572, stack(0x00000014c5a00000,0x00000014c5b00000) (1024K)]


Current CompileTask:
C2:   4605 7075   !   4       lombok.javac.JavacAST::drill (146 bytes)

Stack: [0x00000014c5a00000,0x00000014c5b00000]
Native frames: (J=compiled Java code, j=interpreted, Vv=VM code, C=native code)
V  [jvm.dll+0x6d0b59]
V  [jvm.dll+0x85fd56]
V  [jvm.dll+0x86224e]
V  [jvm.dll+0x862923]
V  [jvm.dll+0x282a16]
V  [jvm.dll+0xc662d]
V  [jvm.dll+0xc6b71]
V  [jvm.dll+0x2f800e]
V  [jvm.dll+0x5fadb7]
V  [jvm.dll+0x2549d7]
V  [jvm.dll+0x24cd64]
V  [jvm.dll+0x24a84e]
V  [jvm.dll+0x1cacfe]
V  [jvm.dll+0x25a629]
V  [jvm.dll+0x258bb5]
V  [jvm.dll+0x3f4da1]
V  [jvm.dll+0x80a83d]
V  [jvm.dll+0x6cf3fd]
C  [ucrtbase.dll+0x29333]
C  [KERNEL32.DLL+0x1259d]
C  [ntdll.dll+0x5af78]


---------------  P R O C E S S  ---------------

Threads class SMR info:
_java_thread_list=0x000001b50f936e50, length=13, elements={
0x000001b4ad009940, 0x000001b4c98e3050, 0x000001b4c98e4bb0, 0x000001b4c98e5700,
0x000001b4c98e6250, 0x000001b4c98e6da0, 0x000001b4c98e9080, 0x000001b4c98ee0c0,
0x000001b4c98eeb60, 0x000001b4c9b6fd60, 0x000001b4c9bc7ab0, 0x000001b50f1f3730,
0x000001b50fab7320
}

Java Threads: ( => current thread )
  0x000001b4ad009940 JavaThread "main"                              [_thread_in_vm, id=2592, stack(0x00000014c4800000,0x00000014c4900000) (1024K)]
  0x000001b4c98e3050 JavaThread "Reference Handler"          daemon [_thread_blocked, id=22704, stack(0x00000014c5000000,0x00000014c5100000) (1024K)]
  0x000001b4c98e4bb0 JavaThread "Finalizer"                  daemon [_thread_blocked, id=18860, stack(0x00000014c5100000,0x00000014c5200000) (1024K)]
  0x000001b4c98e5700 JavaThread "Signal Dispatcher"          daemon [_thread_blocked, id=14756, stack(0x00000014c5200000,0x00000014c5300000) (1024K)]
  0x000001b4c98e6250 JavaThread "Attach Listener"            daemon [_thread_blocked, id=22060, stack(0x00000014c5300000,0x00000014c5400000) (1024K)]
  0x000001b4c98e6da0 JavaThread "Service Thread"             daemon [_thread_blocked, id=23916, stack(0x00000014c5400000,0x00000014c5500000) (1024K)]
  0x000001b4c98e9080 JavaThread "Monitor Deflation Thread"   daemon [_thread_blocked, id=17672, stack(0x00000014c5500000,0x00000014c5600000) (1024K)]
  0x000001b4c98ee0c0 JavaThread "C2 CompilerThread0"         daemon [_thread_in_native, id=13132, stack(0x00000014c5600000,0x00000014c5700000) (1024K)]
  0x000001b4c98eeb60 JavaThread "C1 CompilerThread0"         daemon [_thread_in_vm, id=7372, stack(0x00000014c5700000,0x00000014c5800000) (1024K)]
  0x000001b4c9b6fd60 JavaThread "Notification Thread"        daemon [_thread_blocked, id=12852, stack(0x00000014c5800000,0x00000014c5900000) (1024K)]
  0x000001b4c9bc7ab0 JavaThread "Common-Cleaner"             daemon [_thread_blocked, id=9340, stack(0x00000014c5900000,0x00000014c5a00000) (1024K)]
=>0x000001b50f1f3730 JavaThread "C2 CompilerThread1"         daemon [_thread_in_native, id=18572, stack(0x00000014c5a00000,0x00000014c5b00000) (1024K)]
  0x000001b50fab7320 JavaThread "Thread-1"                   daemon [_thread_blocked, id=12756, stack(0x00000014c6200000,0x00000014c6300000) (1024K)]
Total: 13

Other Threads:
  0x000001b4c98c6990 VMThread "VM Thread"                           [id=3084, stack(0x00000014c4f00000,0x00000014c5000000) (1024K)]
  0x000001b4c98b25a0 WatcherThread "VM Periodic Task Thread"        [id=4424, stack(0x00000014c4e00000,0x00000014c4f00000) (1024K)]
  0x000001b4ad05cfa0 WorkerThread "GC Thread#0"                     [id=9716, stack(0x00000014c4900000,0x00000014c4a00000) (1024K)]
  0x000001b50f463f40 WorkerThread "GC Thread#1"                     [id=11656, stack(0x00000014c5b00000,0x00000014c5c00000) (1024K)]
  0x000001b50f92d500 WorkerThread "GC Thread#2"                     [id=21584, stack(0x00000014c5c00000,0x00000014c5d00000) (1024K)]
  0x000001b50fb13b90 WorkerThread "GC Thread#3"                     [id=17460, stack(0x00000014c5d00000,0x00000014c5e00000) (1024K)]
  0x000001b50fb13f40 WorkerThread "GC Thread#4"                     [id=260, stack(0x00000014c5e00000,0x00000014c5f00000) (1024K)]
  0x000001b50f7a4180 WorkerThread "GC Thread#5"                     [id=14404, stack(0x00000014c5f00000,0x00000014c6000000) (1024K)]
  0x000001b50f7a4530 WorkerThread "GC Thread#6"                     [id=12408, stack(0x00000014c6000000,0x00000014c6100000) (1024K)]
  0x000001b50f7a4cf0 WorkerThread "GC Thread#7"                     [id=7848, stack(0x00000014c6100000,0x00000014c6200000) (1024K)]
  0x000001b4ad06d610 ConcurrentGCThread "G1 Main Marker"            [id=17176, stack(0x00000014c4a00000,0x00000014c4b00000) (1024K)]
  0x000001b4ad06e2e0 WorkerThread "G1 Conc#0"                       [id=22252, stack(0x00000014c4b00000,0x00000014c4c00000) (1024K)]
  0x000001b50fc315a0 WorkerThread "G1 Conc#1"                       [id=23752, stack(0x00000014c6300000,0x00000014c6400000) (1024K)]
  0x000001b4ad0ceb20 ConcurrentGCThread "G1 Refine#0"               [id=15836, stack(0x00000014c4c00000,0x00000014c4d00000) (1024K)]
  0x000001b4c9785950 ConcurrentGCThread "G1 Service"                [id=23164, stack(0x00000014c4d00000,0x00000014c4e00000) (1024K)]
Total: 15

Threads with active compile tasks:
C2 CompilerThread0     4636 7077       4       lombok.core.AST::buildWithField (21 bytes)
C1 CompilerThread0     4636 7136       3       com.sun.tools.javac.code.Symtab::instance (26 bytes)
C2 CompilerThread1     4636 7075   !   4       lombok.javac.JavacAST::drill (146 bytes)
Total: 3

VM state: not at safepoint (normal execution)

VM Mutex/Monitor currently owned by a thread:  ([mutex/lock_event])
[0x00007ffc1e077f10] Metaspace_lock - owner thread: 0x000001b4c98eeb60

Heap address: 0x0000000084c00000, size: 1972 MB, Compressed Oops mode: 32-bit

CDS archive(s) mapped at: [0x000001b4ca000000-0x000001b4cac90000-0x000001b4cac90000), size 13172736, SharedBaseAddress: 0x000001b4ca000000, ArchiveRelocationMode: 1.
Compressed class space mapped at: 0x000001b4cb000000-0x000001b50b000000, reserved size: 1073741824
Narrow klass base: 0x000001b4ca000000, Narrow klass shift: 0, Narrow klass range: 0x100000000

GC Precious Log:
 CardTable entry size: 512
 Card Set container configuration: InlinePtr #cards 5 size 8 Array Of Cards #cards 12 size 40 Howl #buckets 4 coarsen threshold 1843 Howl Bitmap #cards 512 size 80 coarsen threshold 460 Card regions per heap region 1 cards per card region 2048
 CPUs: 8 total, 8 available
 Memory: 7886M
 Large Page Support: Disabled
 NUMA Support: Disabled
 Compressed Oops: Enabled (32-bit)
 Heap Region Size: 1M
 Heap Min Capacity: 8M
 Heap Initial Capacity: 124M
 Heap Max Capacity: 1972M
 Pre-touch: Disabled
 Parallel Workers: 8
 Concurrent Workers: 2
 Concurrent Refinement Workers: 8
 Periodic GC: Disabled

Heap:
 garbage-first heap   total 144384K, used 83892K [0x0000000084c00000, 0x0000000100000000)
  region size 1024K, 51 young (52224K), 10 survivors (10240K)
 Metaspace       used 29215K, committed 29632K, reserved 1114112K
  class space    used 3230K, committed 3456K, reserved 1048576K

Heap Regions: E=young(eden), S=young(survivor), O=old, HS=humongous(starts), HC=humongous(continues), CS=collection set, F=free, TAMS=top-at-mark-start, PB=parsable bottom
|   0|0x0000000084c00000, 0x0000000084d00000, 0x0000000084d00000|100%| O|  |TAMS 0x0000000084c00000| PB 0x0000000084c00000| Untracked 
|   1|0x0000000084d00000, 0x0000000084e00000, 0x0000000084e00000|100%| O|  |TAMS 0x0000000084d00000| PB 0x0000000084d00000| Untracked 
|   2|0x0000000084e00000, 0x0000000084f00000, 0x0000000084f00000|100%| O|  |TAMS 0x0000000084e00000| PB 0x0000000084e00000| Untracked 
|   3|0x0000000084f00000, 0x0000000085000000, 0x0000000085000000|100%| O|  |TAMS 0x0000000084f00000| PB 0x0000000084f00000| Untracked 
|   4|0x0000000085000000, 0x0000000085100000, 0x0000000085100000|100%|HS|  |TAMS 0x0000000085000000| PB 0x0000000085000000| Complete 
|   5|0x0000000085100000, 0x0000000085200000, 0x0000000085200000|100%|HC|  |TAMS 0x0000000085100000| PB 0x0000000085100000| Complete 
|   6|0x0000000085200000, 0x0000000085300000, 0x0000000085300000|100%|HC|  |TAMS 0x0000000085200000| PB 0x0000000085200000| Complete 
|   7|0x0000000085300000, 0x0000000085400000, 0x0000000085400000|100%| O|  |TAMS 0x0000000085300000| PB 0x0000000085300000| Untracked 
|   8|0x0000000085400000, 0x0000000085500000, 0x0000000085500000|100%| O|  |TAMS 0x0000000085400000| PB 0x0000000085400000| Untracked 
|   9|0x0000000085500000, 0x0000000085600000, 0x0000000085600000|100%| O|  |TAMS 0x0000000085500000| PB 0x0000000085500000| Untracked 
|  10|0x0000000085600000, 0x000000008566d240, 0x0000000085700000| 42%| O|  |TAMS 0x0000000085600000| PB 0x0000000085600000| Untracked 
|  11|0x0000000085700000, 0x0000000085800000, 0x0000000085800000|100%|HS|  |TAMS 0x0000000085700000| PB 0x0000000085700000| Complete 
|  12|0x0000000085800000, 0x0000000085800000, 0x0000000085900000|  0%| F|  |TAMS 0x0000000085800000| PB 0x0000000085800000| Untracked 
|  13|0x0000000085900000, 0x0000000085900000, 0x0000000085a00000|  0%| F|  |TAMS 0x0000000085900000| PB 0x0000000085900000| Untracked 
|  14|0x0000000085a00000, 0x0000000085a00000, 0x0000000085b00000|  0%| F|  |TAMS 0x0000000085a00000| PB 0x0000000085a00000| Untracked 
|  15|0x0000000085b00000, 0x0000000085b00000, 0x0000000085c00000|  0%| F|  |TAMS 0x0000000085b00000| PB 0x0000000085b00000| Untracked 
|  16|0x0000000085c00000, 0x0000000085c00000, 0x0000000085d00000|  0%| F|  |TAMS 0x0000000085c00000| PB 0x0000000085c00000| Untracked 
|  17|0x0000000085d00000, 0x0000000085d00000, 0x0000000085e00000|  0%| F|  |TAMS 0x0000000085d00000| PB 0x0000000085d00000| Untracked 
|  18|0x0000000085e00000, 0x0000000085e00000, 0x0000000085f00000|  0%| F|  |TAMS 0x0000000085e00000| PB 0x0000000085e00000| Untracked 
|  19|0x0000000085f00000, 0x0000000085f00000, 0x0000000086000000|  0%| F|  |TAMS 0x0000000085f00000| PB 0x0000000085f00000| Untracked 
|  20|0x0000000086000000, 0x0000000086000000, 0x0000000086100000|  0%| F|  |TAMS 0x0000000086000000| PB 0x0000000086000000| Untracked 
|  21|0x0000000086100000, 0x0000000086100000, 0x0000000086200000|  0%| F|  |TAMS 0x0000000086100000| PB 0x0000000086100000| Untracked 
|  22|0x0000000086200000, 0x0000000086200000, 0x0000000086300000|  0%| F|  |TAMS 0x0000000086200000| PB 0x0000000086200000| Untracked 
|  23|0x0000000086300000, 0x0000000086300000, 0x0000000086400000|  0%| F|  |TAMS 0x0000000086300000| PB 0x0000000086300000| Untracked 
|  24|0x0000000086400000, 0x0000000086400000, 0x0000000086500000|  0%| F|  |TAMS 0x0000000086400000| PB 0x0000000086400000| Untracked 
|  25|0x0000000086500000, 0x0000000086500000, 0x0000000086600000|  0%| F|  |TAMS 0x0000000086500000| PB 0x0000000086500000| Untracked 
|  26|0x0000000086600000, 0x0000000086600000, 0x0000000086700000|  0%| F|  |TAMS 0x0000000086600000| PB 0x0000000086600000| Untracked 
|  27|0x0000000086700000, 0x0000000086700000, 0x0000000086800000|  0%| F|  |TAMS 0x0000000086700000| PB 0x0000000086700000| Untracked 
|  28|0x0000000086800000, 0x0000000086800000, 0x0000000086900000|  0%| F|  |TAMS 0x0000000086800000| PB 0x0000000086800000| Untracked 
|  29|0x0000000086900000, 0x0000000086900000, 0x0000000086a00000|  0%| F|  |TAMS 0x0000000086900000| PB 0x0000000086900000| Untracked 
|  30|0x0000000086a00000, 0x0000000086a00000, 0x0000000086b00000|  0%| F|  |TAMS 0x0000000086a00000| PB 0x0000000086a00000| Untracked 
|  31|0x0000000086b00000, 0x0000000086b00000, 0x0000000086c00000|  0%| F|  |TAMS 0x0000000086b00000| PB 0x0000000086b00000| Untracked 
|  32|0x0000000086c00000, 0x0000000086c00000, 0x0000000086d00000|  0%| F|  |TAMS 0x0000000086c00000| PB 0x0000000086c00000| Untracked 
|  33|0x0000000086d00000, 0x0000000086d00000, 0x0000000086e00000|  0%| F|  |TAMS 0x0000000086d00000| PB 0x0000000086d00000| Untracked 
|  34|0x0000000086e00000, 0x0000000086e00000, 0x0000000086f00000|  0%| F|  |TAMS 0x0000000086e00000| PB 0x0000000086e00000| Untracked 
|  35|0x0000000086f00000, 0x0000000086f00000, 0x0000000087000000|  0%| F|  |TAMS 0x0000000086f00000| PB 0x0000000086f00000| Untracked 
|  36|0x0000000087000000, 0x0000000087000000, 0x0000000087100000|  0%| F|  |TAMS 0x0000000087000000| PB 0x0000000087000000| Untracked 
|  37|0x0000000087100000, 0x0000000087200000, 0x0000000087200000|100%|HS|  |TAMS 0x0000000087100000| PB 0x0000000087100000| Complete 
|  38|0x0000000087200000, 0x0000000087300000, 0x0000000087300000|100%|HC|  |TAMS 0x0000000087200000| PB 0x0000000087200000| Complete 
|  39|0x0000000087300000, 0x0000000087400000, 0x0000000087400000|100%|HC|  |TAMS 0x0000000087300000| PB 0x0000000087300000| Complete 
|  40|0x0000000087400000, 0x0000000087400000, 0x0000000087500000|  0%| F|  |TAMS 0x0000000087400000| PB 0x0000000087400000| Untracked 
|  41|0x0000000087500000, 0x0000000087500000, 0x0000000087600000|  0%| F|  |TAMS 0x0000000087500000| PB 0x0000000087500000| Untracked 
|  42|0x0000000087600000, 0x0000000087600000, 0x0000000087700000|  0%| F|  |TAMS 0x0000000087600000| PB 0x0000000087600000| Untracked 
|  43|0x0000000087700000, 0x0000000087700000, 0x0000000087800000|  0%| F|  |TAMS 0x0000000087700000| PB 0x0000000087700000| Untracked 
|  44|0x0000000087800000, 0x0000000087800000, 0x0000000087900000|  0%| F|  |TAMS 0x0000000087800000| PB 0x0000000087800000| Untracked 
|  45|0x0000000087900000, 0x0000000087900000, 0x0000000087a00000|  0%| F|  |TAMS 0x0000000087900000| PB 0x0000000087900000| Untracked 
|  46|0x0000000087a00000, 0x0000000087a00000, 0x0000000087b00000|  0%| F|  |TAMS 0x0000000087a00000| PB 0x0000000087a00000| Untracked 
|  47|0x0000000087b00000, 0x0000000087b00000, 0x0000000087c00000|  0%| F|  |TAMS 0x0000000087b00000| PB 0x0000000087b00000| Untracked 
|  48|0x0000000087c00000, 0x0000000087c00000, 0x0000000087d00000|  0%| F|  |TAMS 0x0000000087c00000| PB 0x0000000087c00000| Untracked 
|  49|0x0000000087d00000, 0x0000000087d00000, 0x0000000087e00000|  0%| F|  |TAMS 0x0000000087d00000| PB 0x0000000087d00000| Untracked 
|  50|0x0000000087e00000, 0x0000000087f00000, 0x0000000087f00000|100%| O|  |TAMS 0x0000000087e00000| PB 0x0000000087e00000| Untracked 
|  51|0x0000000087f00000, 0x0000000088000000, 0x0000000088000000|100%| O|  |TAMS 0x0000000087f00000| PB 0x0000000087f00000| Untracked 
|  52|0x0000000088000000, 0x0000000088100000, 0x0000000088100000|100%| O|  |TAMS 0x0000000088000000| PB 0x0000000088000000| Untracked 
|  53|0x0000000088100000, 0x0000000088200000, 0x0000000088200000|100%| O|  |TAMS 0x0000000088100000| PB 0x0000000088100000| Untracked 
|  54|0x0000000088200000, 0x0000000088300000, 0x0000000088300000|100%| O|  |TAMS 0x0000000088200000| PB 0x0000000088200000| Untracked 
|  55|0x0000000088300000, 0x0000000088400000, 0x0000000088400000|100%| O|  |TAMS 0x0000000088300000| PB 0x0000000088300000| Untracked 
|  56|0x0000000088400000, 0x0000000088500000, 0x0000000088500000|100%| O|  |TAMS 0x0000000088400000| PB 0x0000000088400000| Untracked 
|  57|0x0000000088500000, 0x0000000088500000, 0x0000000088600000|  0%| F|  |TAMS 0x0000000088500000| PB 0x0000000088500000| Untracked 
|  58|0x0000000088600000, 0x0000000088600000, 0x0000000088700000|  0%| F|  |TAMS 0x0000000088600000| PB 0x0000000088600000| Untracked 
|  59|0x0000000088700000, 0x0000000088700000, 0x0000000088800000|  0%| F|  |TAMS 0x0000000088700000| PB 0x0000000088700000| Untracked 
|  60|0x0000000088800000, 0x0000000088800000, 0x0000000088900000|  0%| F|  |TAMS 0x0000000088800000| PB 0x0000000088800000| Untracked 
|  61|0x0000000088900000, 0x0000000088900000, 0x0000000088a00000|  0%| F|  |TAMS 0x0000000088900000| PB 0x0000000088900000| Untracked 
|  62|0x0000000088a00000, 0x0000000088a00000, 0x0000000088b00000|  0%| F|  |TAMS 0x0000000088a00000| PB 0x0000000088a00000| Untracked 
|  63|0x0000000088b00000, 0x0000000088b00000, 0x0000000088c00000|  0%| F|  |TAMS 0x0000000088b00000| PB 0x0000000088b00000| Untracked 
|  64|0x0000000088c00000, 0x0000000088c00000, 0x0000000088d00000|  0%| F|  |TAMS 0x0000000088c00000| PB 0x0000000088c00000| Untracked 
|  65|0x0000000088d00000, 0x0000000088d00000, 0x0000000088e00000|  0%| F|  |TAMS 0x0000000088d00000| PB 0x0000000088d00000| Untracked 
|  66|0x0000000088e00000, 0x0000000088e00000, 0x0000000088f00000|  0%| F|  |TAMS 0x0000000088e00000| PB 0x0000000088e00000| Untracked 
|  67|0x0000000088f00000, 0x0000000088f00000, 0x0000000089000000|  0%| F|  |TAMS 0x0000000088f00000| PB 0x0000000088f00000| Untracked 
|  68|0x0000000089000000, 0x0000000089000000, 0x0000000089100000|  0%| F|  |TAMS 0x0000000089000000| PB 0x0000000089000000| Untracked 
|  69|0x0000000089100000, 0x0000000089100000, 0x0000000089200000|  0%| F|  |TAMS 0x0000000089100000| PB 0x0000000089100000| Untracked 
|  70|0x0000000089200000, 0x0000000089200000, 0x0000000089300000|  0%| F|  |TAMS 0x0000000089200000| PB 0x0000000089200000| Untracked 
|  71|0x0000000089300000, 0x0000000089300000, 0x0000000089400000|  0%| F|  |TAMS 0x0000000089300000| PB 0x0000000089300000| Untracked 
|  72|0x0000000089400000, 0x0000000089400000, 0x0000000089500000|  0%| F|  |TAMS 0x0000000089400000| PB 0x0000000089400000| Untracked 
|  73|0x0000000089500000, 0x0000000089500000, 0x0000000089600000|  0%| F|  |TAMS 0x0000000089500000| PB 0x0000000089500000| Untracked 
|  74|0x0000000089600000, 0x0000000089600000, 0x0000000089700000|  0%| F|  |TAMS 0x0000000089600000| PB 0x0000000089600000| Untracked 
|  75|0x0000000089700000, 0x0000000089700000, 0x0000000089800000|  0%| F|  |TAMS 0x0000000089700000| PB 0x0000000089700000| Untracked 
|  76|0x0000000089800000, 0x0000000089800000, 0x0000000089900000|  0%| F|  |TAMS 0x0000000089800000| PB 0x0000000089800000| Untracked 
|  77|0x0000000089900000, 0x0000000089900000, 0x0000000089a00000|  0%| F|  |TAMS 0x0000000089900000| PB 0x0000000089900000| Untracked 
|  78|0x0000000089a00000, 0x0000000089a80000, 0x0000000089b00000| 50%| E|  |TAMS 0x0000000089a00000| PB 0x0000000089a00000| Complete 
|  79|0x0000000089b00000, 0x0000000089c00000, 0x0000000089c00000|100%| E|CS|TAMS 0x0000000089b00000| PB 0x0000000089b00000| Complete 
|  80|0x0000000089c00000, 0x0000000089d00000, 0x0000000089d00000|100%| E|CS|TAMS 0x0000000089c00000| PB 0x0000000089c00000| Complete 
|  81|0x0000000089d00000, 0x0000000089e00000, 0x0000000089e00000|100%| E|CS|TAMS 0x0000000089d00000| PB 0x0000000089d00000| Complete 
|  82|0x0000000089e00000, 0x0000000089f00000, 0x0000000089f00000|100%| E|CS|TAMS 0x0000000089e00000| PB 0x0000000089e00000| Complete 
|  83|0x0000000089f00000, 0x000000008a000000, 0x000000008a000000|100%| E|CS|TAMS 0x0000000089f00000| PB 0x0000000089f00000| Complete 
|  84|0x000000008a000000, 0x000000008a100000, 0x000000008a100000|100%| E|CS|TAMS 0x000000008a000000| PB 0x000000008a000000| Complete 
|  85|0x000000008a100000, 0x000000008a200000, 0x000000008a200000|100%| E|CS|TAMS 0x000000008a100000| PB 0x000000008a100000| Complete 
|  86|0x000000008a200000, 0x000000008a300000, 0x000000008a300000|100%| E|CS|TAMS 0x000000008a200000| PB 0x000000008a200000| Complete 
|  87|0x000000008a300000, 0x000000008a400000, 0x000000008a400000|100%| E|CS|TAMS 0x000000008a300000| PB 0x000000008a300000| Complete 
|  88|0x000000008a400000, 0x000000008a500000, 0x000000008a500000|100%| E|CS|TAMS 0x000000008a400000| PB 0x000000008a400000| Complete 
|  89|0x000000008a500000, 0x000000008a600000, 0x000000008a600000|100%| S|CS|TAMS 0x000000008a500000| PB 0x000000008a500000| Complete 
|  90|0x000000008a600000, 0x000000008a700000, 0x000000008a700000|100%| S|CS|TAMS 0x000000008a600000| PB 0x000000008a600000| Complete 
|  91|0x000000008a700000, 0x000000008a800000, 0x000000008a800000|100%| S|CS|TAMS 0x000000008a700000| PB 0x000000008a700000| Complete 
|  92|0x000000008a800000, 0x000000008a900000, 0x000000008a900000|100%| S|CS|TAMS 0x000000008a800000| PB 0x000000008a800000| Complete 
|  93|0x000000008a900000, 0x000000008aa00000, 0x000000008aa00000|100%| S|CS|TAMS 0x000000008a900000| PB 0x000000008a900000| Complete 
|  94|0x000000008aa00000, 0x000000008ab00000, 0x000000008ab00000|100%| S|CS|TAMS 0x000000008aa00000| PB 0x000000008aa00000| Complete 
|  95|0x000000008ab00000, 0x000000008ac00000, 0x000000008ac00000|100%| S|CS|TAMS 0x000000008ab00000| PB 0x000000008ab00000| Complete 
|  96|0x000000008ac00000, 0x000000008ad00000, 0x000000008ad00000|100%| S|CS|TAMS 0x000000008ac00000| PB 0x000000008ac00000| Complete 
|  97|0x000000008ad00000, 0x000000008ae00000, 0x000000008ae00000|100%| S|CS|TAMS 0x000000008ad00000| PB 0x000000008ad00000| Complete 
|  98|0x000000008ae00000, 0x000000008af00000, 0x000000008af00000|100%| S|CS|TAMS 0x000000008ae00000| PB 0x000000008ae00000| Complete 
|  99|0x000000008af00000, 0x000000008b000000, 0x000000008b000000|100%| E|CS|TAMS 0x000000008af00000| PB 0x000000008af00000| Complete 
| 100|0x000000008b000000, 0x000000008b100000, 0x000000008b100000|100%| E|CS|TAMS 0x000000008b000000| PB 0x000000008b000000| Complete 
| 101|0x000000008b100000, 0x000000008b200000, 0x000000008b200000|100%| E|CS|TAMS 0x000000008b100000| PB 0x000000008b100000| Complete 
| 102|0x000000008b200000, 0x000000008b300000, 0x000000008b300000|100%| E|CS|TAMS 0x000000008b200000| PB 0x000000008b200000| Complete 
| 103|0x000000008b300000, 0x000000008b400000, 0x000000008b400000|100%| E|CS|TAMS 0x000000008b300000| PB 0x000000008b300000| Complete 
| 104|0x000000008b400000, 0x000000008b500000, 0x000000008b500000|100%| E|CS|TAMS 0x000000008b400000| PB 0x000000008b400000| Complete 
| 105|0x000000008b500000, 0x000000008b600000, 0x000000008b600000|100%| E|CS|TAMS 0x000000008b500000| PB 0x000000008b500000| Complete 
| 106|0x000000008b600000, 0x000000008b700000, 0x000000008b700000|100%| E|CS|TAMS 0x000000008b600000| PB 0x000000008b600000| Complete 
| 107|0x000000008b700000, 0x000000008b800000, 0x000000008b800000|100%| E|CS|TAMS 0x000000008b700000| PB 0x000000008b700000| Complete 
| 108|0x000000008b800000, 0x000000008b900000, 0x000000008b900000|100%| E|CS|TAMS 0x000000008b800000| PB 0x000000008b800000| Complete 
| 109|0x000000008b900000, 0x000000008ba00000, 0x000000008ba00000|100%| E|CS|TAMS 0x000000008b900000| PB 0x000000008b900000| Complete 
| 110|0x000000008ba00000, 0x000000008bb00000, 0x000000008bb00000|100%| E|CS|TAMS 0x000000008ba00000| PB 0x000000008ba00000| Complete 
| 111|0x000000008bb00000, 0x000000008bc00000, 0x000000008bc00000|100%| E|CS|TAMS 0x000000008bb00000| PB 0x000000008bb00000| Complete 
| 112|0x000000008bc00000, 0x000000008bd00000, 0x000000008bd00000|100%| E|CS|TAMS 0x000000008bc00000| PB 0x000000008bc00000| Complete 
| 113|0x000000008bd00000, 0x000000008be00000, 0x000000008be00000|100%| E|CS|TAMS 0x000000008bd00000| PB 0x000000008bd00000| Complete 
| 114|0x000000008be00000, 0x000000008bf00000, 0x000000008bf00000|100%| E|CS|TAMS 0x000000008be00000| PB 0x000000008be00000| Complete 
| 115|0x000000008bf00000, 0x000000008c000000, 0x000000008c000000|100%| E|CS|TAMS 0x000000008bf00000| PB 0x000000008bf00000| Complete 
| 116|0x000000008c000000, 0x000000008c100000, 0x000000008c100000|100%| E|  |TAMS 0x000000008c000000| PB 0x000000008c000000| Complete 
| 117|0x000000008c100000, 0x000000008c200000, 0x000000008c200000|100%| E|CS|TAMS 0x000000008c100000| PB 0x000000008c100000| Complete 
| 118|0x000000008c200000, 0x000000008c300000, 0x000000008c300000|100%| E|CS|TAMS 0x000000008c200000| PB 0x000000008c200000| Complete 
| 119|0x000000008c300000, 0x000000008c400000, 0x000000008c400000|100%| E|CS|TAMS 0x000000008c300000| PB 0x000000008c300000| Complete 
| 120|0x000000008c400000, 0x000000008c500000, 0x000000008c500000|100%| E|CS|TAMS 0x000000008c400000| PB 0x000000008c400000| Complete 
| 121|0x000000008c500000, 0x000000008c600000, 0x000000008c600000|100%| E|CS|TAMS 0x000000008c500000| PB 0x000000008c500000| Complete 
| 122|0x000000008c600000, 0x000000008c700000, 0x000000008c700000|100%| E|CS|TAMS 0x000000008c600000| PB 0x000000008c600000| Complete 
| 123|0x000000008c700000, 0x000000008c800000, 0x000000008c800000|100%| E|CS|TAMS 0x000000008c700000| PB 0x000000008c700000| Complete 
| 124|0x000000008c800000, 0x000000008c900000, 0x000000008c900000|100%| E|CS|TAMS 0x000000008c800000| PB 0x000000008c800000| Complete 
| 125|0x000000008c900000, 0x000000008ca00000, 0x000000008ca00000|100%| E|CS|TAMS 0x000000008c900000| PB 0x000000008c900000| Complete 
| 126|0x000000008ca00000, 0x000000008cb00000, 0x000000008cb00000|100%| E|CS|TAMS 0x000000008ca00000| PB 0x000000008ca00000| Complete 
| 127|0x000000008cb00000, 0x000000008cc00000, 0x000000008cc00000|100%| E|CS|TAMS 0x000000008cb00000| PB 0x000000008cb00000| Complete 
| 128|0x000000008cc00000, 0x000000008cd00000, 0x000000008cd00000|100%| E|CS|TAMS 0x000000008cc00000| PB 0x000000008cc00000| Complete 
|1960|0x00000000ff400000, 0x00000000ff480000, 0x00000000ff500000| 50%| O|  |TAMS 0x00000000ff400000| PB 0x00000000ff400000| Untracked 
|1961|0x00000000ff500000, 0x00000000ff600000, 0x00000000ff600000|100%| O|  |TAMS 0x00000000ff500000| PB 0x00000000ff500000| Untracked 
|1962|0x00000000ff600000, 0x00000000ff700000, 0x00000000ff700000|100%| O|  |TAMS 0x00000000ff600000| PB 0x00000000ff600000| Untracked 
|1963|0x00000000ff700000, 0x00000000ff800000, 0x00000000ff800000|100%| O|  |TAMS 0x00000000ff700000| PB 0x00000000ff700000| Untracked 
|1964|0x00000000ff800000, 0x00000000ff900000, 0x00000000ff900000|100%| O|  |TAMS 0x00000000ff800000| PB 0x00000000ff800000| Untracked 
|1965|0x00000000ff900000, 0x00000000ffa00000, 0x00000000ffa00000|100%| O|  |TAMS 0x00000000ff900000| PB 0x00000000ff900000| Untracked 
|1966|0x00000000ffa00000, 0x00000000ffb00000, 0x00000000ffb00000|100%| O|  |TAMS 0x00000000ffa00000| PB 0x00000000ffa00000| Untracked 
|1967|0x00000000ffb00000, 0x00000000ffc00000, 0x00000000ffc00000|100%| O|  |TAMS 0x00000000ffb00000| PB 0x00000000ffb00000| Untracked 
|1968|0x00000000ffc00000, 0x00000000ffd00000, 0x00000000ffd00000|100%| O|  |TAMS 0x00000000ffc00000| PB 0x00000000ffc00000| Untracked 
|1969|0x00000000ffd00000, 0x00000000ffe00000, 0x00000000ffe00000|100%| O|  |TAMS 0x00000000ffd00000| PB 0x00000000ffd00000| Untracked 
|1970|0x00000000ffe00000, 0x00000000fff00000, 0x00000000fff00000|100%| O|Cm|TAMS 0x00000000ffe00000| PB 0x00000000ffe00000| Complete 
|1971|0x00000000fff00000, 0x0000000100000000, 0x0000000100000000|100%| O|  |TAMS 0x00000000fff00000| PB 0x00000000fff00000| Untracked 

Card table byte_map: [0x000001b4c4bc0000,0x000001b4c4fa0000] _byte_map_base: 0x000001b4c479a000

Marking Bits: (CMBitMap*) 0x000001b4ad05d6b0
 Bits: [0x000001b4c4fa0000, 0x000001b4c6e70000)

Polling page: 0x000001b4aafd0000

Metaspace:

Usage:
  Non-class:     25.38 MB used.
      Class:      3.15 MB used.
       Both:     28.53 MB used.

Virtual space:
  Non-class space:       64.00 MB reserved,      25.56 MB ( 40%) committed,  1 nodes.
      Class space:        1.00 GB reserved,       3.38 MB ( <1%) committed,  1 nodes.
             Both:        1.06 GB reserved,      28.94 MB (  3%) committed. 

Chunk freelists:
   Non-Class:  6.31 MB
       Class:  12.62 MB
        Both:  18.93 MB

MaxMetaspaceSize: unlimited
CompressedClassSpaceSize: 1.00 GB
Initial GC threshold: 21.00 MB
Current GC threshold: 35.88 MB
CDS: on
 - commit_granule_bytes: 65536.
 - commit_granule_words: 8192.
 - virtual_space_node_default_size: 8388608.
 - enlarge_chunks_in_place: 1.
 - use_allocation_guard: 0.


Internal statistics:

num_allocs_failed_limit: 6.
num_arena_births: 274.
num_arena_deaths: 0.
num_vsnodes_births: 2.
num_vsnodes_deaths: 0.
num_space_committed: 463.
num_space_uncommitted: 0.
num_chunks_returned_to_freelist: 6.
num_chunks_taken_from_freelist: 1325.
num_chunk_merges: 6.
num_chunk_splits: 946.
num_chunks_enlarged: 740.
num_inconsistent_stats: 0.

CodeHeap 'non-profiled nmethods': size=120000Kb used=3630Kb max_used=3630Kb free=116369Kb
 bounds [0x000001b4bcf80000, 0x000001b4bd310000, 0x000001b4c44b0000]
CodeHeap 'profiled nmethods': size=120000Kb used=16085Kb max_used=16085Kb free=103914Kb
 bounds [0x000001b4b54b0000, 0x000001b4b6470000, 0x000001b4bc9e0000]
CodeHeap 'non-nmethods': size=5760Kb used=1622Kb max_used=1657Kb free=4137Kb
 bounds [0x000001b4bc9e0000, 0x000001b4bcc50000, 0x000001b4bcf80000]
 total_blobs=7666 nmethods=7122 adapters=448
 compilation: enabled
              stopped_count=0, restarted_count=0
 full_count=0

Compilation events (20 events):
Event: 4.581 Thread 0x000001b4c98eeb60 nmethod 7124 0x000001b4b6450190 code [0x000001b4b6450420, 0x000001b4b6451228]
Event: 4.581 Thread 0x000001b4c98eeb60 7125       3       java.lang.invoke.LambdaForm$MH/0x000001b4cb35e400::invoke (42 bytes)
Event: 4.582 Thread 0x000001b4c98eeb60 nmethod 7125 0x000001b4b6451610 code [0x000001b4b64518a0, 0x000001b4b64526a8]
Event: 4.582 Thread 0x000001b4c98eeb60 7126       3       java.net.URI::hashIgnoringCase (45 bytes)
Event: 4.583 Thread 0x000001b4c98eeb60 nmethod 7126 0x000001b4b6452a90 code [0x000001b4b6452cc0, 0x000001b4b6453510]
Event: 4.583 Thread 0x000001b4c98eeb60 7127       3       java.net.URI::equals (223 bytes)
Event: 4.584 Thread 0x000001b4c98eeb60 nmethod 7127 0x000001b4b6453890 code [0x000001b4b6453b60, 0x000001b4b6454860]
Event: 4.584 Thread 0x000001b4c98eeb60 7128       3       java.net.URI::equalIgnoringCase (68 bytes)
Event: 4.585 Thread 0x000001b4c98eeb60 nmethod 7128 0x000001b4b6454a90 code [0x000001b4b6454d60, 0x000001b4b6455d60]
Event: 4.588 Thread 0x000001b4c98eeb60 7130       3       java.lang.invoke.LambdaForm$MH/0x000001b4cb35dc00::invoke (42 bytes)
Event: 4.588 Thread 0x000001b4c98eeb60 nmethod 7130 0x000001b4b6456390 code [0x000001b4b64565c0, 0x000001b4b6456f10]
Event: 4.588 Thread 0x000001b4c98eeb60 7132       3       java.util.IdentityHashMap$IdentityHashMapIterator::<init> (63 bytes)
Event: 4.589 Thread 0x000001b4c98eeb60 nmethod 7132 0x000001b4b6457190 code [0x000001b4b6457340, 0x000001b4b64575e8]
Event: 4.589 Thread 0x000001b4c98eeb60 7131       3       com.sun.tools.javac.tree.JCTree$JCCompilationUnit::getPackageName (18 bytes)
Event: 4.589 Thread 0x000001b4c98eeb60 nmethod 7131 0x000001b4b6457710 code [0x000001b4b64578c0, 0x000001b4b6457b28]
Event: 4.591 Thread 0x000001b4c98eeb60 7133   !   3       lombok.javac.PackageName::getPackageNode (71 bytes)
Event: 4.594 Thread 0x000001b4c98eeb60 nmethod 7133 0x000001b4b6457c10 code [0x000001b4b6458260, 0x000001b4b645b118]
Event: 4.595 Thread 0x000001b4c98eeb60 7134   !   3       lombok.core.configuration.FileSystemSourceCache::forUri (180 bytes)
Event: 4.597 Thread 0x000001b4c98eeb60 nmethod 7134 0x000001b4b645ca90 code [0x000001b4b645cfa0, 0x000001b4b645f5d0]
Event: 4.601 Thread 0x000001b4c98eeb60 7135       3       lombok.javac.JavacAST::buildType (203 bytes)

GC Heap History (12 events):
Event: 0.472 GC heap before
{Heap before GC invocations=0 (full 0):
 garbage-first heap   total 126976K, used 23552K [0x0000000084c00000, 0x0000000100000000)
  region size 1024K, 23 young (23552K), 0 survivors (0K)
 Metaspace       used 5619K, committed 5888K, reserved 1114112K
  class space    used 646K, committed 768K, reserved 1048576K
}
Event: 0.476 GC heap after
{Heap after GC invocations=1 (full 0):
 garbage-first heap   total 126976K, used 3907K [0x0000000084c00000, 0x0000000100000000)
  region size 1024K, 3 young (3072K), 3 survivors (3072K)
 Metaspace       used 5619K, committed 5888K, reserved 1114112K
  class space    used 646K, committed 768K, reserved 1048576K
}
Event: 0.856 GC heap before
{Heap before GC invocations=1 (full 0):
 garbage-first heap   total 126976K, used 35651K [0x0000000084c00000, 0x0000000100000000)
  region size 1024K, 34 young (34816K), 3 survivors (3072K)
 Metaspace       used 9586K, committed 9728K, reserved 1114112K
  class space    used 1125K, committed 1216K, reserved 1048576K
}
Event: 0.862 GC heap after
{Heap after GC invocations=2 (full 0):
 garbage-first heap   total 126976K, used 5565K [0x0000000084c00000, 0x0000000100000000)
  region size 1024K, 2 young (2048K), 2 survivors (2048K)
 Metaspace       used 9586K, committed 9728K, reserved 1114112K
  class space    used 1125K, committed 1216K, reserved 1048576K
}
Event: 1.879 GC heap before
{Heap before GC invocations=2 (full 0):
 garbage-first heap   total 126976K, used 79293K [0x0000000084c00000, 0x0000000100000000)
  region size 1024K, 74 young (75776K), 2 survivors (2048K)
 Metaspace       used 15839K, committed 16064K, reserved 1114112K
  class space    used 1833K, committed 1920K, reserved 1048576K
}
Event: 1.892 GC heap after
{Heap after GC invocations=3 (full 0):
 garbage-first heap   total 126976K, used 13563K [0x0000000084c00000, 0x0000000100000000)
  region size 1024K, 10 young (10240K), 10 survivors (10240K)
 Metaspace       used 15839K, committed 16064K, reserved 1114112K
  class space    used 1833K, committed 1920K, reserved 1048576K
}
Event: 2.933 GC heap before
{Heap before GC invocations=3 (full 0):
 garbage-first heap   total 126976K, used 115963K [0x0000000084c00000, 0x0000000100000000)
  region size 1024K, 74 young (75776K), 10 survivors (10240K)
 Metaspace       used 20119K, committed 20416K, reserved 1114112K
  class space    used 2277K, committed 2432K, reserved 1048576K
}
Event: 2.952 GC heap after
{Heap after GC invocations=4 (full 0):
 garbage-first heap   total 133120K, used 22794K [0x0000000084c00000, 0x0000000100000000)
  region size 1024K, 7 young (7168K), 7 survivors (7168K)
 Metaspace       used 20119K, committed 20416K, reserved 1114112K
  class space    used 2277K, committed 2432K, reserved 1048576K
}
Event: 3.021 GC heap before
{Heap before GC invocations=4 (full 0):
 garbage-first heap   total 133120K, used 33034K [0x0000000084c00000, 0x0000000100000000)
  region size 1024K, 15 young (15360K), 7 survivors (7168K)
 Metaspace       used 21254K, committed 21504K, reserved 1114112K
  class space    used 2441K, committed 2560K, reserved 1048576K
}
Event: 3.026 GC heap after
{Heap after GC invocations=5 (full 0):
 garbage-first heap   total 133120K, used 27505K [0x0000000084c00000, 0x0000000100000000)
  region size 1024K, 5 young (5120K), 5 survivors (5120K)
 Metaspace       used 21254K, committed 21504K, reserved 1114112K
  class space    used 2441K, committed 2560K, reserved 1048576K
}
Event: 3.873 GC heap before
{Heap before GC invocations=6 (full 0):
 garbage-first heap   total 99328K, used 98161K [0x0000000084c00000, 0x0000000100000000)
  region size 1024K, 73 young (74752K), 5 survivors (5120K)
 Metaspace       used 27229K, committed 27584K, reserved 1114112K
  class space    used 3023K, committed 3200K, reserved 1048576K
}
Event: 3.903 GC heap after
{Heap after GC invocations=7 (full 0):
 garbage-first heap   total 144384K, used 43956K [0x0000000084c00000, 0x0000000100000000)
  region size 1024K, 10 young (10240K), 10 survivors (10240K)
 Metaspace       used 27229K, committed 27584K, reserved 1114112K
  class space    used 3023K, committed 3200K, reserved 1048576K
}

Dll operation events (8 events):
Event: 0.006 Loaded shared library C:\Program Files\Java\jdk-21.0.10\bin\java.dll
Event: 0.030 Loaded shared library C:\Program Files\Java\jdk-21.0.10\bin\jsvml.dll
Event: 0.044 Loaded shared library C:\Program Files\Java\jdk-21.0.10\bin\net.dll
Event: 0.045 Loaded shared library C:\Program Files\Java\jdk-21.0.10\bin\nio.dll
Event: 0.048 Loaded shared library C:\Program Files\Java\jdk-21.0.10\bin\zip.dll
Event: 0.148 Loaded shared library C:\Program Files\Java\jdk-21.0.10\bin\jimage.dll
Event: 0.148 Loaded shared library C:\Users\kanhiya\.m2\wrapper\dists\apache-maven-3.9.12\59fe215c0ad6947fea90184bf7add084544567b927287592651fda3782e0e798\lib\jansi-native\Windows\x86_64\jansi.dll
Event: 0.162 Loaded shared library C:\Program Files\Java\jdk-21.0.10\bin\verify.dll

Deoptimization events (20 events):
Event: 4.430 Thread 0x000001b4ad009940 Uncommon trap: trap_request=0xffffffde fr.pc=0x000001b4bd153d98 relative=0x0000000000000078
Event: 4.430 Thread 0x000001b4ad009940 Uncommon trap: reason=class_check action=maybe_recompile pc=0x000001b4bd153d98 method=java.util.Collections$UnmodifiableMap$UnmodifiableEntrySet$UnmodifiableEntry.getValue()Ljava/lang/Object; @ 4 c2
Event: 4.430 Thread 0x000001b4ad009940 DEOPT PACKING pc=0x000001b4bd153d98 sp=0x00000014c48fc870
Event: 4.430 Thread 0x000001b4ad009940 DEOPT UNPACKING pc=0x000001b4bca37da2 sp=0x00000014c48fc7f8 mode 2
Event: 4.447 Thread 0x000001b4ad009940 DEOPT PACKING pc=0x000001b4b63cd88e sp=0x00000014c48fcec0
Event: 4.447 Thread 0x000001b4ad009940 DEOPT UNPACKING pc=0x000001b4bca388e2 sp=0x00000014c48fc3a8 mode 0
Event: 4.484 Thread 0x000001b4ad009940 Uncommon trap: trap_request=0xffffff45 fr.pc=0x000001b4bd17a340 relative=0x00000000000006c0
Event: 4.484 Thread 0x000001b4ad009940 Uncommon trap: reason=unstable_if action=reinterpret pc=0x000001b4bd17a340 method=java.util.IdentityHashMap.maskNull(Ljava/lang/Object;)Ljava/lang/Object; @ 1 c2
Event: 4.484 Thread 0x000001b4ad009940 DEOPT PACKING pc=0x000001b4bd17a340 sp=0x00000014c48fcf40
Event: 4.484 Thread 0x000001b4ad009940 DEOPT UNPACKING pc=0x000001b4bca37da2 sp=0x00000014c48fcea8 mode 2
Event: 4.495 Thread 0x000001b4ad009940 DEOPT PACKING pc=0x000001b4b63cd88e sp=0x00000014c48fcec0
Event: 4.495 Thread 0x000001b4ad009940 DEOPT UNPACKING pc=0x000001b4bca388e2 sp=0x00000014c48fc3a8 mode 0
Event: 4.536 Thread 0x000001b4ad009940 DEOPT PACKING pc=0x000001b4b63cd88e sp=0x00000014c48fc9b0
Event: 4.536 Thread 0x000001b4ad009940 DEOPT UNPACKING pc=0x000001b4bca388e2 sp=0x00000014c48fbe98 mode 0
Event: 4.551 Thread 0x000001b4ad009940 DEOPT PACKING pc=0x000001b4b63cd88e sp=0x00000014c48fc9b0
Event: 4.551 Thread 0x000001b4ad009940 DEOPT UNPACKING pc=0x000001b4bca388e2 sp=0x00000014c48fbe98 mode 0
Event: 4.572 Thread 0x000001b4ad009940 DEOPT PACKING pc=0x000001b4b63cd88e sp=0x00000014c48fcec0
Event: 4.572 Thread 0x000001b4ad009940 DEOPT UNPACKING pc=0x000001b4bca388e2 sp=0x00000014c48fc3a8 mode 0
Event: 4.603 Thread 0x000001b4ad009940 DEOPT PACKING pc=0x000001b4b63cd88e sp=0x00000014c48fcee0
Event: 4.603 Thread 0x000001b4ad009940 DEOPT UNPACKING pc=0x000001b4bca388e2 sp=0x00000014c48fc3c8 mode 0

Classes loaded (20 events):
Event: 4.168 Loading class java/util/regex/Pattern$LookBehindEndNode
Event: 4.169 Loading class java/util/regex/Pattern$LookBehindEndNode done
Event: 4.169 Loading class java/util/regex/Pattern$NotBehind
Event: 4.169 Loading class java/util/regex/Pattern$NotBehind done
Event: 4.212 Loading class java/util/Vector$1
Event: 4.212 Loading class java/util/Vector$1 done
Event: 4.218 Loading class java/io/PushbackInputStream
Event: 4.218 Loading class java/io/PushbackInputStream done
Event: 4.404 Loading class java/util/Collections$UnmodifiableSortedSet
Event: 4.404 Loading class java/util/Collections$UnmodifiableSortedSet done
Event: 4.411 Loading class java/util/IdentityHashMap$EntrySet
Event: 4.411 Loading class java/util/IdentityHashMap$EntrySet done
Event: 4.411 Loading class java/util/IdentityHashMap$EntryIterator
Event: 4.411 Loading class java/util/IdentityHashMap$EntryIterator done
Event: 4.411 Loading class java/util/IdentityHashMap$EntryIterator$Entry
Event: 4.412 Loading class java/util/IdentityHashMap$EntryIterator$Entry done
Event: 4.417 Loading class java/util/function/UnaryOperator
Event: 4.417 Loading class java/util/function/UnaryOperator done
Event: 4.423 Loading class java/util/regex/Pattern$Caret
Event: 4.423 Loading class java/util/regex/Pattern$Caret done

Classes unloaded (0 events):
No events

Classes redefined (0 events):
No events

Internal exceptions (20 events):
Event: 3.799 Thread 0x000001b4ad009940 Exception <a 'sun/nio/fs/WindowsException'{0x0000000085dde6b8}> (0x0000000085dde6b8) 
thrown [s\open\src\hotspot\share\prims\jni.cpp, line 520]
Event: 3.811 Thread 0x000001b4ad009940 Exception <a 'sun/nio/fs/WindowsException'{0x0000000085c39868}> (0x0000000085c39868) 
thrown [s\open\src\hotspot\share\prims\jni.cpp, line 520]
Event: 3.811 Thread 0x000001b4ad009940 Exception <a 'sun/nio/fs/WindowsException'{0x0000000085c3c998}> (0x0000000085c3c998) 
thrown [s\open\src\hotspot\share\prims\jni.cpp, line 520]
Event: 3.811 Thread 0x000001b4ad009940 Exception <a 'sun/nio/fs/WindowsException'{0x0000000085c43f70}> (0x0000000085c43f70) 
thrown [s\open\src\hotspot\share\prims\jni.cpp, line 520]
Event: 3.811 Thread 0x000001b4ad009940 Exception <a 'sun/nio/fs/WindowsException'{0x0000000085c44d30}> (0x0000000085c44d30) 
thrown [s\open\src\hotspot\share\prims\jni.cpp, line 520]
Event: 3.844 Thread 0x000001b4ad009940 Exception <a 'sun/nio/fs/WindowsException'{0x0000000085bf9ab0}> (0x0000000085bf9ab0) 
thrown [s\open\src\hotspot\share\prims\jni.cpp, line 520]
Event: 3.844 Thread 0x000001b4ad009940 Exception <a 'sun/nio/fs/WindowsException'{0x0000000085a02070}> (0x0000000085a02070) 
thrown [s\open\src\hotspot\share\prims\jni.cpp, line 520]
Event: 3.845 Thread 0x000001b4ad009940 Exception <a 'sun/nio/fs/WindowsException'{0x0000000085a15bf0}> (0x0000000085a15bf0) 
thrown [s\open\src\hotspot\share\prims\jni.cpp, line 520]
Event: 3.845 Thread 0x000001b4ad009940 Exception <a 'sun/nio/fs/WindowsException'{0x0000000085a16c30}> (0x0000000085a16c30) 
thrown [s\open\src\hotspot\share\prims\jni.cpp, line 520]
Event: 3.847 Thread 0x000001b4ad009940 Exception <a 'sun/nio/fs/WindowsException'{0x0000000085a357f0}> (0x0000000085a357f0) 
thrown [s\open\src\hotspot\share\prims\jni.cpp, line 520]
Event: 3.847 Thread 0x000001b4ad009940 Exception <a 'sun/nio/fs/WindowsException'{0x0000000085a3d060}> (0x0000000085a3d060) 
thrown [s\open\src\hotspot\share\prims\jni.cpp, line 520]
Event: 3.847 Thread 0x000001b4ad009940 Exception <a 'sun/nio/fs/WindowsException'{0x0000000085a50a98}> (0x0000000085a50a98) 
thrown [s\open\src\hotspot\share\prims\jni.cpp, line 520]
Event: 3.847 Thread 0x000001b4ad009940 Exception <a 'sun/nio/fs/WindowsException'{0x0000000085a51aa8}> (0x0000000085a51aa8) 
thrown [s\open\src\hotspot\share\prims\jni.cpp, line 520]
Event: 3.847 Thread 0x000001b4ad009940 Exception <a 'sun/nio/fs/WindowsException'{0x0000000085a59ab8}> (0x0000000085a59ab8) 
thrown [s\open\src\hotspot\share\prims\jni.cpp, line 520]
Event: 3.848 Thread 0x000001b4ad009940 Exception <a 'sun/nio/fs/WindowsException'{0x0000000085a6e2a0}> (0x0000000085a6e2a0) 
thrown [s\open\src\hotspot\share\prims\jni.cpp, line 520]
Event: 3.848 Thread 0x000001b4ad009940 Exception <a 'sun/nio/fs/WindowsException'{0x0000000085aa5670}> (0x0000000085aa5670) 
thrown [s\open\src\hotspot\share\prims\jni.cpp, line 520]
Event: 3.848 Thread 0x000001b4ad009940 Exception <a 'sun/nio/fs/WindowsException'{0x0000000085aa6940}> (0x0000000085aa6940) 
thrown [s\open\src\hotspot\share\prims\jni.cpp, line 520]
Event: 3.904 Thread 0x000001b4ad009940 Implicit null exception at 0x000001b4bd22dc3b to 0x000001b4bd22e6c0
Event: 3.945 Thread 0x000001b4ad009940 Implicit null exception at 0x000001b4bd0d87f8 to 0x000001b4bd0d8c4c
Event: 4.484 Thread 0x000001b4ad009940 Implicit null exception at 0x000001b4bd179ccb to 0x000001b4bd17a330

ZGC Phase Switch (0 events):
No events

VM Operations (20 events):
Event: 3.268 Executing VM operation: HandshakeAllThreads (Deoptimize)
Event: 3.268 Executing VM operation: HandshakeAllThreads (Deoptimize) done
Event: 3.533 Executing VM operation: HandshakeAllThreads (Deoptimize)
Event: 3.534 Executing VM operation: HandshakeAllThreads (Deoptimize) done
Event: 3.570 Executing VM operation: ICBufferFull
Event: 3.570 Executing VM operation: ICBufferFull done
Event: 3.683 Executing VM operation: ICBufferFull
Event: 3.683 Executing VM operation: ICBufferFull done
Event: 3.764 Executing VM operation: ICBufferFull
Event: 3.764 Executing VM operation: ICBufferFull done
Event: 3.838 Executing VM operation: ICBufferFull
Event: 3.838 Executing VM operation: ICBufferFull done
Event: 3.854 Executing VM operation: HandshakeAllThreads (Deoptimize)
Event: 3.855 Executing VM operation: HandshakeAllThreads (Deoptimize) done
Event: 3.859 Executing VM operation: ICBufferFull
Event: 3.859 Executing VM operation: ICBufferFull done
Event: 3.873 Executing VM operation: G1CollectForAllocation (G1 Evacuation Pause)
Event: 3.903 Executing VM operation: G1CollectForAllocation (G1 Evacuation Pause) done
Event: 4.506 Executing VM operation: ICBufferFull
Event: 4.506 Executing VM operation: ICBufferFull done

Events (15 events):
Event: 0.017 Thread 0x000001b4ad009940 Thread added: 0x000001b4ad009940
Event: 0.028 Thread 0x000001b4c98e3050 Thread added: 0x000001b4c98e3050
Event: 0.028 Thread 0x000001b4c98e4bb0 Thread added: 0x000001b4c98e4bb0
Event: 0.028 Thread 0x000001b4c98e5700 Thread added: 0x000001b4c98e5700
Event: 0.028 Thread 0x000001b4c98e6250 Thread added: 0x000001b4c98e6250
Event: 0.028 Thread 0x000001b4c98e6da0 Thread added: 0x000001b4c98e6da0
Event: 0.028 Thread 0x000001b4c98e9080 Thread added: 0x000001b4c98e9080
Event: 0.028 Thread 0x000001b4c98ee0c0 Thread added: 0x000001b4c98ee0c0
Event: 0.028 Thread 0x000001b4c98eeb60 Thread added: 0x000001b4c98eeb60
Event: 0.040 Thread 0x000001b4c9b6fd60 Thread added: 0x000001b4c9b6fd60
Event: 0.041 Thread 0x000001b4c9bc7ab0 Thread added: 0x000001b4c9bc7ab0
Event: 0.146 Thread 0x000001b4c9e23040 Thread added: 0x000001b4c9e23040
Event: 0.152 Thread 0x000001b4c9e23040 Thread exited: 0x000001b4c9e23040
Event: 0.224 Thread 0x000001b50f1f3730 Thread added: 0x000001b50f1f3730
Event: 1.191 Thread 0x000001b50fab7320 Thread added: 0x000001b50fab7320


Dynamic libraries:
0x00007ff6cc890000 - 0x00007ff6cc8a0000 	C:\Program Files\Java\jdk-21.0.10\bin\java.exe
0x00007ffc834f0000 - 0x00007ffc83707000 	C:\WINDOWS\SYSTEM32\ntdll.dll
0x00007ffc82910000 - 0x00007ffc829d4000 	C:\WINDOWS\System32\KERNEL32.DLL
0x00007ffc80da0000 - 0x00007ffc81172000 	C:\WINDOWS\System32\KERNELBASE.dll
0x00007ffc80c80000 - 0x00007ffc80d91000 	C:\WINDOWS\System32\ucrtbase.dll
0x00007ffc6afa0000 - 0x00007ffc6afbe000 	C:\Program Files\Java\jdk-21.0.10\bin\VCRUNTIME140.dll
0x00007ffc6b620000 - 0x00007ffc6b639000 	C:\Program Files\Java\jdk-21.0.10\bin\jli.dll
0x00007ffc82ee0000 - 0x00007ffc82f91000 	C:\WINDOWS\System32\ADVAPI32.dll
0x00007ffc82a60000 - 0x00007ffc82b07000 	C:\WINDOWS\System32\msvcrt.dll
0x00007ffc832e0000 - 0x00007ffc83388000 	C:\WINDOWS\System32\sechost.dll
0x00007ffc80660000 - 0x00007ffc80688000 	C:\WINDOWS\System32\bcrypt.dll
0x00007ffc822e0000 - 0x00007ffc823f4000 	C:\WINDOWS\System32\RPCRT4.dll
0x00007ffc826d0000 - 0x00007ffc82881000 	C:\WINDOWS\System32\USER32.dll
0x00007ffc80800000 - 0x00007ffc80826000 	C:\WINDOWS\System32\win32u.dll
0x00007ffc6b070000 - 0x00007ffc6b30b000 	C:\WINDOWS\WinSxS\amd64_microsoft.windows.common-controls_6595b64144ccf1df_6.0.22621.5547_none_27104afb73855772\COMCTL32.dll
0x00007ffc82eb0000 - 0x00007ffc82ed9000 	C:\WINDOWS\System32\GDI32.dll
0x00007ffc80b50000 - 0x00007ffc80c73000 	C:\WINDOWS\System32\gdi32full.dll
0x00007ffc80970000 - 0x00007ffc80a0a000 	C:\WINDOWS\System32\msvcp_win.dll
0x00007ffc790c0000 - 0x00007ffc790ca000 	C:\WINDOWS\SYSTEM32\VERSION.dll
0x00007ffc83080000 - 0x00007ffc830b1000 	C:\WINDOWS\System32\IMM32.DLL
0x00007ffc74a50000 - 0x00007ffc74a5c000 	C:\Program Files\Java\jdk-21.0.10\bin\vcruntime140_1.dll
0x00007ffc4e640000 - 0x00007ffc4e6cd000 	C:\Program Files\Java\jdk-21.0.10\bin\msvcp140.dll
0x00007ffc1d430000 - 0x00007ffc1e157000 	C:\Program Files\Java\jdk-21.0.10\bin\server\jvm.dll
0x00007ffc829e0000 - 0x00007ffc82a51000 	C:\WINDOWS\System32\WS2_32.dll
0x00007ffc7ff00000 - 0x00007ffc7ff4d000 	C:\WINDOWS\SYSTEM32\POWRPROF.dll
0x00007ffc7a990000 - 0x00007ffc7a9c4000 	C:\WINDOWS\SYSTEM32\WINMM.dll
0x00007ffc7fe80000 - 0x00007ffc7fe93000 	C:\WINDOWS\SYSTEM32\UMPDC.dll
0x00007ffc7f5e0000 - 0x00007ffc7f5f8000 	C:\WINDOWS\SYSTEM32\kernel.appcore.dll
0x00007ffc73f40000 - 0x00007ffc73f4a000 	C:\Program Files\Java\jdk-21.0.10\bin\jimage.dll
0x00007ffc7de80000 - 0x00007ffc7e0b3000 	C:\WINDOWS\SYSTEM32\DBGHELP.DLL
0x00007ffc82b10000 - 0x00007ffc82ea3000 	C:\WINDOWS\System32\combase.dll
0x00007ffc82fa0000 - 0x00007ffc83077000 	C:\WINDOWS\System32\OLEAUT32.dll
0x00007ffc61870000 - 0x00007ffc618a2000 	C:\WINDOWS\SYSTEM32\dbgcore.DLL
0x00007ffc805e0000 - 0x00007ffc8065b000 	C:\WINDOWS\System32\bcryptPrimitives.dll
0x00007ffc6a200000 - 0x00007ffc6a221000 	C:\Program Files\Java\jdk-21.0.10\bin\java.dll
0x00007ffc812c0000 - 0x00007ffc81b62000 	C:\WINDOWS\System32\SHELL32.dll
0x00007ffc80830000 - 0x00007ffc8096f000 	C:\WINDOWS\System32\wintypes.dll
0x00007ffc7e4c0000 - 0x00007ffc7eddd000 	C:\WINDOWS\SYSTEM32\windows.storage.dll
0x00007ffc83390000 - 0x00007ffc8349c000 	C:\WINDOWS\System32\SHCORE.dll
0x00007ffc82660000 - 0x00007ffc826c9000 	C:\WINDOWS\System32\shlwapi.dll
0x00007ffc80510000 - 0x00007ffc8053b000 	C:\WINDOWS\SYSTEM32\profapi.dll
0x00007ffc41cf0000 - 0x00007ffc41dc7000 	C:\Program Files\Java\jdk-21.0.10\bin\jsvml.dll
0x00007ffc6ae30000 - 0x00007ffc6ae41000 	C:\Program Files\Java\jdk-21.0.10\bin\net.dll
0x00007ffc7bcc0000 - 0x00007ffc7bdec000 	C:\WINDOWS\SYSTEM32\WINHTTP.dll
0x00007ffc7fa70000 - 0x00007ffc7fad9000 	C:\WINDOWS\system32\mswsock.dll
0x00007ffc6a460000 - 0x00007ffc6a476000 	C:\Program Files\Java\jdk-21.0.10\bin\nio.dll
0x00007ffc6a1e0000 - 0x00007ffc6a1f8000 	C:\Program Files\Java\jdk-21.0.10\bin\zip.dll
0x00007ffc66030000 - 0x00007ffc66054000 	C:\Users\kanhiya\.m2\wrapper\dists\apache-maven-3.9.12\59fe215c0ad6947fea90184bf7add084544567b927287592651fda3782e0e798\lib\jansi-native\Windows\x86_64\jansi.dll
0x00007ffc73b70000 - 0x00007ffc73b80000 	C:\Program Files\Java\jdk-21.0.10\bin\verify.dll

dbghelp: loaded successfully - version: 4.0.5 - missing functions: none
symbol engine: initialized successfully - sym options: 0x614 - pdb path: .;C:\Program Files\Java\jdk-21.0.10\bin;C:\WINDOWS\SYSTEM32;C:\WINDOWS\WinSxS\amd64_microsoft.windows.common-controls_6595b64144ccf1df_6.0.22621.5547_none_27104afb73855772;C:\Program Files\Java\jdk-21.0.10\bin\server;C:\Users\kanhiya\.m2\wrapper\dists\apache-maven-3.9.12\59fe215c0ad6947fea90184bf7add084544567b927287592651fda3782e0e798\lib\jansi-native\Windows\x86_64

VM Arguments:
jvm_args: --enable-native-access=ALL-UNNAMED -Dclassworlds.conf=C:\Users\kanhiya\.m2\wrapper\dists\apache-maven-3.9.12\59fe215c0ad6947fea90184bf7add084544567b927287592651fda3782e0e798\bin\m2.conf -Dmaven.home=C:\Users\kanhiya\.m2\wrapper\dists\apache-maven-3.9.12\59fe215c0ad6947fea90184bf7add084544567b927287592651fda3782e0e798 -Dlibrary.jansi.path=C:\Users\kanhiya\.m2\wrapper\dists\apache-maven-3.9.12\59fe215c0ad6947fea90184bf7add084544567b927287592651fda3782e0e798\lib\jansi-native -Dmaven.multiModuleProjectDirectory=C:\Users\kanhiya\OneDrive\Desktop\final-pro\backend\Library-Management-System 
java_command: org.codehaus.plexus.classworlds.launcher.Launcher spring-boot:run
java_class_path (initial): C:\Users\kanhiya\.m2\wrapper\dists\apache-maven-3.9.12\59fe215c0ad6947fea90184bf7add084544567b927287592651fda3782e0e798\boot\plexus-classworlds-2.9.0.jar
Launcher Type: SUN_STANDARD

[Global flags]
     intx CICompilerCount                          = 4                                         {product} {ergonomic}
     uint ConcGCThreads                            = 2                                         {product} {ergonomic}
     uint G1ConcRefinementThreads                  = 8                                         {product} {ergonomic}
   size_t G1HeapRegionSize                         = 1048576                                   {product} {ergonomic}
    uintx GCDrainStackTargetSize                   = 64                                        {product} {ergonomic}
   size_t InitialHeapSize                          = 130023424                                 {product} {ergonomic}
   size_t MarkStackSize                            = 4194304                                   {product} {ergonomic}
   size_t MaxHeapSize                              = 2067791872                                {product} {ergonomic}
   size_t MaxNewSize                               = 1240465408                                {product} {ergonomic}
   size_t MinHeapDeltaBytes                        = 1048576                                   {product} {ergonomic}
   size_t MinHeapSize                              = 8388608                                   {product} {ergonomic}
    uintx NonNMethodCodeHeapSize                   = 5839372                                {pd product} {ergonomic}
    uintx NonProfiledCodeHeapSize                  = 122909434                              {pd product} {ergonomic}
    uintx ProfiledCodeHeapSize                     = 122909434                              {pd product} {ergonomic}
    uintx ReservedCodeCacheSize                    = 251658240                              {pd product} {ergonomic}
     bool SegmentedCodeCache                       = true                                      {product} {ergonomic}
   size_t SoftMaxHeapSize                          = 2067791872                             {manageable} {ergonomic}
     bool UseCompressedOops                        = true                           {product lp64_product} {ergonomic}
     bool UseG1GC                                  = true                                      {product} {ergonomic}
     bool UseLargePagesIndividualAllocation        = false                                  {pd product} {ergonomic}

Logging:
Log output configuration:
 #0: stdout all=warning uptime,level,tags foldmultilines=false
 #1: stderr all=off uptime,level,tags foldmultilines=false

Environment Variables:
PATH=C:\Program Files\Common Files\Oracle\Java\javapath;C:\Python312\Scripts\;C:\Python312\;C:\WINDOWS\system32;C:\WINDOWS;C:\WINDOWS\System32\Wbem;C:\WINDOWS\System32\WindowsPowerShell\v1.0\;C:\WINDOWS\System32\OpenSSH\;C:\ProgramData\chocolatey\bin;C:\Program Files\MongoDB\Server\6.0\bin;C:\Program Files\mongosh-1.5.4-win32-x64\bin;C:\Program Files\Git\cmd;C:\Program Files\MongoDB\Tools\100\bin;C:\Users\kanhiya\AppData\Roaming\nvm;C:\Program Files\nodejs;C:\Program Files\Python312;'C:\Users\kanhiya\AppData\Roaming\Python\Python312\Scripts;C:\Program Files\WireGuard\;C:\Users\kanhiya\AppData\Local\Microsoft\WindowsApps;C:\Users\kanhiya\AppData\Local\Programs\Microsoft VS Code\bin;C:\Users\kanhiya\AppData\Roaming\nvm;C:\Program Files\nodejs;C:\Users\kanhiya\AppData\Roaming\nvm;C:\Program Files\Python312\Scripts\;C:\Program Files\Go;C:\Users\kanhiya\AppData\Local\Programs\Antigravity\bin;C:\Users\kanhiya\AppData\Local\Programs\cursor\resources\app\bin;c:\Users\kanhiya\.antigravity\extensions\vscjava.vscode-java-debug-0.58.5-universal\bundled\scripts\noConfigScripts
USERNAME=kanhiya
LANG=en_US.UTF-8
OS=Windows_NT
PROCESSOR_IDENTIFIER=Intel64 Family 6 Model 140 Stepping 1, GenuineIntel
TMP=C:\Users\kanhiya\AppData\Local\Temp
TEMP=C:\Users\kanhiya\AppData\Local\Temp




Periodic native trim disabled

---------------  S Y S T E M  ---------------

OS:
 Windows 11 , 64 bit Build 22621 (10.0.22621.5415)
OS uptime: 6 days 9:25 hours
Hyper-V role detected

CPU: total 8 (initial active 8) (4 cores per cpu, 2 threads per core) family 6 model 140 stepping 1 microcode 0xa4, cx8, cmov, fxsr, ht, mmx, 3dnowpref, sse, sse2, sse3, ssse3, sse4.1, sse4.2, popcnt, lzcnt, tsc, tscinvbit, avx, avx2, aes, erms, clmul, bmi1, bmi2, adx, avx512f, avx512dq, avx512cd, avx512bw, avx512vl, sha, fma, vzeroupper, avx512_vpopcntdq, avx512_vpclmulqdq, avx512_vaes, avx512_vnni, clflush, clflushopt, clwb, avx512_vbmi2, avx512_vbmi, hv, rdtscp, rdpid, fsrm, gfni, avx512_bitalg, f16c, cet_ibt, cet_ss, avx512_ifma
Processor Information for all 8 processors :
  Max Mhz: 2419, Current Mhz: 2419, Mhz Limit: 2419

Memory: 4k page, system-wide physical 7886M (418M free)
TotalPageFile size 20776M (AvailPageFile size 0M)
current process WorkingSet (physical memory assigned to process): 278M, peak: 278M
current process commit charge ("private bytes"): 312M, peak: 315M

vm_info: Java HotSpot(TM) 64-Bit Server VM (21.0.10+8-LTS-217) for windows-amd64 JRE (21.0.10+8-LTS-217), built on 2025-12-18T14:59:28Z by "mach5run" with MS VC++ 17.13 (VS2022)

END.
