#
# There is insufficient memory for the Java Runtime Environment to continue.
# Native memory allocation (malloc) failed to allocate 1048576 bytes for AllocateHeap
# Possible reasons:
#   The system is out of physical RAM or swap space
#   The process is running with CompressedOops enabled, and the Java Heap may be blocking the growth of the native heap
# Possible solutions:
#   Reduce memory load on the system
#   Increase physical memory or swap space
#   Check if swap backing store is full
#   Decrease Java heap size (-Xmx/-Xms)
#   Decrease number of Java threads
#   Decrease Java thread stack sizes (-Xss)
#   Set larger code cache with -XX:ReservedCodeCacheSize=
#   JVM is running with Unscaled Compressed Oops mode in which the Java heap is
#     placed in the first 4GB address space. The Java Heap base address is the
#     maximum limit for the native heap growth. Please use -XX:HeapBaseMinAddress
#     to set the Java Heap base and to place the Java Heap above 4GB virtual address.
# This output file may be truncated or incomplete.
#
#  Out of Memory Error (allocation.cpp:44), pid=20296, tid=3732
#
# JRE version: Java(TM) SE Runtime Environment (21.0.10+8) (build 21.0.10+8-LTS-217)
# Java VM: Java HotSpot(TM) 64-Bit Server VM (21.0.10+8-LTS-217, mixed mode, emulated-client, sharing, tiered, compressed oops, compressed class ptrs, g1 gc, windows-amd64)
# No core dump will be written. Minidumps are not enabled by default on client versions of Windows
#

---------------  S U M M A R Y ------------

Command Line: -XX:TieredStopAtLevel=1 com.tcs.Library.LibraryApplication

Host: 11th Gen Intel(R) Core(TM) i5-1135G7 @ 2.40GHz, 8 cores, 7G,  Windows 11 , 64 bit Build 22621 (10.0.22621.5415)
Time: Sun Jan 25 23:20:34 2026 India Standard Time elapsed time: 307.366242 seconds (0d 0h 5m 7s)

---------------  T H R E A D  ---------------

Current thread (0x000001725433cef0):  VMThread "VM Thread"          [id=3732, stack(0x00000053f9d00000,0x00000053f9e00000) (1024K)]

Stack: [0x00000053f9d00000,0x00000053f9e00000]
Native frames: (J=compiled Java code, j=interpreted, Vv=VM code, C=native code)
V  [jvm.dll+0x6d0b59]
V  [jvm.dll+0x85fd56]
V  [jvm.dll+0x86224e]
V  [jvm.dll+0x862923]
V  [jvm.dll+0x282a16]
V  [jvm.dll+0xc11f7]
V  [jvm.dll+0x34c632]
V  [jvm.dll+0x346eee]
V  [jvm.dll+0x32f426]
V  [jvm.dll+0x371b44]
V  [jvm.dll+0x86861f]
V  [jvm.dll+0x8699ac]
V  [jvm.dll+0x869ee1]
V  [jvm.dll+0x86a183]
V  [jvm.dll+0x80a83d]
V  [jvm.dll+0x6cf3fd]
C  [ucrtbase.dll+0x29333]
C  [KERNEL32.DLL+0x1259d]
C  [ntdll.dll+0x5af78]

VM_Operation (0x00000053f94ff180): G1CollectFull, mode: safepoint, requested by thread 0x000001725bf4f0a0


---------------  P R O C E S S  ---------------

Threads class SMR info:
_java_thread_list=0x000001725b91de70, length=15, elements={
0x000001725435ac70, 0x000001725435ba80, 0x0000017254362c20, 0x00000172543652b0,
0x00000172543669b0, 0x0000017254367dd0, 0x00000172543953b0, 0x0000017254606140,
0x000001725460e400, 0x000001725aaaee30, 0x000001725b0673b0, 0x000001725b076550,
0x000001725b1fde50, 0x000001725bf52bb0, 0x000001725bf4f0a0
}

Java Threads: ( => current thread )
  0x000001725435ac70 JavaThread "Reference Handler"          daemon [_thread_blocked, id=16104, stack(0x00000053f9e00000,0x00000053f9f00000) (1024K)]
  0x000001725435ba80 JavaThread "Finalizer"                  daemon [_thread_blocked, id=1200, stack(0x00000053f9f00000,0x00000053fa000000) (1024K)]
  0x0000017254362c20 JavaThread "Signal Dispatcher"          daemon [_thread_blocked, id=20228, stack(0x00000053fa000000,0x00000053fa100000) (1024K)]
  0x00000172543652b0 JavaThread "Attach Listener"            daemon [_thread_blocked, id=21948, stack(0x00000053fa100000,0x00000053fa200000) (1024K)]
  0x00000172543669b0 JavaThread "Service Thread"             daemon [_thread_blocked, id=4028, stack(0x00000053fa200000,0x00000053fa300000) (1024K)]
  0x0000017254367dd0 JavaThread "Monitor Deflation Thread"   daemon [_thread_blocked, id=1804, stack(0x00000053fa300000,0x00000053fa400000) (1024K)]
  0x00000172543953b0 JavaThread "C1 CompilerThread0"         daemon [_thread_blocked, id=18760, stack(0x00000053fa400000,0x00000053fa500000) (1024K)]
  0x0000017254606140 JavaThread "Notification Thread"        daemon [_thread_blocked, id=11176, stack(0x00000053fa700000,0x00000053fa800000) (1024K)]
  0x000001725460e400 JavaThread "Common-Cleaner"             daemon [_thread_blocked, id=20712, stack(0x00000053fa800000,0x00000053fa900000) (1024K)]
  0x000001725aaaee30 JavaThread "MVStore background writer C:/Users/kanhiya/OneDrive/Desktop/final-pro/Library-Management-System/data/testdb.mv.db" daemon [_thread_blocked, id=17012, stack(0x00000053fb400000,0x00000053fb500000) (1024K)]
  0x000001725b0673b0 JavaThread "H2-serialization"           daemon [_thread_blocked, id=21640, stack(0x00000053fb700000,0x00000053fb800000) (1024K)]
  0x000001725b076550 JavaThread "H2-save"                    daemon [_thread_blocked, id=10548, stack(0x00000053fb800000,0x00000053fb900000) (1024K)]
  0x000001725b1fde50 JavaThread "Live Reload Server"         daemon [_thread_in_native, id=16084, stack(0x00000053fbe00000,0x00000053fbf00000) (1024K)]
  0x000001725bf52bb0 JavaThread "DestroyJavaVM"                     [_thread_blocked, id=23048, stack(0x00000053f9600000,0x00000053f9700000) (1024K)]
  0x000001725bf4f0a0 JavaThread "Thread-28"                         [_thread_blocked, id=20784, stack(0x00000053f9400000,0x00000053f9500000) (1024K)]
Total: 15

Other Threads:
=>0x000001725433cef0 VMThread "VM Thread"                           [id=3732, stack(0x00000053f9d00000,0x00000053f9e00000) (1024K)]
  0x000001725432b550 WatcherThread "VM Periodic Task Thread"        [id=2168, stack(0x00000053f9c00000,0x00000053f9d00000) (1024K)]
  0x0000017241cf8020 WorkerThread "GC Thread#0"                     [id=496, stack(0x00000053f9700000,0x00000053f9800000) (1024K)]
  0x000001725958bf30 WorkerThread "GC Thread#1"                     [id=23144, stack(0x00000053fac00000,0x00000053fad00000) (1024K)]
  0x000001725958c2e0 WorkerThread "GC Thread#2"                     [id=14872, stack(0x00000053fad00000,0x00000053fae00000) (1024K)]
  0x000001725958c690 WorkerThread "GC Thread#3"                     [id=2188, stack(0x00000053fae00000,0x00000053faf00000) (1024K)]
  0x00000172595b7390 WorkerThread "GC Thread#4"                     [id=16712, stack(0x00000053faf00000,0x00000053fb000000) (1024K)]
  0x00000172595b7740 WorkerThread "GC Thread#5"                     [id=20180, stack(0x00000053fb000000,0x00000053fb100000) (1024K)]
  0x0000017259967920 WorkerThread "GC Thread#6"                     [id=2520, stack(0x00000053fb200000,0x00000053fb300000) (1024K)]
  0x0000017259967cd0 WorkerThread "GC Thread#7"                     [id=13992, stack(0x00000053fb300000,0x00000053fb400000) (1024K)]
  0x0000017241d09050 ConcurrentGCThread "G1 Main Marker"            [id=7452, stack(0x00000053f9800000,0x00000053f9900000) (1024K)]
  0x0000017241d09b60 WorkerThread "G1 Conc#0"                       [id=17720, stack(0x00000053f9900000,0x00000053f9a00000) (1024K)]
  0x0000017259967570 WorkerThread "G1 Conc#1"                       [id=20980, stack(0x00000053fb100000,0x00000053fb200000) (1024K)]
  0x00000172541f81b0 ConcurrentGCThread "G1 Refine#0"               [id=15292, stack(0x00000053f9a00000,0x00000053f9b00000) (1024K)]
  0x00000172541f89e0 ConcurrentGCThread "G1 Service"                [id=8112, stack(0x00000053f9b00000,0x00000053f9c00000) (1024K)]
Total: 15

Threads with active compile tasks:
C1 CompilerThread0   307406 15350       1       org.apache.catalina.core.ContainerBase::fireContainerEvent (69 bytes)
Total: 1

VM state: at safepoint (normal execution)

VM Mutex/Monitor currently owned by a thread:  ([mutex/lock_event])
[0x00007ffbd55c9f10] Threads_lock - owner thread: 0x000001725433cef0
[0x00007ffbd55ca010] Heap_lock - owner thread: 0x000001725bf4f0a0

Heap address: 0x0000000084c00000, size: 1972 MB, Compressed Oops mode: 32-bit

CDS archive(s) mapped at: [0x0000017200000000-0x0000017200c90000-0x0000017200c90000), size 13172736, SharedBaseAddress: 0x0000017200000000, ArchiveRelocationMode: 1.
Compressed class space mapped at: 0x0000017201000000-0x0000017241000000, reserved size: 1073741824
Narrow klass base: 0x0000017200000000, Narrow klass shift: 0, Narrow klass range: 0x100000000

GC Precious Log:
 CardTable entry size: 512
 Card Set container configuration: InlinePtr #cards 5 size 8 Array Of Cards #cards 12 size 40 Howl #buckets 4 coarsen threshold 1843 Howl Bitmap #cards 512 size 80 coarsen threshold 460 Card regions per heap region 1 cards per card region 2048
 CPUs: 8 total, 8 available
 Memory: 7886M
 Large Page Support: Disabled
 NUMA Support: Disabled
 Compressed Oops: Enabled (32-bit)
 Heap Region Size: 1M
 Heap Min Capacity: 8M
 Heap Initial Capacity: 124M
 Heap Max Capacity: 1972M
 Pre-touch: Disabled
 Parallel Workers: 8
 Concurrent Workers: 2
 Concurrent Refinement Workers: 8
 Periodic GC: Disabled

Heap:
 garbage-first heap   total 147456K, used 93263K [0x0000000084c00000, 0x0000000100000000)
  region size 1024K, 44 young (45056K), 5 survivors (5120K)
 Metaspace       used 94673K, committed 95744K, reserved 1179648K
  class space    used 13110K, committed 13632K, reserved 1048576K

Heap Regions: E=young(eden), S=young(survivor), O=old, HS=humongous(starts), HC=humongous(continues), CS=collection set, F=free, TAMS=top-at-mark-start, PB=parsable bottom
|   0|0x0000000084c00000, 0x0000000084d00000, 0x0000000084d00000|100%|HS|  |TAMS 0x0000000084c00000| PB 0x0000000084c00000| Complete 
|   1|0x0000000084d00000, 0x0000000084e00000, 0x0000000084e00000|100%|HS|  |TAMS 0x0000000084d00000| PB 0x0000000084d00000| Complete 
|   2|0x0000000084e00000, 0x0000000084effff8, 0x0000000084f00000| 99%| O|  |TAMS 0x0000000084e00000| PB 0x0000000084e00000| Untracked 
|   3|0x0000000084f00000, 0x0000000084ffff80, 0x0000000085000000| 99%| O|  |TAMS 0x0000000084f00000| PB 0x0000000084f00000| Untracked 
|   4|0x0000000085000000, 0x0000000085100000, 0x0000000085100000|100%| O|  |TAMS 0x0000000085000000| PB 0x0000000085000000| Untracked 
|   5|0x0000000085100000, 0x0000000085200000, 0x0000000085200000|100%| O|  |TAMS 0x0000000085100000| PB 0x0000000085100000| Untracked 
|   6|0x0000000085200000, 0x0000000085300000, 0x0000000085300000|100%| O|  |TAMS 0x0000000085200000| PB 0x0000000085200000| Untracked 
|   7|0x0000000085300000, 0x0000000085400000, 0x0000000085400000|100%| O|  |TAMS 0x0000000085300000| PB 0x0000000085300000| Untracked 
|   8|0x0000000085400000, 0x00000000854ffff0, 0x0000000085500000| 99%| O|  |TAMS 0x0000000085400000| PB 0x0000000085400000| Untracked 
|   9|0x0000000085500000, 0x00000000855fffc0, 0x0000000085600000| 99%| O|  |TAMS 0x0000000085500000| PB 0x0000000085500000| Untracked 
|  10|0x0000000085600000, 0x00000000856fffd0, 0x0000000085700000| 99%| O|  |TAMS 0x0000000085600000| PB 0x0000000085600000| Untracked 
|  11|0x0000000085700000, 0x00000000857fffd8, 0x0000000085800000| 99%| O|  |TAMS 0x0000000085700000| PB 0x0000000085700000| Untracked 
|  12|0x0000000085800000, 0x00000000858fffe8, 0x0000000085900000| 99%| O|  |TAMS 0x0000000085800000| PB 0x0000000085800000| Untracked 
|  13|0x0000000085900000, 0x00000000859ffff0, 0x0000000085a00000| 99%| O|  |TAMS 0x0000000085900000| PB 0x0000000085900000| Untracked 
|  14|0x0000000085a00000, 0x0000000085afffc8, 0x0000000085b00000| 99%| O|  |TAMS 0x0000000085a00000| PB 0x0000000085a00000| Untracked 
|  15|0x0000000085b00000, 0x0000000085bfffd8, 0x0000000085c00000| 99%| O|  |TAMS 0x0000000085b00000| PB 0x0000000085b00000| Untracked 
|  16|0x0000000085c00000, 0x0000000085cfffe8, 0x0000000085d00000| 99%| O|  |TAMS 0x0000000085c00000| PB 0x0000000085c00000| Untracked 
|  17|0x0000000085d00000, 0x0000000085dffff0, 0x0000000085e00000| 99%| O|  |TAMS 0x0000000085d00000| PB 0x0000000085d00000| Untracked 
|  18|0x0000000085e00000, 0x0000000085f00000, 0x0000000085f00000|100%| O|  |TAMS 0x0000000085e00000| PB 0x0000000085e00000| Untracked 
|  19|0x0000000085f00000, 0x0000000085ffffd0, 0x0000000086000000| 99%| O|  |TAMS 0x0000000085f00000| PB 0x0000000085f00000| Untracked 
|  20|0x0000000086000000, 0x0000000086100000, 0x0000000086100000|100%| O|  |TAMS 0x0000000086000000| PB 0x0000000086000000| Untracked 
|  21|0x0000000086100000, 0x00000000861fffe8, 0x0000000086200000| 99%| O|  |TAMS 0x0000000086100000| PB 0x0000000086100000| Untracked 
|  22|0x0000000086200000, 0x00000000862ffff8, 0x0000000086300000| 99%| O|  |TAMS 0x0000000086200000| PB 0x0000000086200000| Untracked 
|  23|0x0000000086300000, 0x00000000863fffe8, 0x0000000086400000| 99%| O|  |TAMS 0x0000000086300000| PB 0x0000000086300000| Untracked 
|  24|0x0000000086400000, 0x0000000086500000, 0x0000000086500000|100%|HS|  |TAMS 0x0000000086400000| PB 0x0000000086400000| Complete 
|  25|0x0000000086500000, 0x0000000086600000, 0x0000000086600000|100%|HC|  |TAMS 0x0000000086500000| PB 0x0000000086500000| Complete 
|  26|0x0000000086600000, 0x00000000866fffc0, 0x0000000086700000| 99%| O|  |TAMS 0x0000000086600000| PB 0x0000000086600000| Untracked 
|  27|0x0000000086700000, 0x00000000867ffff0, 0x0000000086800000| 99%| O|  |TAMS 0x0000000086700000| PB 0x0000000086700000| Untracked 
|  28|0x0000000086800000, 0x00000000868ffff8, 0x0000000086900000| 99%| O|  |TAMS 0x0000000086800000| PB 0x0000000086800000| Untracked 
|  29|0x0000000086900000, 0x00000000869ffff8, 0x0000000086a00000| 99%| O|  |TAMS 0x0000000086900000| PB 0x0000000086900000| Untracked 
|  30|0x0000000086a00000, 0x0000000086afffa0, 0x0000000086b00000| 99%| O|  |TAMS 0x0000000086a00000| PB 0x0000000086a00000| Untracked 
|  31|0x0000000086b00000, 0x0000000086bffff0, 0x0000000086c00000| 99%| O|  |TAMS 0x0000000086b00000| PB 0x0000000086b00000| Untracked 
|  32|0x0000000086c00000, 0x0000000086d00000, 0x0000000086d00000|100%| O|  |TAMS 0x0000000086c00000| PB 0x0000000086c00000| Untracked 
|  33|0x0000000086d00000, 0x0000000086e00000, 0x0000000086e00000|100%| O|  |TAMS 0x0000000086d00000| PB 0x0000000086d00000| Untracked 
|  34|0x0000000086e00000, 0x0000000086effff0, 0x0000000086f00000| 99%| O|  |TAMS 0x0000000086e00000| PB 0x0000000086e00000| Untracked 
|  35|0x0000000086f00000, 0x0000000086ffffd8, 0x0000000087000000| 99%| O|  |TAMS 0x0000000086f00000| PB 0x0000000086f00000| Untracked 
|  36|0x0000000087000000, 0x00000000870fff28, 0x0000000087100000| 99%| O|  |TAMS 0x0000000087000000| PB 0x0000000087000000| Untracked 
|  37|0x0000000087100000, 0x00000000871ffff8, 0x0000000087200000| 99%| O|  |TAMS 0x0000000087100000| PB 0x0000000087100000| Untracked 
|  38|0x0000000087200000, 0x00000000872ffff8, 0x0000000087300000| 99%| O|  |TAMS 0x0000000087200000| PB 0x0000000087200000| Untracked 
|  39|0x0000000087300000, 0x00000000873467e0, 0x0000000087400000| 27%| O|  |TAMS 0x0000000087300000| PB 0x0000000087300000| Untracked 
|  40|0x0000000087400000, 0x00000000874ffff8, 0x0000000087500000| 99%| O|  |TAMS 0x0000000087400000| PB 0x0000000087400000| Untracked 
|  41|0x0000000087500000, 0x00000000875fffd8, 0x0000000087600000| 99%| O|  |TAMS 0x0000000087500000| PB 0x0000000087500000| Untracked 
|  42|0x0000000087600000, 0x00000000876927a8, 0x0000000087700000| 57%| O|  |TAMS 0x0000000087600000| PB 0x0000000087600000| Untracked 
|  43|0x0000000087700000, 0x00000000877b0788, 0x0000000087800000| 68%| O|  |TAMS 0x0000000087700000| PB 0x0000000087700000| Untracked 
|  44|0x0000000087800000, 0x0000000087900000, 0x0000000087900000|100%| O|  |TAMS 0x0000000087800000| PB 0x0000000087800000| Untracked 
|  45|0x0000000087900000, 0x0000000087929e68, 0x0000000087a00000| 16%| O|  |TAMS 0x0000000087900000| PB 0x0000000087900000| Untracked 
|  46|0x0000000087a00000, 0x0000000087a03398, 0x0000000087b00000|  1%| O|Cm|TAMS 0x0000000087a00000| PB 0x0000000087a00000| Complete 
|  47|0x0000000087b00000, 0x0000000087c00000, 0x0000000087c00000|100%| O|  |TAMS 0x0000000087b00000| PB 0x0000000087b00000| Untracked 
|  48|0x0000000087c00000, 0x0000000087d00000, 0x0000000087d00000|100%| O|  |TAMS 0x0000000087c00000| PB 0x0000000087c00000| Untracked 
|  49|0x0000000087d00000, 0x0000000087e00000, 0x0000000087e00000|100%| O|  |TAMS 0x0000000087d00000| PB 0x0000000087d00000| Untracked 
|  50|0x0000000087e00000, 0x0000000087f00000, 0x0000000087f00000|100%| O|  |TAMS 0x0000000087e00000| PB 0x0000000087e00000| Untracked 
|  51|0x0000000087f00000, 0x0000000087fd1600, 0x0000000088000000| 81%| O|  |TAMS 0x0000000087f00000| PB 0x0000000087f00000| Untracked 
|  52|0x0000000088000000, 0x0000000088000000, 0x0000000088100000|  0%| F|  |TAMS 0x0000000088000000| PB 0x0000000088000000| Untracked 
|  53|0x0000000088100000, 0x0000000088100000, 0x0000000088200000|  0%| F|  |TAMS 0x0000000088100000| PB 0x0000000088100000| Untracked 
|  54|0x0000000088200000, 0x0000000088200000, 0x0000000088300000|  0%| F|  |TAMS 0x0000000088200000| PB 0x0000000088200000| Untracked 
|  55|0x0000000088300000, 0x0000000088300000, 0x0000000088400000|  0%| F|  |TAMS 0x0000000088300000| PB 0x0000000088300000| Untracked 
|  56|0x0000000088400000, 0x0000000088400000, 0x0000000088500000|  0%| F|  |TAMS 0x0000000088400000| PB 0x0000000088400000| Untracked 
|  57|0x0000000088500000, 0x0000000088500000, 0x0000000088600000|  0%| F|  |TAMS 0x0000000088500000| PB 0x0000000088500000| Untracked 
|  58|0x0000000088600000, 0x0000000088600000, 0x0000000088700000|  0%| F|  |TAMS 0x0000000088600000| PB 0x0000000088600000| Untracked 
|  59|0x0000000088700000, 0x0000000088700000, 0x0000000088800000|  0%| F|  |TAMS 0x0000000088700000| PB 0x0000000088700000| Untracked 
|  60|0x0000000088800000, 0x0000000088800000, 0x0000000088900000|  0%| F|  |TAMS 0x0000000088800000| PB 0x0000000088800000| Untracked 
|  61|0x0000000088900000, 0x0000000088900000, 0x0000000088a00000|  0%| F|  |TAMS 0x0000000088900000| PB 0x0000000088900000| Untracked 
|  62|0x0000000088a00000, 0x0000000088a00000, 0x0000000088b00000|  0%| F|  |TAMS 0x0000000088a00000| PB 0x0000000088a00000| Untracked 
|  63|0x0000000088b00000, 0x0000000088b8c2c0, 0x0000000088c00000| 54%| S|CS|TAMS 0x0000000088b00000| PB 0x0000000088b00000| Complete 
|  64|0x0000000088c00000, 0x0000000088d00000, 0x0000000088d00000|100%| S|CS|TAMS 0x0000000088c00000| PB 0x0000000088c00000| Complete 
|  65|0x0000000088d00000, 0x0000000088e00000, 0x0000000088e00000|100%| S|CS|TAMS 0x0000000088d00000| PB 0x0000000088d00000| Complete 
|  66|0x0000000088e00000, 0x0000000088f00000, 0x0000000088f00000|100%| S|CS|TAMS 0x0000000088e00000| PB 0x0000000088e00000| Complete 
|  67|0x0000000088f00000, 0x0000000089000000, 0x0000000089000000|100%| S|CS|TAMS 0x0000000088f00000| PB 0x0000000088f00000| Complete 
|  68|0x0000000089000000, 0x0000000089000000, 0x0000000089100000|  0%| F|  |TAMS 0x0000000089000000| PB 0x0000000089000000| Untracked 
|  69|0x0000000089100000, 0x0000000089100000, 0x0000000089200000|  0%| F|  |TAMS 0x0000000089100000| PB 0x0000000089100000| Untracked 
|  70|0x0000000089200000, 0x0000000089200000, 0x0000000089300000|  0%| F|  |TAMS 0x0000000089200000| PB 0x0000000089200000| Untracked 
|  71|0x0000000089300000, 0x0000000089300000, 0x0000000089400000|  0%| F|  |TAMS 0x0000000089300000| PB 0x0000000089300000| Untracked 
|  72|0x0000000089400000, 0x0000000089400000, 0x0000000089500000|  0%| F|  |TAMS 0x0000000089400000| PB 0x0000000089400000| Untracked 
|  73|0x0000000089500000, 0x0000000089500000, 0x0000000089600000|  0%| F|  |TAMS 0x0000000089500000| PB 0x0000000089500000| Untracked 
|  74|0x0000000089600000, 0x0000000089600000, 0x0000000089700000|  0%| F|  |TAMS 0x0000000089600000| PB 0x0000000089600000| Untracked 
|  75|0x0000000089700000, 0x0000000089700000, 0x0000000089800000|  0%| F|  |TAMS 0x0000000089700000| PB 0x0000000089700000| Untracked 
|  76|0x0000000089800000, 0x0000000089800000, 0x0000000089900000|  0%| F|  |TAMS 0x0000000089800000| PB 0x0000000089800000| Untracked 
|  77|0x0000000089900000, 0x0000000089900000, 0x0000000089a00000|  0%| F|  |TAMS 0x0000000089900000| PB 0x0000000089900000| Untracked 
|  78|0x0000000089a00000, 0x0000000089a00000, 0x0000000089b00000|  0%| F|  |TAMS 0x0000000089a00000| PB 0x0000000089a00000| Untracked 
|  79|0x0000000089b00000, 0x0000000089b00000, 0x0000000089c00000|  0%| F|  |TAMS 0x0000000089b00000| PB 0x0000000089b00000| Untracked 
|  80|0x0000000089c00000, 0x0000000089c00000, 0x0000000089d00000|  0%| F|  |TAMS 0x0000000089c00000| PB 0x0000000089c00000| Untracked 
|  81|0x0000000089d00000, 0x0000000089d00000, 0x0000000089e00000|  0%| F|  |TAMS 0x0000000089d00000| PB 0x0000000089d00000| Untracked 
|  82|0x0000000089e00000, 0x0000000089e00000, 0x0000000089f00000|  0%| F|  |TAMS 0x0000000089e00000| PB 0x0000000089e00000| Untracked 
|  83|0x0000000089f00000, 0x0000000089f00000, 0x000000008a000000|  0%| F|  |TAMS 0x0000000089f00000| PB 0x0000000089f00000| Untracked 
|  84|0x000000008a000000, 0x000000008a000000, 0x000000008a100000|  0%| F|  |TAMS 0x000000008a000000| PB 0x000000008a000000| Untracked 
|  85|0x000000008a100000, 0x000000008a100000, 0x000000008a200000|  0%| F|  |TAMS 0x000000008a100000| PB 0x000000008a100000| Untracked 
|  86|0x000000008a200000, 0x000000008a200000, 0x000000008a300000|  0%| F|  |TAMS 0x000000008a200000| PB 0x000000008a200000| Untracked 
|  87|0x000000008a300000, 0x000000008a300000, 0x000000008a400000|  0%| F|  |TAMS 0x000000008a300000| PB 0x000000008a300000| Untracked 
|  88|0x000000008a400000, 0x000000008a400000, 0x000000008a500000|  0%| F|  |TAMS 0x000000008a400000| PB 0x000000008a400000| Untracked 
|  89|0x000000008a500000, 0x000000008a500000, 0x000000008a600000|  0%| F|  |TAMS 0x000000008a500000| PB 0x000000008a500000| Untracked 
|  90|0x000000008a600000, 0x000000008a600000, 0x000000008a700000|  0%| F|  |TAMS 0x000000008a600000| PB 0x000000008a600000| Untracked 
|  91|0x000000008a700000, 0x000000008a700000, 0x000000008a800000|  0%| F|  |TAMS 0x000000008a700000| PB 0x000000008a700000| Untracked 
|  92|0x000000008a800000, 0x000000008a800000, 0x000000008a900000|  0%| F|  |TAMS 0x000000008a800000| PB 0x000000008a800000| Untracked 
|  93|0x000000008a900000, 0x000000008a900000, 0x000000008aa00000|  0%| F|  |TAMS 0x000000008a900000| PB 0x000000008a900000| Untracked 
|  94|0x000000008aa00000, 0x000000008aa00000, 0x000000008ab00000|  0%| F|  |TAMS 0x000000008aa00000| PB 0x000000008aa00000| Untracked 
|  95|0x000000008ab00000, 0x000000008ab00000, 0x000000008ac00000|  0%| F|  |TAMS 0x000000008ab00000| PB 0x000000008ab00000| Untracked 
|  96|0x000000008ac00000, 0x000000008ac00000, 0x000000008ad00000|  0%| F|  |TAMS 0x000000008ac00000| PB 0x000000008ac00000| Untracked 
|  97|0x000000008ad00000, 0x000000008ad00000, 0x000000008ae00000|  0%| F|  |TAMS 0x000000008ad00000| PB 0x000000008ad00000| Untracked 
|  98|0x000000008ae00000, 0x000000008ae00000, 0x000000008af00000|  0%| F|  |TAMS 0x000000008ae00000| PB 0x000000008ae00000| Untracked 
|  99|0x000000008af00000, 0x000000008af00000, 0x000000008b000000|  0%| F|  |TAMS 0x000000008af00000| PB 0x000000008af00000| Untracked 
| 100|0x000000008b000000, 0x000000008b000000, 0x000000008b100000|  0%| F|  |TAMS 0x000000008b000000| PB 0x000000008b000000| Untracked 
| 101|0x000000008b100000, 0x000000008b100000, 0x000000008b200000|  0%| F|  |TAMS 0x000000008b100000| PB 0x000000008b100000| Untracked 
| 102|0x000000008b200000, 0x000000008b200000, 0x000000008b300000|  0%| F|  |TAMS 0x000000008b200000| PB 0x000000008b200000| Untracked 
| 103|0x000000008b300000, 0x000000008b300000, 0x000000008b400000|  0%| F|  |TAMS 0x000000008b300000| PB 0x000000008b300000| Untracked 
| 104|0x000000008b400000, 0x000000008b400000, 0x000000008b500000|  0%| F|  |TAMS 0x000000008b400000| PB 0x000000008b400000| Untracked 
| 105|0x000000008b500000, 0x000000008b5ade48, 0x000000008b600000| 67%| E|  |TAMS 0x000000008b500000| PB 0x000000008b500000| Complete 
| 106|0x000000008b600000, 0x000000008b700000, 0x000000008b700000|100%| E|CS|TAMS 0x000000008b600000| PB 0x000000008b600000| Complete 
| 107|0x000000008b700000, 0x000000008b800000, 0x000000008b800000|100%| E|CS|TAMS 0x000000008b700000| PB 0x000000008b700000| Complete 
| 108|0x000000008b800000, 0x000000008b900000, 0x000000008b900000|100%| E|CS|TAMS 0x000000008b800000| PB 0x000000008b800000| Complete 
| 109|0x000000008b900000, 0x000000008ba00000, 0x000000008ba00000|100%| E|CS|TAMS 0x000000008b900000| PB 0x000000008b900000| Complete 
| 110|0x000000008ba00000, 0x000000008bb00000, 0x000000008bb00000|100%| E|CS|TAMS 0x000000008ba00000| PB 0x000000008ba00000| Complete 
| 111|0x000000008bb00000, 0x000000008bc00000, 0x000000008bc00000|100%| E|CS|TAMS 0x000000008bb00000| PB 0x000000008bb00000| Complete 
| 112|0x000000008bc00000, 0x000000008bd00000, 0x000000008bd00000|100%| E|CS|TAMS 0x000000008bc00000| PB 0x000000008bc00000| Complete 
| 113|0x000000008bd00000, 0x000000008be00000, 0x000000008be00000|100%| E|CS|TAMS 0x000000008bd00000| PB 0x000000008bd00000| Complete 
| 114|0x000000008be00000, 0x000000008bf00000, 0x000000008bf00000|100%| E|CS|TAMS 0x000000008be00000| PB 0x000000008be00000| Complete 
| 115|0x000000008bf00000, 0x000000008c000000, 0x000000008c000000|100%| E|CS|TAMS 0x000000008bf00000| PB 0x000000008bf00000| Complete 
| 116|0x000000008c000000, 0x000000008c100000, 0x000000008c100000|100%| E|CS|TAMS 0x000000008c000000| PB 0x000000008c000000| Complete 
| 117|0x000000008c100000, 0x000000008c200000, 0x000000008c200000|100%| E|CS|TAMS 0x000000008c100000| PB 0x000000008c100000| Complete 
| 118|0x000000008c200000, 0x000000008c300000, 0x000000008c300000|100%| E|CS|TAMS 0x000000008c200000| PB 0x000000008c200000| Complete 
| 119|0x000000008c300000, 0x000000008c400000, 0x000000008c400000|100%| E|CS|TAMS 0x000000008c300000| PB 0x000000008c300000| Complete 
| 120|0x000000008c400000, 0x000000008c500000, 0x000000008c500000|100%| E|CS|TAMS 0x000000008c400000| PB 0x000000008c400000| Complete 
| 121|0x000000008c500000, 0x000000008c600000, 0x000000008c600000|100%| E|CS|TAMS 0x000000008c500000| PB 0x000000008c500000| Complete 
| 122|0x000000008c600000, 0x000000008c700000, 0x000000008c700000|100%| E|CS|TAMS 0x000000008c600000| PB 0x000000008c600000| Complete 
| 123|0x000000008c700000, 0x000000008c800000, 0x000000008c800000|100%| E|CS|TAMS 0x000000008c700000| PB 0x000000008c700000| Complete 
| 124|0x000000008c800000, 0x000000008c900000, 0x000000008c900000|100%| E|CS|TAMS 0x000000008c800000| PB 0x000000008c800000| Complete 
| 125|0x000000008c900000, 0x000000008ca00000, 0x000000008ca00000|100%| E|CS|TAMS 0x000000008c900000| PB 0x000000008c900000| Complete 
| 126|0x000000008ca00000, 0x000000008cb00000, 0x000000008cb00000|100%| E|CS|TAMS 0x000000008ca00000| PB 0x000000008ca00000| Complete 
| 127|0x000000008cb00000, 0x000000008cc00000, 0x000000008cc00000|100%| E|CS|TAMS 0x000000008cb00000| PB 0x000000008cb00000| Complete 
| 128|0x000000008cc00000, 0x000000008cd00000, 0x000000008cd00000|100%| E|CS|TAMS 0x000000008cc00000| PB 0x000000008cc00000| Complete 
| 129|0x000000008cd00000, 0x000000008ce00000, 0x000000008ce00000|100%| E|CS|TAMS 0x000000008cd00000| PB 0x000000008cd00000| Complete 
| 130|0x000000008ce00000, 0x000000008cf00000, 0x000000008cf00000|100%| E|CS|TAMS 0x000000008ce00000| PB 0x000000008ce00000| Complete 
| 131|0x000000008cf00000, 0x000000008d000000, 0x000000008d000000|100%| E|CS|TAMS 0x000000008cf00000| PB 0x000000008cf00000| Complete 
| 132|0x000000008d000000, 0x000000008d100000, 0x000000008d100000|100%| E|CS|TAMS 0x000000008d000000| PB 0x000000008d000000| Complete 
| 133|0x000000008d100000, 0x000000008d200000, 0x000000008d200000|100%| E|CS|TAMS 0x000000008d100000| PB 0x000000008d100000| Complete 
| 134|0x000000008d200000, 0x000000008d300000, 0x000000008d300000|100%| E|CS|TAMS 0x000000008d200000| PB 0x000000008d200000| Complete 
| 135|0x000000008d300000, 0x000000008d400000, 0x000000008d400000|100%| E|CS|TAMS 0x000000008d300000| PB 0x000000008d300000| Complete 
| 136|0x000000008d400000, 0x000000008d500000, 0x000000008d500000|100%| E|CS|TAMS 0x000000008d400000| PB 0x000000008d400000| Complete 
| 137|0x000000008d500000, 0x000000008d600000, 0x000000008d600000|100%| E|CS|TAMS 0x000000008d500000| PB 0x000000008d500000| Complete 
| 138|0x000000008d600000, 0x000000008d700000, 0x000000008d700000|100%| E|CS|TAMS 0x000000008d600000| PB 0x000000008d600000| Complete 
| 139|0x000000008d700000, 0x000000008d800000, 0x000000008d800000|100%| E|CS|TAMS 0x000000008d700000| PB 0x000000008d700000| Complete 
| 140|0x000000008d800000, 0x000000008d900000, 0x000000008d900000|100%| E|CS|TAMS 0x000000008d800000| PB 0x000000008d800000| Complete 
| 141|0x000000008d900000, 0x000000008da00000, 0x000000008da00000|100%| E|CS|TAMS 0x000000008d900000| PB 0x000000008d900000| Complete 
| 142|0x000000008da00000, 0x000000008db00000, 0x000000008db00000|100%| E|CS|TAMS 0x000000008da00000| PB 0x000000008da00000| Complete 
| 143|0x000000008db00000, 0x000000008dc00000, 0x000000008dc00000|100%| E|CS|TAMS 0x000000008db00000| PB 0x000000008db00000| Complete 

Card table byte_map: [0x000001724f5d0000,0x000001724f9b0000] _byte_map_base: 0x000001724f1aa000

Marking Bits: (CMBitMap*) 0x0000017241cf8f40
 Bits: [0x000001724f9b0000, 0x0000017251880000)

Polling page: 0x0000017241d60000

Metaspace:

Usage:
  Non-class:     79.65 MB used.
      Class:     12.80 MB used.
       Both:     92.45 MB used.

Virtual space:
  Non-class space:      128.00 MB reserved,      80.19 MB ( 63%) committed,  2 nodes.
      Class space:        1.00 GB reserved,      13.31 MB (  1%) committed,  1 nodes.
             Both:        1.12 GB reserved,      93.50 MB (  8%) committed. 

Chunk freelists:
   Non-Class:  15.00 MB
       Class:  2.69 MB
        Both:  17.69 MB

MaxMetaspaceSize: unlimited
CompressedClassSpaceSize: 1.00 GB
Initial GC threshold: 21.00 MB
Current GC threshold: 153.75 MB
CDS: on
 - commit_granule_bytes: 65536.
 - commit_granule_words: 8192.
 - virtual_space_node_default_size: 8388608.
 - enlarge_chunks_in_place: 1.
 - use_allocation_guard: 0.


Internal statistics:

num_allocs_failed_limit: 6.
num_arena_births: 2390.
num_arena_deaths: 754.
num_vsnodes_births: 3.
num_vsnodes_deaths: 0.
num_space_committed: 1496.
num_space_uncommitted: 0.
num_chunks_returned_to_freelist: 933.
num_chunks_taken_from_freelist: 6962.
num_chunk_merges: 218.
num_chunk_splits: 4304.
num_chunks_enlarged: 2929.
num_inconsistent_stats: 0.

CodeCache: size=49152Kb used=21600Kb max_used=23252Kb free=27551Kb
 bounds [0x000001724b910000, 0x000001724cfd0000, 0x000001724e910000]
 total_blobs=11878 nmethods=11126 adapters=672
 compilation: enabled
              stopped_count=0, restarted_count=0
 full_count=0

Compilation events (20 events):
Event: 245.338 Thread 0x00000172543953b0 nmethod 15336 0x000001724c9f5510 code [0x000001724c9f56c0, 0x000001724c9f5938]
Event: 275.324 Thread 0x00000172543953b0 15339       1       org.apache.coyote.AbstractProtocol$$Lambda/0x0000017201b873f0::run (8 bytes)
Event: 275.324 Thread 0x00000172543953b0 nmethod 15339 0x000001724c9f5190 code [0x000001724c9f5340, 0x000001724c9f5430]
Event: 275.324 Thread 0x00000172543953b0 15340       1       org.apache.coyote.AbstractProtocol::lambda$startAsyncTimeout$0 (46 bytes)
Event: 275.324 Thread 0x00000172543953b0 nmethod 15340 0x000001724c9f4b90 code [0x000001724c9f4d80, 0x000001724c9f4fd8]
Event: 276.622 Thread 0x00000172543953b0 15341       1       org.springframework.boot.devtools.filewatch.DirectorySnapshot::<init> (70 bytes)
Event: 276.623 Thread 0x00000172543953b0 nmethod 15341 0x000001724c9f3b90 code [0x000001724c9f3e20, 0x000001724c9f4720]
Event: 276.623 Thread 0x00000172543953b0 15342       1       org.springframework.boot.devtools.filewatch.DirectorySnapshot$$Lambda/0x0000017201b7d878::<init> (10 bytes)
Event: 276.624 Thread 0x00000172543953b0 nmethod 15342 0x000001724c9f3890 code [0x000001724c9f3a20, 0x000001724c9f3b30]
Event: 277.637 Thread 0x00000172543953b0 15343       1       org.springframework.boot.devtools.filewatch.FileSystemWatcher$Watcher::getCurrentSnapshots (63 bytes)
Event: 277.638 Thread 0x00000172543953b0 nmethod 15343 0x000001724c9f2f90 code [0x000001724c9f31c0, 0x000001724c9f35b8]
Event: 283.148 Thread 0x00000172543953b0 15344       1       org.springframework.boot.devtools.filewatch.FileSystemWatcher$Watcher::scan (63 bytes)
Event: 283.148 Thread 0x00000172543953b0 nmethod 15344 0x000001724c9f2a10 code [0x000001724c9f2c00, 0x000001724c9f2e20]
Event: 307.346 Thread 0x00000172543953b0 15346       1       java.net.NetworkInterface::isPointToPoint (12 bytes)
Event: 307.346 Thread 0x00000172543953b0 nmethod 15346 0x000001724c9f2290 code [0x000001724c9f2440, 0x000001724c9f2530]
Event: 307.352 Thread 0x00000172543953b0 15347       1       java.util.ArrayList$ListItr::hasPrevious (13 bytes)
Event: 307.352 Thread 0x00000172543953b0 nmethod 15347 0x000001724c9f1f90 code [0x000001724c9f2120, 0x000001724c9f21f8]
Event: 307.353 Thread 0x00000172543953b0 15349       1       java.util.LinkedHashMap::clear (15 bytes)
Event: 307.353 Thread 0x00000172543953b0 nmethod 15349 0x000001724c9f1810 code [0x000001724c9f19c0, 0x000001724c9f1b08]
Event: 307.356 Thread 0x00000172543953b0 15350       1       org.apache.catalina.core.ContainerBase::fireContainerEvent (69 bytes)

GC Heap History (20 events):
Event: 219.230 GC heap after
{Heap after GC invocations=41 (full 3):
 garbage-first heap   total 133120K, used 50365K [0x0000000084c00000, 0x0000000100000000)
  region size 1024K, 5 young (5120K), 5 survivors (5120K)
 Metaspace       used 88873K, committed 89792K, reserved 1179648K
  class space    used 12604K, committed 13056K, reserved 1048576K
}
Event: 220.968 GC heap before
{Heap before GC invocations=41 (full 3):
 garbage-first heap   total 133120K, used 98493K [0x0000000084c00000, 0x0000000100000000)
  region size 1024K, 53 young (54272K), 5 survivors (5120K)
 Metaspace       used 89118K, committed 90048K, reserved 1179648K
  class space    used 12628K, committed 13056K, reserved 1048576K
}
Event: 221.013 GC heap after
{Heap after GC invocations=42 (full 4):
 garbage-first heap   total 133120K, used 41540K [0x0000000084c00000, 0x0000000100000000)
  region size 1024K, 0 young (0K), 0 survivors (0K)
 Metaspace       used 89046K, committed 90048K, reserved 1179648K
  class space    used 12618K, committed 13056K, reserved 1048576K
}
Event: 221.633 GC heap before
{Heap before GC invocations=42 (full 4):
 garbage-first heap   total 133120K, used 112196K [0x0000000084c00000, 0x0000000100000000)
  region size 1024K, 70 young (71680K), 0 survivors (0K)
 Metaspace       used 89536K, committed 90496K, reserved 1179648K
  class space    used 12668K, committed 13120K, reserved 1048576K
}
Event: 221.637 GC heap after
{Heap after GC invocations=43 (full 4):
 garbage-first heap   total 184320K, used 47602K [0x0000000084c00000, 0x0000000100000000)
  region size 1024K, 6 young (6144K), 6 survivors (6144K)
 Metaspace       used 89536K, committed 90496K, reserved 1179648K
  class space    used 12668K, committed 13120K, reserved 1048576K
}
Event: 222.444 GC heap before
{Heap before GC invocations=44 (full 4):
 garbage-first heap   total 184320K, used 152050K [0x0000000084c00000, 0x0000000100000000)
  region size 1024K, 108 young (110592K), 6 survivors (6144K)
 Metaspace       used 90974K, committed 91968K, reserved 1179648K
  class space    used 12789K, committed 13248K, reserved 1048576K
}
Event: 222.450 GC heap after
{Heap after GC invocations=45 (full 4):
 garbage-first heap   total 184320K, used 52556K [0x0000000084c00000, 0x0000000100000000)
  region size 1024K, 11 young (11264K), 11 survivors (11264K)
 Metaspace       used 90974K, committed 91968K, reserved 1179648K
  class space    used 12789K, committed 13248K, reserved 1048576K
}
Event: 223.978 GC heap before
{Heap before GC invocations=45 (full 4):
 garbage-first heap   total 184320K, used 65868K [0x0000000084c00000, 0x0000000100000000)
  region size 1024K, 25 young (25600K), 11 survivors (11264K)
 Metaspace       used 90977K, committed 91968K, reserved 1179648K
  class space    used 12790K, committed 13248K, reserved 1048576K
}
Event: 224.027 GC heap after
{Heap after GC invocations=46 (full 5):
 garbage-first heap   total 147456K, used 42633K [0x0000000084c00000, 0x0000000100000000)
  region size 1024K, 0 young (0K), 0 survivors (0K)
 Metaspace       used 90905K, committed 91968K, reserved 1179648K
  class space    used 12780K, committed 13248K, reserved 1048576K
}
Event: 224.577 GC heap before
{Heap before GC invocations=46 (full 5):
 garbage-first heap   total 147456K, used 125577K [0x0000000084c00000, 0x0000000100000000)
  region size 1024K, 82 young (83968K), 0 survivors (0K)
 Metaspace       used 91490K, committed 92480K, reserved 1179648K
  class space    used 12840K, committed 13312K, reserved 1048576K
}
Event: 224.582 GC heap after
{Heap after GC invocations=47 (full 5):
 garbage-first heap   total 147456K, used 49662K [0x0000000084c00000, 0x0000000100000000)
  region size 1024K, 7 young (7168K), 7 survivors (7168K)
 Metaspace       used 91490K, committed 92480K, reserved 1179648K
  class space    used 12840K, committed 13312K, reserved 1048576K
}
Event: 225.121 GC heap before
{Heap before GC invocations=48 (full 5):
 garbage-first heap   total 147456K, used 128510K [0x0000000084c00000, 0x0000000100000000)
  region size 1024K, 84 young (86016K), 7 survivors (7168K)
 Metaspace       used 92831K, committed 93952K, reserved 1179648K
  class space    used 12953K, committed 13504K, reserved 1048576K
}
Event: 225.126 GC heap after
{Heap after GC invocations=49 (full 5):
 garbage-first heap   total 147456K, used 53415K [0x0000000084c00000, 0x0000000100000000)
  region size 1024K, 5 young (5120K), 5 survivors (5120K)
 Metaspace       used 92831K, committed 93952K, reserved 1179648K
  class space    used 12953K, committed 13504K, reserved 1048576K
}
Event: 227.723 GC heap before
{Heap before GC invocations=49 (full 5):
 garbage-first heap   total 147456K, used 79015K [0x0000000084c00000, 0x0000000100000000)
  region size 1024K, 31 young (31744K), 5 survivors (5120K)
 Metaspace       used 92835K, committed 93952K, reserved 1179648K
  class space    used 12954K, committed 13504K, reserved 1048576K
}
Event: 227.773 GC heap after
{Heap after GC invocations=50 (full 6):
 garbage-first heap   total 147456K, used 43737K [0x0000000084c00000, 0x0000000100000000)
  region size 1024K, 0 young (0K), 0 survivors (0K)
 Metaspace       used 92763K, committed 93952K, reserved 1179648K
  class space    used 12944K, committed 13504K, reserved 1048576K
}
Event: 228.374 GC heap before
{Heap before GC invocations=50 (full 6):
 garbage-first heap   total 147456K, used 125657K [0x0000000084c00000, 0x0000000100000000)
  region size 1024K, 81 young (82944K), 0 survivors (0K)
 Metaspace       used 93342K, committed 94400K, reserved 1179648K
  class space    used 13002K, committed 13504K, reserved 1048576K
}
Event: 228.379 GC heap after
{Heap after GC invocations=51 (full 6):
 garbage-first heap   total 147456K, used 49820K [0x0000000084c00000, 0x0000000100000000)
  region size 1024K, 6 young (6144K), 6 survivors (6144K)
 Metaspace       used 93342K, committed 94400K, reserved 1179648K
  class space    used 13002K, committed 13504K, reserved 1048576K
}
Event: 229.046 GC heap before
{Heap before GC invocations=52 (full 6):
 garbage-first heap   total 147456K, used 127644K [0x0000000084c00000, 0x0000000100000000)
  region size 1024K, 82 young (83968K), 6 survivors (6144K)
 Metaspace       used 94670K, committed 95744K, reserved 1179648K
  class space    used 13109K, committed 13632K, reserved 1048576K
}
Event: 229.056 GC heap after
{Heap after GC invocations=53 (full 6):
 garbage-first heap   total 147456K, used 54351K [0x0000000084c00000, 0x0000000100000000)
  region size 1024K, 5 young (5120K), 5 survivors (5120K)
 Metaspace       used 94670K, committed 95744K, reserved 1179648K
  class space    used 13109K, committed 13632K, reserved 1048576K
}
Event: 307.356 GC heap before
{Heap before GC invocations=53 (full 6):
 garbage-first heap   total 147456K, used 93263K [0x0000000084c00000, 0x0000000100000000)
  region size 1024K, 44 young (45056K), 5 survivors (5120K)
 Metaspace       used 94673K, committed 95744K, reserved 1179648K
  class space    used 13110K, committed 13632K, reserved 1048576K
}

Dll operation events (9 events):
Event: 0.008 Loaded shared library C:\Program Files\Java\jdk-21.0.10\bin\java.dll
Event: 0.067 Loaded shared library C:\Program Files\Java\jdk-21.0.10\bin\net.dll
Event: 0.068 Loaded shared library C:\Program Files\Java\jdk-21.0.10\bin\nio.dll
Event: 0.071 Loaded shared library C:\Program Files\Java\jdk-21.0.10\bin\zip.dll
Event: 0.151 Loaded shared library C:\Program Files\Java\jdk-21.0.10\bin\jimage.dll
Event: 0.357 Loaded shared library C:\Program Files\Java\jdk-21.0.10\bin\management.dll
Event: 0.364 Loaded shared library C:\Program Files\Java\jdk-21.0.10\bin\management_ext.dll
Event: 1.263 Loaded shared library C:\Program Files\Java\jdk-21.0.10\bin\sunmscapi.dll
Event: 7.528 Loaded shared library C:\Program Files\Java\jdk-21.0.10\bin\extnet.dll

Deoptimization events (4 events):
Event: 3.393 Thread 0x000001725955b180 DEOPT PACKING pc=0x000001724c31d1a4 sp=0x00000053fabf89a0
Event: 3.393 Thread 0x000001725955b180 DEOPT UNPACKING pc=0x000001724b9688e2 sp=0x00000053fabf7e80 mode 0
Event: 4.289 Thread 0x000001725955b180 DEOPT PACKING pc=0x000001724c479fdc sp=0x00000053fabf9190
Event: 4.289 Thread 0x000001725955b180 DEOPT UNPACKING pc=0x000001724b9688e2 sp=0x00000053fabf8628 mode 0

Classes loaded (20 events):
Event: 204.591 Loading class java/net/ProxySelector
Event: 204.591 Loading class java/net/ProxySelector done
Event: 204.592 Loading class sun/net/spi/DefaultProxySelector
Event: 204.593 Loading class sun/net/spi/DefaultProxySelector done
Event: 204.593 Loading class java/net/Proxy
Event: 204.593 Loading class java/net/Proxy done
Event: 204.593 Loading class java/net/Proxy$Type
Event: 204.594 Loading class java/net/Proxy$Type done
Event: 204.594 Loading class sun/net/spi/DefaultProxySelector$1
Event: 204.594 Loading class sun/net/spi/DefaultProxySelector$1 done
Event: 204.596 Loading class sun/net/spi/DefaultProxySelector$NonProxyInfo
Event: 204.596 Loading class sun/net/spi/DefaultProxySelector$NonProxyInfo done
Event: 204.596 Loading class sun/net/spi/DefaultProxySelector$3
Event: 204.596 Loading class sun/net/spi/DefaultProxySelector$3 done
Event: 204.806 Loading class java/lang/ref/Finalizer$2
Event: 204.806 Loading class java/lang/ref/Finalizer$2 done
Event: 204.806 Loading class java/lang/ref/Finalizer$1
Event: 204.807 Loading class java/lang/ref/Finalizer$1 done
Event: 206.224 Loading class java/time/DurationEditor
Event: 206.224 Loading class java/time/DurationEditor done

Classes unloaded (20 events):
Event: 223.996 Thread 0x000001725433cef0 Unloading class 0x0000017201c9c340 'org/apache/catalina/loader/JdbcLeakPrevention'
Event: 223.996 Thread 0x000001725433cef0 Unloading class 0x0000017201c9c000 'jdk/proxy11/$Proxy209'
Event: 227.741 Thread 0x000001725433cef0 Unloading class 0x0000017201d18c00 'jdk/internal/reflect/GeneratedSerializationConstructorAccessor96'
Event: 227.741 Thread 0x000001725433cef0 Unloading class 0x0000017201d18800 'jdk/internal/reflect/GeneratedSerializationConstructorAccessor95'
Event: 227.741 Thread 0x000001725433cef0 Unloading class 0x0000017201d18400 'jdk/internal/reflect/GeneratedSerializationConstructorAccessor94'
Event: 227.741 Thread 0x000001725433cef0 Unloading class 0x0000017201d18000 'jdk/internal/reflect/GeneratedSerializationConstructorAccessor93'
Event: 227.741 Thread 0x000001725433cef0 Unloading class 0x0000017201d13c00 'jdk/internal/reflect/GeneratedSerializationConstructorAccessor92'
Event: 227.741 Thread 0x000001725433cef0 Unloading class 0x0000017201d13800 'jdk/internal/reflect/GeneratedSerializationConstructorAccessor91'
Event: 227.741 Thread 0x000001725433cef0 Unloading class 0x0000017201d13400 'jdk/internal/reflect/GeneratedSerializationConstructorAccessor90'
Event: 227.741 Thread 0x000001725433cef0 Unloading class 0x0000017201d12c00 'jdk/internal/reflect/GeneratedSerializationConstructorAccessor89'
Event: 227.741 Thread 0x000001725433cef0 Unloading class 0x0000017201d12800 'jdk/internal/reflect/GeneratedSerializationConstructorAccessor88'
Event: 227.741 Thread 0x000001725433cef0 Unloading class 0x0000017201d12400 'jdk/internal/reflect/GeneratedSerializationConstructorAccessor87'
Event: 227.741 Thread 0x000001725433cef0 Unloading class 0x0000017201d11800 'jdk/internal/reflect/GeneratedSerializationConstructorAccessor86'
Event: 227.741 Thread 0x000001725433cef0 Unloading class 0x0000017201d09c00 'jdk/internal/reflect/GeneratedSerializationConstructorAccessor85'
Event: 227.741 Thread 0x000001725433cef0 Unloading class 0x0000017201d09800 'jdk/internal/reflect/GeneratedSerializationConstructorAccessor84'
Event: 227.741 Thread 0x000001725433cef0 Unloading class 0x0000017201d05c00 'jdk/internal/reflect/GeneratedSerializationConstructorAccessor83'
Event: 227.741 Thread 0x000001725433cef0 Unloading class 0x0000017201d04400 'jdk/internal/reflect/GeneratedSerializationConstructorAccessor82'
Event: 227.741 Thread 0x000001725433cef0 Unloading class 0x0000017201d04000 'jdk/internal/reflect/GeneratedSerializationConstructorAccessor81'
Event: 227.741 Thread 0x000001725433cef0 Unloading class 0x0000017201ccc340 'org/apache/catalina/loader/JdbcLeakPrevention'
Event: 227.741 Thread 0x000001725433cef0 Unloading class 0x0000017201ccc000 'jdk/proxy13/$Proxy223'

Classes redefined (0 events):
No events

Internal exceptions (20 events):
Event: 224.035 Thread 0x000001725bf52520 Exception <a 'sun/nio/fs/WindowsException'{0x000000008db9d658}> (0x000000008db9d658) 
thrown [s\open\src\hotspot\share\prims\jni.cpp, line 520]
Event: 224.331 Thread 0x000001725bf52520 Exception <a 'java/lang/NoClassDefFoundError'{0x000000008b6e4fb8}: org/flywaydb/core/Flyway> (0x000000008b6e4fb8) 
thrown [s\open\src\hotspot\share\oops\constantPool.cpp, line 873]
Event: 224.331 Thread 0x000001725bf52520 Exception <a 'java/lang/NoClassDefFoundError'{0x000000008b6e5618}: liquibase/integration/spring/SpringLiquibase> (0x000000008b6e5618) 
thrown [s\open\src\hotspot\share\oops\constantPool.cpp, line 873]
Event: 224.333 Thread 0x000001725bf52520 Exception <a 'java/lang/NoClassDefFoundError'{0x000000008b52bf50}: org/jooq/DSLContext> (0x000000008b52bf50) 
thrown [s\open\src\hotspot\share\oops\constantPool.cpp, line 873]
Event: 224.337 Thread 0x000001725bf52520 Exception <a 'java/lang/NoClassDefFoundError'{0x000000008b5b8a38}: org/springframework/batch/core/repository/JobRepository> (0x000000008b5b8a38) 
thrown [s\open\src\hotspot\share\oops\constantPool.cpp, line 873]
Event: 224.337 Thread 0x000001725bf52520 Exception <a 'java/lang/NoClassDefFoundError'{0x000000008b5b9090}: org/quartz/Scheduler> (0x000000008b5b9090) 
thrown [s\open\src\hotspot\share\oops\constantPool.cpp, line 873]
Event: 224.337 Thread 0x000001725bf52520 Exception <a 'java/lang/NoClassDefFoundError'{0x000000008b5b9710}: org/springframework/session/jdbc/JdbcIndexedSessionRepository> (0x000000008b5b9710) 
thrown [s\open\src\hotspot\share\oops\constantPool.cpp, line 873]
Event: 224.390 Thread 0x000001725bf52520 Exception <a 'java/io/FileNotFoundException'{0x000000008ab31a50}> (0x000000008ab31a50) 
thrown [s\open\src\hotspot\share\prims\jni.cpp, line 520]
Event: 224.665 Thread 0x000001725bf52520 Exception <a 'java/io/FileNotFoundException'{0x000000008d387b38}> (0x000000008d387b38) 
thrown [s\open\src\hotspot\share\prims\jni.cpp, line 520]
Event: 227.723 Thread 0x000001725bf4f0a0 Exception <a 'java/lang/InterruptedException'{0x000000008c285458}: sleep interrupted> (0x000000008c285458) 
thrown [s\open\src\hotspot\share\prims\jvm.cpp, line 3074]
Event: 227.781 Thread 0x000001725b1fcaa0 Exception <a 'sun/nio/fs/WindowsException'{0x000000008db8cf90}> (0x000000008db8cf90) 
thrown [s\open\src\hotspot\share\prims\jni.cpp, line 520]
Event: 228.103 Thread 0x000001725b1fcaa0 Exception <a 'java/lang/NoClassDefFoundError'{0x000000008b6c1a90}: org/flywaydb/core/Flyway> (0x000000008b6c1a90) 
thrown [s\open\src\hotspot\share\oops\constantPool.cpp, line 873]
Event: 228.103 Thread 0x000001725b1fcaa0 Exception <a 'java/lang/NoClassDefFoundError'{0x000000008b6c20f0}: liquibase/integration/spring/SpringLiquibase> (0x000000008b6c20f0) 
thrown [s\open\src\hotspot\share\oops\constantPool.cpp, line 873]
Event: 228.105 Thread 0x000001725b1fcaa0 Exception <a 'java/lang/NoClassDefFoundError'{0x000000008b5089f0}: org/jooq/DSLContext> (0x000000008b5089f0) 
thrown [s\open\src\hotspot\share\oops\constantPool.cpp, line 873]
Event: 228.109 Thread 0x000001725b1fcaa0 Exception <a 'java/lang/NoClassDefFoundError'{0x000000008b596008}: org/springframework/batch/core/repository/JobRepository> (0x000000008b596008) 
thrown [s\open\src\hotspot\share\oops\constantPool.cpp, line 873]
Event: 228.109 Thread 0x000001725b1fcaa0 Exception <a 'java/lang/NoClassDefFoundError'{0x000000008b596660}: org/quartz/Scheduler> (0x000000008b596660) 
thrown [s\open\src\hotspot\share\oops\constantPool.cpp, line 873]
Event: 228.109 Thread 0x000001725b1fcaa0 Exception <a 'java/lang/NoClassDefFoundError'{0x000000008b596ce0}: org/springframework/session/jdbc/JdbcIndexedSessionRepository> (0x000000008b596ce0) 
thrown [s\open\src\hotspot\share\oops\constantPool.cpp, line 873]
Event: 228.173 Thread 0x000001725b1fcaa0 Exception <a 'java/io/FileNotFoundException'{0x000000008ab07cf0}> (0x000000008ab07cf0) 
thrown [s\open\src\hotspot\share\prims\jni.cpp, line 520]
Event: 228.460 Thread 0x000001725b1fcaa0 Exception <a 'java/io/FileNotFoundException'{0x000000008d252718}> (0x000000008d252718) 
thrown [s\open\src\hotspot\share\prims\jni.cpp, line 520]
Event: 307.356 Thread 0x000001725b1fe4e0 Exception <a 'java/lang/InterruptedException'{0x000000008b57ca00}: sleep interrupted> (0x000000008b57ca00) 
thrown [s\open\src\hotspot\share\prims\jvm.cpp, line 3074]

ZGC Phase Switch (0 events):
No events

VM Operations (20 events):
Event: 225.126 Executing VM operation: G1CollectForAllocation (G1 Evacuation Pause) done
Event: 227.723 Executing VM operation: G1CollectFull (System.gc())
Event: 227.773 Executing VM operation: G1CollectFull (System.gc()) done
Event: 228.374 Executing VM operation: G1CollectForAllocation (G1 Evacuation Pause)
Event: 228.379 Executing VM operation: G1CollectForAllocation (G1 Evacuation Pause) done
Event: 228.421 Executing VM operation: G1PauseRemark
Event: 228.426 Executing VM operation: G1PauseRemark done
Event: 228.436 Executing VM operation: G1PauseCleanup
Event: 228.437 Executing VM operation: G1PauseCleanup done
Event: 229.046 Executing VM operation: G1CollectForAllocation (G1 Evacuation Pause)
Event: 229.056 Executing VM operation: G1CollectForAllocation (G1 Evacuation Pause) done
Event: 231.056 Executing VM operation: Cleanup
Event: 231.056 Executing VM operation: Cleanup done
Event: 239.061 Executing VM operation: Cleanup
Event: 239.061 Executing VM operation: Cleanup done
Event: 240.523 Executing VM operation: HandshakeAllThreads (HandshakeForDeflation)
Event: 240.523 Executing VM operation: HandshakeAllThreads (HandshakeForDeflation) done
Event: 240.523 Executing VM operation: RendezvousGCThreads
Event: 240.523 Executing VM operation: RendezvousGCThreads done
Event: 307.356 Executing VM operation: G1CollectFull (System.gc())

Events (20 events):
Event: 307.348 Thread 0x000001725bf51170 Thread exited: 0x000001725bf51170
Event: 307.348 Thread 0x000001725bf4f730 Thread exited: 0x000001725bf4f730
Event: 307.349 Thread 0x000001725bf545f0 Thread exited: 0x000001725bf545f0
Event: 307.349 Thread 0x000001725bf51800 Thread exited: 0x000001725bf51800
Event: 307.349 Thread 0x000001725bf538d0 Thread exited: 0x000001725bf538d0
Event: 307.349 Thread 0x000001725bf52520 Thread exited: 0x000001725bf52520
Event: 307.349 Thread 0x000001725bf53240 Thread exited: 0x000001725bf53240
Event: 307.349 Thread 0x000001725bf50ae0 Thread exited: 0x000001725bf50ae0
Event: 307.349 Thread 0x000001725bf53f60 Thread exited: 0x000001725bf53f60
Event: 307.349 Thread 0x000001725bf50450 Thread exited: 0x000001725bf50450
Event: 307.349 Thread 0x000001725bf56030 Thread exited: 0x000001725bf56030
Event: 307.349 Thread 0x000001725bf51e90 Thread exited: 0x000001725bf51e90
Event: 307.350 Thread 0x000001725bf54c80 Thread exited: 0x000001725bf54c80
Event: 307.350 Thread 0x000001725bf55310 Thread exited: 0x000001725bf55310
Event: 307.352 Thread 0x000001725bf53f60 Thread added: 0x000001725bf53f60
Event: 307.353 Thread 0x000001725b1fc410 Thread exited: 0x000001725b1fc410
Event: 307.353 Thread 0x000001725bf53f60 Thread exited: 0x000001725bf53f60
Event: 307.356 Thread 0x000001725b1fd7c0 Thread exited: 0x000001725b1fd7c0
Event: 307.356 Thread 0x000001725b1fe4e0 Thread exited: 0x000001725b1fe4e0
Event: 307.356 Thread 0x000001725b1fb060 Thread exited: 0x000001725b1fb060


Dynamic libraries:
0x00007ff7453b0000 - 0x00007ff7453c0000 	C:\Program Files\Java\jdk-21.0.10\bin\java.exe
0x00007ffc8a8b0000 - 0x00007ffc8aac7000 	C:\WINDOWS\SYSTEM32\ntdll.dll
0x00007ffc895e0000 - 0x00007ffc896a4000 	C:\WINDOWS\System32\KERNEL32.DLL
0x00007ffc87ce0000 - 0x00007ffc880b2000 	C:\WINDOWS\System32\KERNELBASE.dll
0x00007ffc87b90000 - 0x00007ffc87ca1000 	C:\WINDOWS\System32\ucrtbase.dll
0x00007ffc7d720000 - 0x00007ffc7d73e000 	C:\Program Files\Java\jdk-21.0.10\bin\VCRUNTIME140.dll
0x00007ffc7d660000 - 0x00007ffc7d679000 	C:\Program Files\Java\jdk-21.0.10\bin\jli.dll
0x00007ffc8a7b0000 - 0x00007ffc8a861000 	C:\WINDOWS\System32\ADVAPI32.dll
0x00007ffc88650000 - 0x00007ffc886f7000 	C:\WINDOWS\System32\msvcrt.dll
0x00007ffc88970000 - 0x00007ffc88a18000 	C:\WINDOWS\System32\sechost.dll
0x00007ffc87cb0000 - 0x00007ffc87cd8000 	C:\WINDOWS\System32\bcrypt.dll
0x00007ffc88850000 - 0x00007ffc88964000 	C:\WINDOWS\System32\RPCRT4.dll
0x00007ffc896b0000 - 0x00007ffc89861000 	C:\WINDOWS\System32\USER32.dll
0x00007ffc880c0000 - 0x00007ffc880e6000 	C:\WINDOWS\System32\win32u.dll
0x00007ffc71500000 - 0x00007ffc7179b000 	C:\WINDOWS\WinSxS\amd64_microsoft.windows.common-controls_6595b64144ccf1df_6.0.22621.5547_none_27104afb73855772\COMCTL32.dll
0x00007ffc88540000 - 0x00007ffc88569000 	C:\WINDOWS\System32\GDI32.dll
0x00007ffc882d0000 - 0x00007ffc883f3000 	C:\WINDOWS\System32\gdi32full.dll
0x00007ffc88230000 - 0x00007ffc882ca000 	C:\WINDOWS\System32\msvcp_win.dll
0x00007ffc831a0000 - 0x00007ffc831aa000 	C:\WINDOWS\SYSTEM32\VERSION.dll
0x00007ffc88570000 - 0x00007ffc885a1000 	C:\WINDOWS\System32\IMM32.DLL
0x00007ffc821c0000 - 0x00007ffc821cc000 	C:\Program Files\Java\jdk-21.0.10\bin\vcruntime140_1.dll
0x00007ffc4fed0000 - 0x00007ffc4ff5d000 	C:\Program Files\Java\jdk-21.0.10\bin\msvcp140.dll
0x00007ffbd4980000 - 0x00007ffbd56a7000 	C:\Program Files\Java\jdk-21.0.10\bin\server\jvm.dll
0x00007ffc89870000 - 0x00007ffc898e1000 	C:\WINDOWS\System32\WS2_32.dll
0x00007ffc87210000 - 0x00007ffc8725d000 	C:\WINDOWS\SYSTEM32\POWRPROF.dll
0x00007ffc82f70000 - 0x00007ffc82fa4000 	C:\WINDOWS\SYSTEM32\WINMM.dll
0x00007ffc871f0000 - 0x00007ffc87203000 	C:\WINDOWS\SYSTEM32\UMPDC.dll
0x00007ffc869d0000 - 0x00007ffc869e8000 	C:\WINDOWS\SYSTEM32\kernel.appcore.dll
0x00007ffc80f80000 - 0x00007ffc80f8a000 	C:\Program Files\Java\jdk-21.0.10\bin\jimage.dll
0x00007ffc84fb0000 - 0x00007ffc851e3000 	C:\WINDOWS\SYSTEM32\DBGHELP.DLL
0x00007ffc8a3c0000 - 0x00007ffc8a753000 	C:\WINDOWS\System32\combase.dll
0x00007ffc89900000 - 0x00007ffc899d7000 	C:\WINDOWS\System32\OLEAUT32.dll
0x00007ffc686d0000 - 0x00007ffc68702000 	C:\WINDOWS\SYSTEM32\dbgcore.DLL
0x00007ffc879a0000 - 0x00007ffc87a1b000 	C:\WINDOWS\System32\bcryptPrimitives.dll
0x00007ffc72330000 - 0x00007ffc72351000 	C:\Program Files\Java\jdk-21.0.10\bin\java.dll
0x00007ffc88d30000 - 0x00007ffc895d2000 	C:\WINDOWS\System32\SHELL32.dll
0x00007ffc88400000 - 0x00007ffc8853f000 	C:\WINDOWS\System32\wintypes.dll
0x00007ffc85880000 - 0x00007ffc8619d000 	C:\WINDOWS\SYSTEM32\windows.storage.dll
0x00007ffc8a130000 - 0x00007ffc8a23c000 	C:\WINDOWS\System32\SHCORE.dll
0x00007ffc887e0000 - 0x00007ffc88849000 	C:\WINDOWS\System32\shlwapi.dll
0x00007ffc878d0000 - 0x00007ffc878fb000 	C:\WINDOWS\SYSTEM32\profapi.dll
0x00007ffc7d4b0000 - 0x00007ffc7d4c1000 	C:\Program Files\Java\jdk-21.0.10\bin\net.dll
0x00007ffc840c0000 - 0x00007ffc841ec000 	C:\WINDOWS\SYSTEM32\WINHTTP.dll
0x00007ffc86e50000 - 0x00007ffc86eb9000 	C:\WINDOWS\system32\mswsock.dll
0x00007ffc72310000 - 0x00007ffc72326000 	C:\Program Files\Java\jdk-21.0.10\bin\nio.dll
0x00007ffc70b50000 - 0x00007ffc70b68000 	C:\Program Files\Java\jdk-21.0.10\bin\zip.dll
0x00007ffc7d710000 - 0x00007ffc7d71a000 	C:\Program Files\Java\jdk-21.0.10\bin\management.dll
0x00007ffc7d6e0000 - 0x00007ffc7d6ec000 	C:\Program Files\Java\jdk-21.0.10\bin\management_ext.dll
0x00007ffc89b80000 - 0x00007ffc89b88000 	C:\WINDOWS\System32\PSAPI.DLL
0x00007ffc7d650000 - 0x00007ffc7d65e000 	C:\Program Files\Java\jdk-21.0.10\bin\sunmscapi.dll
0x00007ffc87a20000 - 0x00007ffc87b87000 	C:\WINDOWS\System32\CRYPT32.dll
0x00007ffc87350000 - 0x00007ffc8737d000 	C:\WINDOWS\SYSTEM32\ncrypt.dll
0x00007ffc87310000 - 0x00007ffc87347000 	C:\WINDOWS\SYSTEM32\NTASN1.dll
0x00007ffc87110000 - 0x00007ffc8712b000 	C:\WINDOWS\SYSTEM32\CRYPTSP.dll
0x00007ffc86930000 - 0x00007ffc86967000 	C:\WINDOWS\system32\rsaenh.dll
0x00007ffc86fb0000 - 0x00007ffc86fd8000 	C:\WINDOWS\SYSTEM32\USERENV.dll
0x00007ffc87130000 - 0x00007ffc8713c000 	C:\WINDOWS\SYSTEM32\CRYPTBASE.dll
0x00007ffc863f0000 - 0x00007ffc8641d000 	C:\WINDOWS\SYSTEM32\IPHLPAPI.DLL
0x00007ffc898f0000 - 0x00007ffc898f9000 	C:\WINDOWS\System32\NSI.dll
0x00007ffc7d5b0000 - 0x00007ffc7d5b9000 	C:\Program Files\Java\jdk-21.0.10\bin\extnet.dll
0x00007ffc83d40000 - 0x00007ffc83d48000 	C:\WINDOWS\system32\wshunix.dll

dbghelp: loaded successfully - version: 4.0.5 - missing functions: none
symbol engine: initialized successfully - sym options: 0x614 - pdb path: .;C:\Program Files\Java\jdk-21.0.10\bin;C:\WINDOWS\SYSTEM32;C:\WINDOWS\WinSxS\amd64_microsoft.windows.common-controls_6595b64144ccf1df_6.0.22621.5547_none_27104afb73855772;C:\Program Files\Java\jdk-21.0.10\bin\server

VM Arguments:
jvm_args: -XX:TieredStopAtLevel=1 
java_command: com.tcs.Library.LibraryApplication
java_class_path (initial): C:\Users\kanhiya\OneDrive\Desktop\final-pro\Library-Management-System\target\classes;C:\Users\kanhiya\.m2\repository\ch\qos\logback\logback-classic\1.5.22\logback-classic-1.5.22.jar;C:\Users\kanhiya\.m2\repository\ch\qos\logback\logback-core\1.5.22\logback-core-1.5.22.jar;C:\Users\kanhiya\.m2\repository\org\apache\logging\log4j\log4j-to-slf4j\2.24.3\log4j-to-slf4j-2.24.3.jar;C:\Users\kanhiya\.m2\repository\org\apache\logging\log4j\log4j-api\2.24.3\log4j-api-2.24.3.jar;C:\Users\kanhiya\.m2\repository\org\slf4j\jul-to-slf4j\2.0.17\jul-to-slf4j-2.0.17.jar;C:\Users\kanhiya\.m2\repository\jakarta\annotation\jakarta.annotation-api\2.1.1\jakarta.annotation-api-2.1.1.jar;C:\Users\kanhiya\.m2\repository\org\yaml\snakeyaml\2.4\snakeyaml-2.4.jar;C:\Users\kanhiya\.m2\repository\com\zaxxer\HikariCP\6.3.3\HikariCP-6.3.3.jar;C:\Users\kanhiya\.m2\repository\org\springframework\spring-jdbc\6.2.15\spring-jdbc-6.2.15.jar;C:\Users\kanhiya\.m2\repository\org\hibernate\orm\hibernate-core\6.6.39.Final\hibernate-core-6.6.39.Final.jar;C:\Users\kanhiya\.m2\repository\jakarta\persistence\jakarta.persistence-api\3.1.0\jakarta.persistence-api-3.1.0.jar;C:\Users\kanhiya\.m2\repository\jakarta\transaction\jakarta.transaction-api\2.0.1\jakarta.transaction-api-2.0.1.jar;C:\Users\kanhiya\.m2\repository\org\jboss\logging\jboss-logging\3.6.1.Final\jboss-logging-3.6.1.Final.jar;C:\Users\kanhiya\.m2\repository\org\hibernate\common\hibernate-commons-annotations\7.0.3.Final\hibernate-commons-annotations-7.0.3.Final.jar;C:\Users\kanhiya\.m2\repository\io\smallrye\jandex\3.2.0\jandex-3.2.0.jar;C:\Users\kanhiya\.m2\repository\com\fasterxml\classmate\1.7.1\classmate-1.7.1.jar;C:\Users\kanhiya\.m2\repository\net\bytebuddy\byte-buddy\1.17.8\byte-buddy-1.17.8.jar;C:\Users\kanhiya\.m2\repository\org\glassfish\jaxb\jaxb-runtime\4.0.6\jaxb-runtime-4.0.6.jar;C:\Users\kanhiya\.m2\repository\org\glassfish\jaxb\jaxb-core\4.0.6\jaxb-core-4.0.6.jar;C:\Users\kanhiya\.m2\repository\org\eclipse\angus\angus-activation\2.0.3\angus-activation-2.0.3.jar;C:\Users\kanhiya\.m2\repository\org\glassfish\jaxb\txw2\4.0.6\txw2-4.0.6.jar;C:\Users\kanhiya\.m2\repository\com\sun\istack\istack-commons-runtime\4.1.2\istack-commons-runtime-4.1.2.jar;C:\Users\kanhiya\.m2\repository\jakarta\inject\jakarta.inject-api\2.0.1\jakarta.inject-api-2.0.1.jar;C:\Users\kanhiya\.m2\repository\org\antlr\antlr4-runtime\4.13.0\antlr4-runtime-4.13.0.jar;C:\Users\kanhiya\.m2\repository\org\springframework\data\spring-data-jpa\3.5.7\spring-data-jpa-3.5.7.jar;C:\Users\kanhiya\.m2\repository\org\springframework\data\spring-data-commons\3.5.7\spring-data-commons-3.5.7.jar;C:\Users\kanhiya\.m2\repository\org\springframework\spring-orm\6.2.15\spring-orm-6.2.15.jar;C:\Users\kanhiya\.m2\repository\org\springframework\spring-context\6.2.15\spring-context-6.2.15.jar;C:\Users\kanhiya\.m2\repository\org\springframework\spring-tx\6.2.15\spring-tx-6.2.15.jar;C:\Users\kanhiya\.m2\repository\org\springframework\spring-beans\6.2.15\spring-beans-6.2.15.jar;C:\Users\kanhiya\.m2\repository\org\springframework\spring-aspects\6.2.15\spring-aspects-6.2.15.jar;C:\Users\kanhiya\.m2\repository\org\aspectj\aspectjweaver\1.9.25.1\aspectjweaver-1.9.25.1.jar;C:\Users\kanhiya\.m2\repository\com\fasterxml\jackson\datatype\jackson-datatype-jdk8\2.19.4\jackson-datatype-jdk8-2.19.4.jar;C:\Users\kanhiya\.m2\repository\com\fasterxml\jackson\datatype\jackson-datatype-jsr310\2.19.4\jackson-datatype-jsr310-2.19.4.jar;C:\Users\kanhiya\.m2\repository\com\fasterxml\jackson\module\jackson-module-parameter-names\2.19.4\jackson-module-parameter-names-2.19.4.jar;C:\Users\kanhiya\.m2\repository\org\apache\tomcat\embed\tomcat-embed-core\10.1.50\tomcat-embed-core-10.1.50.jar;C:\Users\kanhiya\.m2\repository\org\apache\tomcat\embed\tomcat-embed-websocket\10.1.50\tomcat-embed-websocket-10.1.50.jar;C:\Users\kanhiya\.m2\repository\org\springframework\spring-web\6.2.15\spring-web-6.2.15.jar;C:\Users\kanhiya\.m2\repository\io\micrometer\micrometer-observation\1.15.7\micrometer-observation-1.15.7.jar;C:\Users\kanhiya\.m2\repository\io\micrometer\micrometer-commons\1.15.7\micrometer-commons-1.15.7.jar;C:\Users\kanhiya\.m2\repository\org\springframework\spring-webmvc\6.2.15\spring-webmvc-6.2.15.jar;C:\Users\kanhiya\.m2\repository\org\springframework\spring-expression\6.2.15\spring-expression-6.2.15.jar;C:\Users\kanhiya\.m2\repository\org\springframework\spring-aop\6.2.15\spring-aop-6.2.15.jar;C:\Users\kanhiya\.m2\repository\org\springframework\security\spring-security-config\6.5.7\spring-security-config-6.5.7.jar;C:\Users\kanhiya\.m2\repository\org\springframework\security\spring-security-web\6.5.7\spring-security-web-6.5.7.jar;C:\Users\kanhiya\.m2\repository\org\apache\tomcat\embed\tomcat-embed-el\10.1.50\tomcat-embed-el-10.1.50.jar;C:\Users\kanhiya\.m2\repository\org\hibernate\validator\hibernate-validator\8.0.3.Final\hibernate-validator-8.0.3.Final.jar;C:\Users\kanhiya\.m2\repository\jakarta\validation\jakarta.validation-api\3.0.2\jakarta.validation-api-3.0.2.jar;C:\Users\kanhiya\.m2\repository\org\springframework\boot\spring-boot-devtools\3.5.9\spring-boot-devtools-3.5.9.jar;C:\Users\kanhiya\.m2\repository\org\springframework\boot\spring-boot\3.5.9\spring-boot-3.5.9.jar;C:\Users\kanhiya\.m2\repository\org\springframework\boot\spring-boot-autoconfigure\3.5.9\spring-boot-autoconfigure-3.5.9.jar;C:\Users\kanhiya\.m2\repository\com\h2database\h2\2.3.232\h2-2.3.232.jar;C:\Users\kanhiya\.m2\repository\com\fasterxml\uuid\java-uuid-generator\5.0.0\java-uuid-generator-5.0.0.jar;C:\Users\kanhiya\.m2\repository\org\slf4j\slf4j-api\2.0.17\slf4j-api-2.0.17.jar;C:\Users\kanhiya\.m2\repository\io\jsonwebtoken\jjwt-api\0.12.3\jjwt-api-0.12.3.jar;C:\Users\kanhiya\.m2\repository\io\jsonwebtoken\jjwt-impl\0.12.3\jjwt-impl-0.12.3.jar;C:\Users\kanhiya\.m2\repository\io\jsonwebtoken\jjwt-jackson\0.12.3\jjwt-jackson-0.12.3.jar;C:\Users\kanhiya\.m2\repository\com\fasterxml\jackson\core\jackson-databind\2.19.4\jackson-databind-2.19.4.jar;C:\Users\kanhiya\.m2\repository\com\fasterxml\jackson\core\jackson-annotations\2.19.4\jackson-annotations-2.19.4.jar;C:\Users\kanhiya\.m2\repository\com\fasterxml\jackson\core\jackson-core\2.19.4\jackson-core-2.19.4.jar;C:\Users\kanhiya\.m2\repository\jakarta\xml\bind\jakarta.xml.bind-api\4.0.4\jakarta.xml.bind-api-4.0.4.jar;C:\Users\kanhiya\.m2\repository\jakarta\activation\jakarta.activation-api\2.1.4\jakarta.activation-api-2.1.4.jar;C:\Users\kanhiya\.m2\repository\org\springframework\spring-core\6.2.15\spring-core-6.2.15.jar;C:\Users\kanhiya\.m2\repository\org\springframework\spring-jcl\6.2.15\spring-jcl-6.2.15.jar;C:\Users\kanhiya\.m2\repository\org\springframework\security\spring-security-core\6.5.7\spring-security-core-6.5.7.jar;C:\Users\kanhiya\.m2\repository\org\springframework\security\spring-security-crypto\6.5.7\spring-security-crypto-6.5.7.jar
Launcher Type: SUN_STANDARD

[Global flags]
     intx CICompilerCount                          = 4                                         {product} {ergonomic}
     uint ConcGCThreads                            = 2                                         {product} {ergonomic}
     uint G1ConcRefinementThreads                  = 8                                         {product} {ergonomic}
   size_t G1HeapRegionSize                         = 1048576                                   {product} {ergonomic}
    uintx GCDrainStackTargetSize                   = 64                                        {product} {ergonomic}
   size_t InitialHeapSize                          = 130023424                                 {product} {ergonomic}
   size_t MarkStackSize                            = 4194304                                   {product} {ergonomic}
   size_t MaxHeapSize                              = 2067791872                                {product} {ergonomic}
   size_t MaxNewSize                               = 1240465408                                {product} {ergonomic}
   size_t MinHeapDeltaBytes                        = 1048576                                   {product} {ergonomic}
   size_t MinHeapSize                              = 8388608                                   {product} {ergonomic}
    uintx NonNMethodCodeHeapSize                   = 4096                                   {pd product} {ergonomic}
    uintx NonProfiledCodeHeapSize                  = 0                                      {pd product} {ergonomic}
     bool ProfileInterpreter                       = false                                  {pd product} {command line}
    uintx ProfiledCodeHeapSize                     = 0                                      {pd product} {ergonomic}
   size_t SoftMaxHeapSize                          = 2067791872                             {manageable} {ergonomic}
     intx TieredStopAtLevel                        = 1                                         {product} {command line}
     bool UseCompressedOops                        = true                           {product lp64_product} {ergonomic}
     bool UseG1GC                                  = true                                      {product} {ergonomic}
     bool UseLargePagesIndividualAllocation        = false                                  {pd product} {ergonomic}

Logging:
Log output configuration:
 #0: stdout all=warning uptime,level,tags foldmultilines=false
 #1: stderr all=off uptime,level,tags foldmultilines=false

Environment Variables:
PATH=C:\Program Files\Common Files\Oracle\Java\javapath;C:\Python312\Scripts\;C:\Python312\;C:\WINDOWS\system32;C:\WINDOWS;C:\WINDOWS\System32\Wbem;C:\WINDOWS\System32\WindowsPowerShell\v1.0\;C:\WINDOWS\System32\OpenSSH\;C:\ProgramData\chocolatey\bin;C:\Program Files\MongoDB\Server\6.0\bin;C:\Program Files\mongosh-1.5.4-win32-x64\bin;C:\Program Files\Git\cmd;C:\Program Files\MongoDB\Tools\100\bin;C:\Users\kanhiya\AppData\Roaming\nvm;C:\Program Files\nodejs;C:\Program Files\Python312;'C:\Users\kanhiya\AppData\Roaming\Python\Python312\Scripts;C:\Program Files\WireGuard\;C:\Users\kanhiya\AppData\Local\Microsoft\WindowsApps;C:\Users\kanhiya\AppData\Roaming\nvm;C:\Program Files\nodejs;C:\Users\kanhiya\AppData\Roaming\nvm;C:\Program Files\Python312\Scripts\;C:\Program Files\Go;C:\Users\kanhiya\AppData\Local\Programs\Antigravity\bin;C:\Users\kanhiya\AppData\Local\Programs\cursor\resources\app\bin;C:\Users\kanhiya\AppData\Local\Programs\Microsoft VS Code\bin;c:\Users\kanhiya\.antigravity\extensions\vscjava.vscode-java-debug-0.58.5-universal\bundled\scripts\noConfigScripts
USERNAME=kanhiya
LANG=en_US.UTF-8
OS=Windows_NT
PROCESSOR_IDENTIFIER=Intel64 Family 6 Model 140 Stepping 1, GenuineIntel
TMP=C:\Users\kanhiya\AppData\Local\Temp
TEMP=C:\Users\kanhiya\AppData\Local\Temp




Periodic native trim disabled

---------------  S Y S T E M  ---------------

OS:
 Windows 11 , 64 bit Build 22621 (10.0.22621.5415)
OS uptime: 1 days 12:30 hours
Hyper-V role detected

CPU: total 8 (initial active 8) (4 cores per cpu, 2 threads per core) family 6 model 140 stepping 1 microcode 0xa4, cx8, cmov, fxsr, ht, mmx, 3dnowpref, sse, sse2, sse3, ssse3, sse4.1, sse4.2, popcnt, lzcnt, tsc, tscinvbit, avx, avx2, aes, erms, clmul, bmi1, bmi2, adx, avx512f, avx512dq, avx512cd, avx512bw, avx512vl, sha, fma, vzeroupper, avx512_vpopcntdq, avx512_vpclmulqdq, avx512_vaes, avx512_vnni, clflush, clflushopt, clwb, avx512_vbmi2, avx512_vbmi, hv, rdtscp, rdpid, fsrm, gfni, avx512_bitalg, f16c, cet_ibt, cet_ss, avx512_ifma
Processor Information for all 8 processors :
  Max Mhz: 2419, Current Mhz: 2419, Mhz Limit: 2419

Memory: 4k page, system-wide physical 7886M (209M free)
TotalPageFile size 20776M (AvailPageFile size 1M)
current process WorkingSet (physical memory assigned to process): 327M, peak: 407M
current process commit charge ("private bytes"): 390M, peak: 483M

vm_info: Java HotSpot(TM) 64-Bit Server VM (21.0.10+8-LTS-217) for windows-amd64 JRE (21.0.10+8-LTS-217), built on 2025-12-18T14:59:28Z by "mach5run" with MS VC++ 17.13 (VS2022)

END.
